2018-03-08T20:00:22+00:00 CRITICAL Uncaught Symfony\Component\Debug\Exception\FatalThrowableError: Parse error: syntax error, unexpected 'if' (T_IF) in /var/www/html/sage/outletcorner/wp-content/uploads/cache/76997902d9a747751a6eb301f6966b49b143bd91.php:14
Stack trace:
#0 /var/www/html/sage/outletcorner/wp-content/themes/outletcorner/vendor/illuminate/view/Engines/CompilerEngine.php(59): Illuminate\View\Engines\PhpEngine->evaluatePath('/var/www/html/s...', Array)
#1 /var/www/html/sage/outletcorner/wp-content/themes/outletcorner/vendor/illuminate/view/View.php(137): Illuminate\View\Engines\CompilerEngine->get('/var/www/html/s...', Array)
#2 /var/www/html/sage/outletcorner/wp-content/themes/outletcorner/vendor/illuminate/view/View.php(120): Illuminate\View\View->getContents()
#3 /var/www/html/sage/outletcorner/wp-content/themes/outletcorner/vendor/illuminate/view/View.php(85): Illuminate\View\View->renderContents()
#4 /var/www/html/sage/outletcorner/wp-content/themes/outletcorner/vendor/roots/sage-lib/Template/Blade.php(58): Illuminate\View\View

2018-03-08T20:01:01+00:00 CRITICAL Uncaught Symfony\Component\Debug\Exception\FatalThrowableError: Parse error: syntax error, unexpected 'if' (T_IF) in /var/www/html/sage/outletcorner/wp-content/uploads/cache/76997902d9a747751a6eb301f6966b49b143bd91.php:20
Stack trace:
#0 /var/www/html/sage/outletcorner/wp-content/themes/outletcorner/vendor/illuminate/view/Engines/CompilerEngine.php(59): Illuminate\View\Engines\PhpEngine->evaluatePath('/var/www/html/s...', Array)
#1 /var/www/html/sage/outletcorner/wp-content/themes/outletcorner/vendor/illuminate/view/View.php(137): Illuminate\View\Engines\CompilerEngine->get('/var/www/html/s...', Array)
#2 /var/www/html/sage/outletcorner/wp-content/themes/outletcorner/vendor/illuminate/view/View.php(120): Illuminate\View\View->getContents()
#3 /var/www/html/sage/outletcorner/wp-content/themes/outletcorner/vendor/illuminate/view/View.php(85): Illuminate\View\View->renderContents()
#4 /var/www/html/sage/outletcorner/wp-content/themes/outletcorner/vendor/roots/sage-lib/Template/Blade.php(58): Illuminate\View\View

2018-03-08T20:01:20+00:00 CRITICAL Uncaught Symfony\Component\Debug\Exception\FatalThrowableError: Parse error: syntax error, unexpected 'if' (T_IF) in /var/www/html/sage/outletcorner/wp-content/uploads/cache/76997902d9a747751a6eb301f6966b49b143bd91.php:20
Stack trace:
#0 /var/www/html/sage/outletcorner/wp-content/themes/outletcorner/vendor/illuminate/view/Engines/CompilerEngine.php(59): Illuminate\View\Engines\PhpEngine->evaluatePath('/var/www/html/s...', Array)
#1 /var/www/html/sage/outletcorner/wp-content/themes/outletcorner/vendor/illuminate/view/View.php(137): Illuminate\View\Engines\CompilerEngine->get('/var/www/html/s...', Array)
#2 /var/www/html/sage/outletcorner/wp-content/themes/outletcorner/vendor/illuminate/view/View.php(120): Illuminate\View\View->getContents()
#3 /var/www/html/sage/outletcorner/wp-content/themes/outletcorner/vendor/illuminate/view/View.php(85): Illuminate\View\View->renderContents()
#4 /var/www/html/sage/outletcorner/wp-content/themes/outletcorner/vendor/roots/sage-lib/Template/Blade.php(58): Illuminate\View\View

2018-03-08T20:02:58+00:00 CRITICAL Uncaught Symfony\Component\Debug\Exception\FatalThrowableError: Parse error: syntax error, unexpected 'if' (T_IF) in /var/www/html/sage/outletcorner/wp-content/uploads/cache/76997902d9a747751a6eb301f6966b49b143bd91.php:22
Stack trace:
#0 /var/www/html/sage/outletcorner/wp-content/themes/outletcorner/vendor/illuminate/view/Engines/CompilerEngine.php(59): Illuminate\View\Engines\PhpEngine->evaluatePath('/var/www/html/s...', Array)
#1 /var/www/html/sage/outletcorner/wp-content/themes/outletcorner/vendor/illuminate/view/View.php(137): Illuminate\View\Engines\CompilerEngine->get('/var/www/html/s...', Array)
#2 /var/www/html/sage/outletcorner/wp-content/themes/outletcorner/vendor/illuminate/view/View.php(120): Illuminate\View\View->getContents()
#3 /var/www/html/sage/outletcorner/wp-content/themes/outletcorner/vendor/illuminate/view/View.php(85): Illuminate\View\View->renderContents()
#4 /var/www/html/sage/outletcorner/wp-content/themes/outletcorner/vendor/roots/sage-lib/Template/Blade.php(58): Illuminate\View\View

2018-03-08T20:02:58+00:00 CRITICAL Uncaught Symfony\Component\Debug\Exception\FatalThrowableError: Parse error: syntax error, unexpected 'if' (T_IF) in /var/www/html/sage/outletcorner/wp-content/uploads/cache/76997902d9a747751a6eb301f6966b49b143bd91.php:22
Stack trace:
#0 /var/www/html/sage/outletcorner/wp-content/themes/outletcorner/vendor/illuminate/view/Engines/CompilerEngine.php(59): Illuminate\View\Engines\PhpEngine->evaluatePath('/var/www/html/s...', Array)
#1 /var/www/html/sage/outletcorner/wp-content/themes/outletcorner/vendor/illuminate/view/View.php(137): Illuminate\View\Engines\CompilerEngine->get('/var/www/html/s...', Array)
#2 /var/www/html/sage/outletcorner/wp-content/themes/outletcorner/vendor/illuminate/view/View.php(120): Illuminate\View\View->getContents()
#3 /var/www/html/sage/outletcorner/wp-content/themes/outletcorner/vendor/illuminate/view/View.php(85): Illuminate\View\View->renderContents()
#4 /var/www/html/sage/outletcorner/wp-content/themes/outletcorner/vendor/roots/sage-lib/Template/Blade.php(58): Illuminate\View\View

2018-03-08T20:02:59+00:00 CRITICAL Uncaught Symfony\Component\Debug\Exception\FatalThrowableError: Parse error: syntax error, unexpected 'if' (T_IF) in /var/www/html/sage/outletcorner/wp-content/uploads/cache/76997902d9a747751a6eb301f6966b49b143bd91.php:22
Stack trace:
#0 /var/www/html/sage/outletcorner/wp-content/themes/outletcorner/vendor/illuminate/view/Engines/CompilerEngine.php(59): Illuminate\View\Engines\PhpEngine->evaluatePath('/var/www/html/s...', Array)
#1 /var/www/html/sage/outletcorner/wp-content/themes/outletcorner/vendor/illuminate/view/View.php(137): Illuminate\View\Engines\CompilerEngine->get('/var/www/html/s...', Array)
#2 /var/www/html/sage/outletcorner/wp-content/themes/outletcorner/vendor/illuminate/view/View.php(120): Illuminate\View\View->getContents()
#3 /var/www/html/sage/outletcorner/wp-content/themes/outletcorner/vendor/illuminate/view/View.php(85): Illuminate\View\View->renderContents()
#4 /var/www/html/sage/outletcorner/wp-content/themes/outletcorner/vendor/roots/sage-lib/Template/Blade.php(58): Illuminate\View\View

2018-03-08T20:03:00+00:00 CRITICAL Uncaught Symfony\Component\Debug\Exception\FatalThrowableError: Parse error: syntax error, unexpected 'if' (T_IF) in /var/www/html/sage/outletcorner/wp-content/uploads/cache/76997902d9a747751a6eb301f6966b49b143bd91.php:22
Stack trace:
#0 /var/www/html/sage/outletcorner/wp-content/themes/outletcorner/vendor/illuminate/view/Engines/CompilerEngine.php(59): Illuminate\View\Engines\PhpEngine->evaluatePath('/var/www/html/s...', Array)
#1 /var/www/html/sage/outletcorner/wp-content/themes/outletcorner/vendor/illuminate/view/View.php(137): Illuminate\View\Engines\CompilerEngine->get('/var/www/html/s...', Array)
#2 /var/www/html/sage/outletcorner/wp-content/themes/outletcorner/vendor/illuminate/view/View.php(120): Illuminate\View\View->getContents()
#3 /var/www/html/sage/outletcorner/wp-content/themes/outletcorner/vendor/illuminate/view/View.php(85): Illuminate\View\View->renderContents()
#4 /var/www/html/sage/outletcorner/wp-content/themes/outletcorner/vendor/roots/sage-lib/Template/Blade.php(58): Illuminate\View\View

2018-03-08T20:03:37+00:00 CRITICAL Uncaught Symfony\Component\Debug\Exception\FatalThrowableError: Parse error: syntax error, unexpected 'if' (T_IF) in /var/www/html/sage/outletcorner/wp-content/uploads/cache/76997902d9a747751a6eb301f6966b49b143bd91.php:22
Stack trace:
#0 /var/www/html/sage/outletcorner/wp-content/themes/outletcorner/vendor/illuminate/view/Engines/CompilerEngine.php(59): Illuminate\View\Engines\PhpEngine->evaluatePath('/var/www/html/s...', Array)
#1 /var/www/html/sage/outletcorner/wp-content/themes/outletcorner/vendor/illuminate/view/View.php(137): Illuminate\View\Engines\CompilerEngine->get('/var/www/html/s...', Array)
#2 /var/www/html/sage/outletcorner/wp-content/themes/outletcorner/vendor/illuminate/view/View.php(120): Illuminate\View\View->getContents()
#3 /var/www/html/sage/outletcorner/wp-content/themes/outletcorner/vendor/illuminate/view/View.php(85): Illuminate\View\View->renderContents()
#4 /var/www/html/sage/outletcorner/wp-content/themes/outletcorner/vendor/roots/sage-lib/Template/Blade.php(58): Illuminate\View\View

2018-03-08T20:03:39+00:00 CRITICAL Uncaught Symfony\Component\Debug\Exception\FatalThrowableError: Parse error: syntax error, unexpected 'if' (T_IF) in /var/www/html/sage/outletcorner/wp-content/uploads/cache/76997902d9a747751a6eb301f6966b49b143bd91.php:22
Stack trace:
#0 /var/www/html/sage/outletcorner/wp-content/themes/outletcorner/vendor/illuminate/view/Engines/CompilerEngine.php(59): Illuminate\View\Engines\PhpEngine->evaluatePath('/var/www/html/s...', Array)
#1 /var/www/html/sage/outletcorner/wp-content/themes/outletcorner/vendor/illuminate/view/View.php(137): Illuminate\View\Engines\CompilerEngine->get('/var/www/html/s...', Array)
#2 /var/www/html/sage/outletcorner/wp-content/themes/outletcorner/vendor/illuminate/view/View.php(120): Illuminate\View\View->getContents()
#3 /var/www/html/sage/outletcorner/wp-content/themes/outletcorner/vendor/illuminate/view/View.php(85): Illuminate\View\View->renderContents()
#4 /var/www/html/sage/outletcorner/wp-content/themes/outletcorner/vendor/roots/sage-lib/Template/Blade.php(58): Illuminate\View\View

2018-03-08T20:03:56+00:00 CRITICAL Uncaught Symfony\Component\Debug\Exception\FatalThrowableError: Parse error: syntax error, unexpected 'if' (T_IF) in /var/www/html/sage/outletcorner/wp-content/uploads/cache/76997902d9a747751a6eb301f6966b49b143bd91.php:22
Stack trace:
#0 /var/www/html/sage/outletcorner/wp-content/themes/outletcorner/vendor/illuminate/view/Engines/CompilerEngine.php(59): Illuminate\View\Engines\PhpEngine->evaluatePath('/var/www/html/s...', Array)
#1 /var/www/html/sage/outletcorner/wp-content/themes/outletcorner/vendor/illuminate/view/View.php(137): Illuminate\View\Engines\CompilerEngine->get('/var/www/html/s...', Array)
#2 /var/www/html/sage/outletcorner/wp-content/themes/outletcorner/vendor/illuminate/view/View.php(120): Illuminate\View\View->getContents()
#3 /var/www/html/sage/outletcorner/wp-content/themes/outletcorner/vendor/illuminate/view/View.php(85): Illuminate\View\View->renderContents()
#4 /var/www/html/sage/outletcorner/wp-content/themes/outletcorner/vendor/roots/sage-lib/Template/Blade.php(58): Illuminate\View\View

2018-03-08T20:03:57+00:00 CRITICAL Uncaught Symfony\Component\Debug\Exception\FatalThrowableError: Parse error: syntax error, unexpected 'if' (T_IF) in /var/www/html/sage/outletcorner/wp-content/uploads/cache/76997902d9a747751a6eb301f6966b49b143bd91.php:22
Stack trace:
#0 /var/www/html/sage/outletcorner/wp-content/themes/outletcorner/vendor/illuminate/view/Engines/CompilerEngine.php(59): Illuminate\View\Engines\PhpEngine->evaluatePath('/var/www/html/s...', Array)
#1 /var/www/html/sage/outletcorner/wp-content/themes/outletcorner/vendor/illuminate/view/View.php(137): Illuminate\View\Engines\CompilerEngine->get('/var/www/html/s...', Array)
#2 /var/www/html/sage/outletcorner/wp-content/themes/outletcorner/vendor/illuminate/view/View.php(120): Illuminate\View\View->getContents()
#3 /var/www/html/sage/outletcorner/wp-content/themes/outletcorner/vendor/illuminate/view/View.php(85): Illuminate\View\View->renderContents()
#4 /var/www/html/sage/outletcorner/wp-content/themes/outletcorner/vendor/roots/sage-lib/Template/Blade.php(58): Illuminate\View\View

2018-03-08T20:03:57+00:00 CRITICAL Uncaught Symfony\Component\Debug\Exception\FatalThrowableError: Parse error: syntax error, unexpected 'if' (T_IF) in /var/www/html/sage/outletcorner/wp-content/uploads/cache/76997902d9a747751a6eb301f6966b49b143bd91.php:22
Stack trace:
#0 /var/www/html/sage/outletcorner/wp-content/themes/outletcorner/vendor/illuminate/view/Engines/CompilerEngine.php(59): Illuminate\View\Engines\PhpEngine->evaluatePath('/var/www/html/s...', Array)
#1 /var/www/html/sage/outletcorner/wp-content/themes/outletcorner/vendor/illuminate/view/View.php(137): Illuminate\View\Engines\CompilerEngine->get('/var/www/html/s...', Array)
#2 /var/www/html/sage/outletcorner/wp-content/themes/outletcorner/vendor/illuminate/view/View.php(120): Illuminate\View\View->getContents()
#3 /var/www/html/sage/outletcorner/wp-content/themes/outletcorner/vendor/illuminate/view/View.php(85): Illuminate\View\View->renderContents()
#4 /var/www/html/sage/outletcorner/wp-content/themes/outletcorner/vendor/roots/sage-lib/Template/Blade.php(58): Illuminate\View\View

2018-03-08T20:09:45+00:00 CRITICAL Uncaught Symfony\Component\Debug\Exception\FatalThrowableError: Parse error: syntax error, unexpected 'if' (T_IF) in /var/www/html/sage/outletcorner/wp-content/uploads/cache/76997902d9a747751a6eb301f6966b49b143bd91.php:23
Stack trace:
#0 /var/www/html/sage/outletcorner/wp-content/themes/outletcorner/vendor/illuminate/view/Engines/CompilerEngine.php(59): Illuminate\View\Engines\PhpEngine->evaluatePath('/var/www/html/s...', Array)
#1 /var/www/html/sage/outletcorner/wp-content/themes/outletcorner/vendor/illuminate/view/View.php(137): Illuminate\View\Engines\CompilerEngine->get('/var/www/html/s...', Array)
#2 /var/www/html/sage/outletcorner/wp-content/themes/outletcorner/vendor/illuminate/view/View.php(120): Illuminate\View\View->getContents()
#3 /var/www/html/sage/outletcorner/wp-content/themes/outletcorner/vendor/illuminate/view/View.php(85): Illuminate\View\View->renderContents()
#4 /var/www/html/sage/outletcorner/wp-content/themes/outletcorner/vendor/roots/sage-lib/Template/Blade.php(58): Illuminate\View\View

2018-03-08T20:09:45+00:00 CRITICAL Uncaught Symfony\Component\Debug\Exception\FatalThrowableError: Parse error: syntax error, unexpected 'if' (T_IF) in /var/www/html/sage/outletcorner/wp-content/uploads/cache/76997902d9a747751a6eb301f6966b49b143bd91.php:23
Stack trace:
#0 /var/www/html/sage/outletcorner/wp-content/themes/outletcorner/vendor/illuminate/view/Engines/CompilerEngine.php(59): Illuminate\View\Engines\PhpEngine->evaluatePath('/var/www/html/s...', Array)
#1 /var/www/html/sage/outletcorner/wp-content/themes/outletcorner/vendor/illuminate/view/View.php(137): Illuminate\View\Engines\CompilerEngine->get('/var/www/html/s...', Array)
#2 /var/www/html/sage/outletcorner/wp-content/themes/outletcorner/vendor/illuminate/view/View.php(120): Illuminate\View\View->getContents()
#3 /var/www/html/sage/outletcorner/wp-content/themes/outletcorner/vendor/illuminate/view/View.php(85): Illuminate\View\View->renderContents()
#4 /var/www/html/sage/outletcorner/wp-content/themes/outletcorner/vendor/roots/sage-lib/Template/Blade.php(58): Illuminate\View\View

2018-03-08T20:09:46+00:00 CRITICAL Uncaught Symfony\Component\Debug\Exception\FatalThrowableError: Parse error: syntax error, unexpected 'if' (T_IF) in /var/www/html/sage/outletcorner/wp-content/uploads/cache/76997902d9a747751a6eb301f6966b49b143bd91.php:23
Stack trace:
#0 /var/www/html/sage/outletcorner/wp-content/themes/outletcorner/vendor/illuminate/view/Engines/CompilerEngine.php(59): Illuminate\View\Engines\PhpEngine->evaluatePath('/var/www/html/s...', Array)
#1 /var/www/html/sage/outletcorner/wp-content/themes/outletcorner/vendor/illuminate/view/View.php(137): Illuminate\View\Engines\CompilerEngine->get('/var/www/html/s...', Array)
#2 /var/www/html/sage/outletcorner/wp-content/themes/outletcorner/vendor/illuminate/view/View.php(120): Illuminate\View\View->getContents()
#3 /var/www/html/sage/outletcorner/wp-content/themes/outletcorner/vendor/illuminate/view/View.php(85): Illuminate\View\View->renderContents()
#4 /var/www/html/sage/outletcorner/wp-content/themes/outletcorner/vendor/roots/sage-lib/Template/Blade.php(58): Illuminate\View\View

2018-03-08T20:09:47+00:00 CRITICAL Uncaught Symfony\Component\Debug\Exception\FatalThrowableError: Parse error: syntax error, unexpected 'if' (T_IF) in /var/www/html/sage/outletcorner/wp-content/uploads/cache/76997902d9a747751a6eb301f6966b49b143bd91.php:23
Stack trace:
#0 /var/www/html/sage/outletcorner/wp-content/themes/outletcorner/vendor/illuminate/view/Engines/CompilerEngine.php(59): Illuminate\View\Engines\PhpEngine->evaluatePath('/var/www/html/s...', Array)
#1 /var/www/html/sage/outletcorner/wp-content/themes/outletcorner/vendor/illuminate/view/View.php(137): Illuminate\View\Engines\CompilerEngine->get('/var/www/html/s...', Array)
#2 /var/www/html/sage/outletcorner/wp-content/themes/outletcorner/vendor/illuminate/view/View.php(120): Illuminate\View\View->getContents()
#3 /var/www/html/sage/outletcorner/wp-content/themes/outletcorner/vendor/illuminate/view/View.php(85): Illuminate\View\View->renderContents()
#4 /var/www/html/sage/outletcorner/wp-content/themes/outletcorner/vendor/roots/sage-lib/Template/Blade.php(58): Illuminate\View\View

2018-03-08T20:09:48+00:00 CRITICAL Uncaught Symfony\Component\Debug\Exception\FatalThrowableError: Parse error: syntax error, unexpected 'if' (T_IF) in /var/www/html/sage/outletcorner/wp-content/uploads/cache/76997902d9a747751a6eb301f6966b49b143bd91.php:23
Stack trace:
#0 /var/www/html/sage/outletcorner/wp-content/themes/outletcorner/vendor/illuminate/view/Engines/CompilerEngine.php(59): Illuminate\View\Engines\PhpEngine->evaluatePath('/var/www/html/s...', Array)
#1 /var/www/html/sage/outletcorner/wp-content/themes/outletcorner/vendor/illuminate/view/View.php(137): Illuminate\View\Engines\CompilerEngine->get('/var/www/html/s...', Array)
#2 /var/www/html/sage/outletcorner/wp-content/themes/outletcorner/vendor/illuminate/view/View.php(120): Illuminate\View\View->getContents()
#3 /var/www/html/sage/outletcorner/wp-content/themes/outletcorner/vendor/illuminate/view/View.php(85): Illuminate\View\View->renderContents()
#4 /var/www/html/sage/outletcorner/wp-content/themes/outletcorner/vendor/roots/sage-lib/Template/Blade.php(58): Illuminate\View\View

2018-03-08T20:09:48+00:00 CRITICAL Uncaught Symfony\Component\Debug\Exception\FatalThrowableError: Parse error: syntax error, unexpected 'if' (T_IF) in /var/www/html/sage/outletcorner/wp-content/uploads/cache/76997902d9a747751a6eb301f6966b49b143bd91.php:23
Stack trace:
#0 /var/www/html/sage/outletcorner/wp-content/themes/outletcorner/vendor/illuminate/view/Engines/CompilerEngine.php(59): Illuminate\View\Engines\PhpEngine->evaluatePath('/var/www/html/s...', Array)
#1 /var/www/html/sage/outletcorner/wp-content/themes/outletcorner/vendor/illuminate/view/View.php(137): Illuminate\View\Engines\CompilerEngine->get('/var/www/html/s...', Array)
#2 /var/www/html/sage/outletcorner/wp-content/themes/outletcorner/vendor/illuminate/view/View.php(120): Illuminate\View\View->getContents()
#3 /var/www/html/sage/outletcorner/wp-content/themes/outletcorner/vendor/illuminate/view/View.php(85): Illuminate\View\View->renderContents()
#4 /var/www/html/sage/outletcorner/wp-content/themes/outletcorner/vendor/roots/sage-lib/Template/Blade.php(58): Illuminate\View\View

2018-03-08T20:09:49+00:00 CRITICAL Uncaught Symfony\Component\Debug\Exception\FatalThrowableError: Parse error: syntax error, unexpected 'if' (T_IF) in /var/www/html/sage/outletcorner/wp-content/uploads/cache/76997902d9a747751a6eb301f6966b49b143bd91.php:23
Stack trace:
#0 /var/www/html/sage/outletcorner/wp-content/themes/outletcorner/vendor/illuminate/view/Engines/CompilerEngine.php(59): Illuminate\View\Engines\PhpEngine->evaluatePath('/var/www/html/s...', Array)
#1 /var/www/html/sage/outletcorner/wp-content/themes/outletcorner/vendor/illuminate/view/View.php(137): Illuminate\View\Engines\CompilerEngine->get('/var/www/html/s...', Array)
#2 /var/www/html/sage/outletcorner/wp-content/themes/outletcorner/vendor/illuminate/view/View.php(120): Illuminate\View\View->getContents()
#3 /var/www/html/sage/outletcorner/wp-content/themes/outletcorner/vendor/illuminate/view/View.php(85): Illuminate\View\View->renderContents()
#4 /var/www/html/sage/outletcorner/wp-content/themes/outletcorner/vendor/roots/sage-lib/Template/Blade.php(58): Illuminate\View\View

2018-03-08T20:09:50+00:00 CRITICAL Uncaught Symfony\Component\Debug\Exception\FatalThrowableError: Parse error: syntax error, unexpected 'if' (T_IF) in /var/www/html/sage/outletcorner/wp-content/uploads/cache/76997902d9a747751a6eb301f6966b49b143bd91.php:23
Stack trace:
#0 /var/www/html/sage/outletcorner/wp-content/themes/outletcorner/vendor/illuminate/view/Engines/CompilerEngine.php(59): Illuminate\View\Engines\PhpEngine->evaluatePath('/var/www/html/s...', Array)
#1 /var/www/html/sage/outletcorner/wp-content/themes/outletcorner/vendor/illuminate/view/View.php(137): Illuminate\View\Engines\CompilerEngine->get('/var/www/html/s...', Array)
#2 /var/www/html/sage/outletcorner/wp-content/themes/outletcorner/vendor/illuminate/view/View.php(120): Illuminate\View\View->getContents()
#3 /var/www/html/sage/outletcorner/wp-content/themes/outletcorner/vendor/illuminate/view/View.php(85): Illuminate\View\View->renderContents()
#4 /var/www/html/sage/outletcorner/wp-content/themes/outletcorner/vendor/roots/sage-lib/Template/Blade.php(58): Illuminate\View\View

2018-03-08T20:34:20+00:00 CRITICAL Uncaught Symfony\Component\Debug\Exception\FatalThrowableError: Parse error: syntax error, unexpected 'endforeach' (T_ENDFOREACH), expecting elseif (T_ELSEIF) or else (T_ELSE) or endif (T_ENDIF) in /var/www/html/sage/outletcorner/wp-content/uploads/cache/76997902d9a747751a6eb301f6966b49b143bd91.php:29
Stack trace:
#0 /var/www/html/sage/outletcorner/wp-content/themes/outletcorner/vendor/illuminate/view/Engines/CompilerEngine.php(59): Illuminate\View\Engines\PhpEngine->evaluatePath('/var/www/html/s...', Array)
#1 /var/www/html/sage/outletcorner/wp-content/themes/outletcorner/vendor/illuminate/view/View.php(137): Illuminate\View\Engines\CompilerEngine->get('/var/www/html/s...', Array)
#2 /var/www/html/sage/outletcorner/wp-content/themes/outletcorner/vendor/illuminate/view/View.php(120): Illuminate\View\View->getContents()
#3 /var/www/html/sage/outletcorner/wp-content/themes/outletcorner/vendor/illuminate/view/View.php(85): Illuminate\View\View->renderContents()
#4 /var/www/html/sage/outletcorner/wp-content/theme

2018-03-08T20:37:17+00:00 CRITICAL Uncaught Symfony\Component\Debug\Exception\FatalThrowableError: Parse error: syntax error, unexpected 'echo' (T_ECHO) in /var/www/html/sage/outletcorner/wp-content/uploads/cache/76997902d9a747751a6eb301f6966b49b143bd91.php:26
Stack trace:
#0 /var/www/html/sage/outletcorner/wp-content/themes/outletcorner/vendor/illuminate/view/Engines/CompilerEngine.php(59): Illuminate\View\Engines\PhpEngine->evaluatePath('/var/www/html/s...', Array)
#1 /var/www/html/sage/outletcorner/wp-content/themes/outletcorner/vendor/illuminate/view/View.php(137): Illuminate\View\Engines\CompilerEngine->get('/var/www/html/s...', Array)
#2 /var/www/html/sage/outletcorner/wp-content/themes/outletcorner/vendor/illuminate/view/View.php(120): Illuminate\View\View->getContents()
#3 /var/www/html/sage/outletcorner/wp-content/themes/outletcorner/vendor/illuminate/view/View.php(85): Illuminate\View\View->renderContents()
#4 /var/www/html/sage/outletcorner/wp-content/themes/outletcorner/vendor/roots/sage-lib/Template/Blade.php(58): Illuminate\View\

2018-03-08T20:42:28+00:00 CRITICAL Uncaught Symfony\Component\Debug\Exception\FatalThrowableError: Parse error: syntax error, unexpected ';', expecting ',' or ')' in /var/www/html/sage/outletcorner/wp-content/uploads/cache/76997902d9a747751a6eb301f6966b49b143bd91.php:26
Stack trace:
#0 /var/www/html/sage/outletcorner/wp-content/themes/outletcorner/vendor/illuminate/view/Engines/CompilerEngine.php(59): Illuminate\View\Engines\PhpEngine->evaluatePath('/var/www/html/s...', Array)
#1 /var/www/html/sage/outletcorner/wp-content/themes/outletcorner/vendor/illuminate/view/View.php(137): Illuminate\View\Engines\CompilerEngine->get('/var/www/html/s...', Array)
#2 /var/www/html/sage/outletcorner/wp-content/themes/outletcorner/vendor/illuminate/view/View.php(120): Illuminate\View\View->getContents()
#3 /var/www/html/sage/outletcorner/wp-content/themes/outletcorner/vendor/illuminate/view/View.php(85): Illuminate\View\View->renderContents()
#4 /var/www/html/sage/outletcorner/wp-content/themes/outletcorner/vendor/roots/sage-lib/Template/Blade.php(58): Illumi

2018-03-09T15:32:32+00:00 CRITICAL Uncaught Error: Class 'App\WP_Query' not found in /var/www/html/outletcorner/trunk/wp-content/themes/outletcorner/app/controllers/front-page.php:31
Stack trace:
#0 /var/www/html/outletcorner/trunk/wp-content/themes/outletcorner/vendor/soberwp/controller/src/Controller.php(105): App\FrontPage->featuredproduct()
#1 /var/www/html/outletcorner/trunk/wp-content/themes/outletcorner/vendor/soberwp/controller/src/Controller.php(18): Sober\Controller\Controller->__runMethods()
#2 /var/www/html/outletcorner/trunk/wp-content/themes/outletcorner/vendor/soberwp/controller/controller.php(15): Sober\Controller\Controller->__setup()
#3 /var/www/html/outletcorner/trunk/wp-includes/class-wp-hook.php(288): Sober\Controller\{closure}(Array)
#4 /var/www/html/outletcorner/trunk/wp-includes/plugin.php(203): WP_Hook->apply_filters(Array, Array)
#5 /var/www/html/outletcorner/trunk/wp-content/themes/outletcorner/app/filters.php(51): apply_filters('sage/template/f...', Array, '/var/www/html/o...')
#6 [internal function]: App\{closure}(

2018-03-09T15:32:36+00:00 CRITICAL Uncaught Error: Class 'App\WP_Query' not found in /var/www/html/outletcorner/trunk/wp-content/themes/outletcorner/app/controllers/front-page.php:31
Stack trace:
#0 /var/www/html/outletcorner/trunk/wp-content/themes/outletcorner/vendor/soberwp/controller/src/Controller.php(105): App\FrontPage->featuredproduct()
#1 /var/www/html/outletcorner/trunk/wp-content/themes/outletcorner/vendor/soberwp/controller/src/Controller.php(18): Sober\Controller\Controller->__runMethods()
#2 /var/www/html/outletcorner/trunk/wp-content/themes/outletcorner/vendor/soberwp/controller/controller.php(15): Sober\Controller\Controller->__setup()
#3 /var/www/html/outletcorner/trunk/wp-includes/class-wp-hook.php(288): Sober\Controller\{closure}(Array)
#4 /var/www/html/outletcorner/trunk/wp-includes/plugin.php(203): WP_Hook->apply_filters(Array, Array)
#5 /var/www/html/outletcorner/trunk/wp-content/themes/outletcorner/app/filters.php(51): apply_filters('sage/template/f...', Array, '/var/www/html/o...')
#6 [internal function]: App\{closure}(

2018-03-09T15:33:19+00:00 CRITICAL Uncaught Error: Class 'App\WP_Query' not found in /var/www/html/outletcorner/trunk/wp-content/themes/outletcorner/app/controllers/front-page.php:31
Stack trace:
#0 /var/www/html/outletcorner/trunk/wp-content/themes/outletcorner/vendor/soberwp/controller/src/Controller.php(105): App\FrontPage->featuredproduct()
#1 /var/www/html/outletcorner/trunk/wp-content/themes/outletcorner/vendor/soberwp/controller/src/Controller.php(18): Sober\Controller\Controller->__runMethods()
#2 /var/www/html/outletcorner/trunk/wp-content/themes/outletcorner/vendor/soberwp/controller/controller.php(15): Sober\Controller\Controller->__setup()
#3 /var/www/html/outletcorner/trunk/wp-includes/class-wp-hook.php(288): Sober\Controller\{closure}(Array)
#4 /var/www/html/outletcorner/trunk/wp-includes/plugin.php(203): WP_Hook->apply_filters(Array, Array)
#5 /var/www/html/outletcorner/trunk/wp-content/themes/outletcorner/app/filters.php(51): apply_filters('sage/template/f...', Array, '/var/www/html/o...')
#6 [internal function]: App\{closure}(

2018-03-09T15:33:21+00:00 CRITICAL Uncaught Error: Class 'App\WP_Query' not found in /var/www/html/outletcorner/trunk/wp-content/themes/outletcorner/app/controllers/front-page.php:31
Stack trace:
#0 /var/www/html/outletcorner/trunk/wp-content/themes/outletcorner/vendor/soberwp/controller/src/Controller.php(105): App\FrontPage->featuredproduct()
#1 /var/www/html/outletcorner/trunk/wp-content/themes/outletcorner/vendor/soberwp/controller/src/Controller.php(18): Sober\Controller\Controller->__runMethods()
#2 /var/www/html/outletcorner/trunk/wp-content/themes/outletcorner/vendor/soberwp/controller/controller.php(15): Sober\Controller\Controller->__setup()
#3 /var/www/html/outletcorner/trunk/wp-includes/class-wp-hook.php(288): Sober\Controller\{closure}(Array)
#4 /var/www/html/outletcorner/trunk/wp-includes/plugin.php(203): WP_Hook->apply_filters(Array, Array)
#5 /var/www/html/outletcorner/trunk/wp-content/themes/outletcorner/app/filters.php(51): apply_filters('sage/template/f...', Array, '/var/www/html/o...')
#6 [internal function]: App\{closure}(

2018-03-09T16:32:50+00:00 CRITICAL Uncaught Error: Cannot use object of type WP_Post as array in /var/www/html/outletcorner/trunk/wp-content/themes/outletcorner/app/controllers/front-page.php:40
Stack trace:
#0 /var/www/html/outletcorner/trunk/wp-content/themes/outletcorner/vendor/soberwp/controller/src/Controller.php(105): App\FrontPage->featuredproduct()
#1 /var/www/html/outletcorner/trunk/wp-content/themes/outletcorner/vendor/soberwp/controller/src/Controller.php(18): Sober\Controller\Controller->__runMethods()
#2 /var/www/html/outletcorner/trunk/wp-content/themes/outletcorner/vendor/soberwp/controller/controller.php(15): Sober\Controller\Controller->__setup()
#3 /var/www/html/outletcorner/trunk/wp-includes/class-wp-hook.php(288): Sober\Controller\{closure}(Array)
#4 /var/www/html/outletcorner/trunk/wp-includes/plugin.php(203): WP_Hook->apply_filters(Array, Array)
#5 /var/www/html/outletcorner/trunk/wp-content/themes/outletcorner/app/filters.php(51): apply_filters('sage/template/f...', Array, '/var/www/html/o...')
#6 [internal function]: Ap

2018-03-09T16:36:21+00:00 CRITICAL Uncaught Error: Class 'App\WC_Product' not found in /var/www/html/outletcorner/trunk/wp-content/themes/outletcorner/app/controllers/front-page.php:34
Stack trace:
#0 /var/www/html/outletcorner/trunk/wp-content/themes/outletcorner/vendor/soberwp/controller/src/Controller.php(105): App\FrontPage->featuredproduct()
#1 /var/www/html/outletcorner/trunk/wp-content/themes/outletcorner/vendor/soberwp/controller/src/Controller.php(18): Sober\Controller\Controller->__runMethods()
#2 /var/www/html/outletcorner/trunk/wp-content/themes/outletcorner/vendor/soberwp/controller/controller.php(15): Sober\Controller\Controller->__setup()
#3 /var/www/html/outletcorner/trunk/wp-includes/class-wp-hook.php(288): Sober\Controller\{closure}(Array)
#4 /var/www/html/outletcorner/trunk/wp-includes/plugin.php(203): WP_Hook->apply_filters(Array, Array)
#5 /var/www/html/outletcorner/trunk/wp-content/themes/outletcorner/app/filters.php(51): apply_filters('sage/template/f...', Array, '/var/www/html/o...')
#6 [internal function]: App\{closure

2018-03-09T16:36:24+00:00 CRITICAL Uncaught Error: Class 'App\WC_Product' not found in /var/www/html/outletcorner/trunk/wp-content/themes/outletcorner/app/controllers/front-page.php:34
Stack trace:
#0 /var/www/html/outletcorner/trunk/wp-content/themes/outletcorner/vendor/soberwp/controller/src/Controller.php(105): App\FrontPage->featuredproduct()
#1 /var/www/html/outletcorner/trunk/wp-content/themes/outletcorner/vendor/soberwp/controller/src/Controller.php(18): Sober\Controller\Controller->__runMethods()
#2 /var/www/html/outletcorner/trunk/wp-content/themes/outletcorner/vendor/soberwp/controller/controller.php(15): Sober\Controller\Controller->__setup()
#3 /var/www/html/outletcorner/trunk/wp-includes/class-wp-hook.php(288): Sober\Controller\{closure}(Array)
#4 /var/www/html/outletcorner/trunk/wp-includes/plugin.php(203): WP_Hook->apply_filters(Array, Array)
#5 /var/www/html/outletcorner/trunk/wp-content/themes/outletcorner/app/filters.php(51): apply_filters('sage/template/f...', Array, '/var/www/html/o...')
#6 [internal function]: App\{closure

2018-03-09T16:38:56+00:00 CRITICAL Uncaught Error: Class 'App\WC_Product' not found in /var/www/html/outletcorner/trunk/wp-content/themes/outletcorner/app/controllers/front-page.php:36
Stack trace:
#0 /var/www/html/outletcorner/trunk/wp-content/themes/outletcorner/vendor/soberwp/controller/src/Controller.php(105): App\FrontPage->featuredproduct()
#1 /var/www/html/outletcorner/trunk/wp-content/themes/outletcorner/vendor/soberwp/controller/src/Controller.php(18): Sober\Controller\Controller->__runMethods()
#2 /var/www/html/outletcorner/trunk/wp-content/themes/outletcorner/vendor/soberwp/controller/controller.php(15): Sober\Controller\Controller->__setup()
#3 /var/www/html/outletcorner/trunk/wp-includes/class-wp-hook.php(288): Sober\Controller\{closure}(Array)
#4 /var/www/html/outletcorner/trunk/wp-includes/plugin.php(203): WP_Hook->apply_filters(Array, Array)
#5 /var/www/html/outletcorner/trunk/wp-content/themes/outletcorner/app/filters.php(51): apply_filters('sage/template/f...', Array, '/var/www/html/o...')
#6 [internal function]: App\{closure

2018-03-09T16:38:58+00:00 CRITICAL Uncaught Error: Class 'App\WC_Product' not found in /var/www/html/outletcorner/trunk/wp-content/themes/outletcorner/app/controllers/front-page.php:36
Stack trace:
#0 /var/www/html/outletcorner/trunk/wp-content/themes/outletcorner/vendor/soberwp/controller/src/Controller.php(105): App\FrontPage->featuredproduct()
#1 /var/www/html/outletcorner/trunk/wp-content/themes/outletcorner/vendor/soberwp/controller/src/Controller.php(18): Sober\Controller\Controller->__runMethods()
#2 /var/www/html/outletcorner/trunk/wp-content/themes/outletcorner/vendor/soberwp/controller/controller.php(15): Sober\Controller\Controller->__setup()
#3 /var/www/html/outletcorner/trunk/wp-includes/class-wp-hook.php(288): Sober\Controller\{closure}(Array)
#4 /var/www/html/outletcorner/trunk/wp-includes/plugin.php(203): WP_Hook->apply_filters(Array, Array)
#5 /var/www/html/outletcorner/trunk/wp-content/themes/outletcorner/app/filters.php(51): apply_filters('sage/template/f...', Array, '/var/www/html/o...')
#6 [internal function]: App\{closure

2018-03-09T16:40:01+00:00 CRITICAL Uncaught Error: Class 'App\WC_Product' not found in /var/www/html/outletcorner/trunk/wp-content/themes/outletcorner/app/controllers/front-page.php:37
Stack trace:
#0 /var/www/html/outletcorner/trunk/wp-content/themes/outletcorner/vendor/soberwp/controller/src/Controller.php(105): App\FrontPage->featuredproduct()
#1 /var/www/html/outletcorner/trunk/wp-content/themes/outletcorner/vendor/soberwp/controller/src/Controller.php(18): Sober\Controller\Controller->__runMethods()
#2 /var/www/html/outletcorner/trunk/wp-content/themes/outletcorner/vendor/soberwp/controller/controller.php(15): Sober\Controller\Controller->__setup()
#3 /var/www/html/outletcorner/trunk/wp-includes/class-wp-hook.php(288): Sober\Controller\{closure}(Array)
#4 /var/www/html/outletcorner/trunk/wp-includes/plugin.php(203): WP_Hook->apply_filters(Array, Array)
#5 /var/www/html/outletcorner/trunk/wp-content/themes/outletcorner/app/filters.php(51): apply_filters('sage/template/f...', Array, '/var/www/html/o...')
#6 [internal function]: App\{closure

2018-03-09T16:40:03+00:00 CRITICAL Uncaught Error: Class 'App\WC_Product' not found in /var/www/html/outletcorner/trunk/wp-content/themes/outletcorner/app/controllers/front-page.php:37
Stack trace:
#0 /var/www/html/outletcorner/trunk/wp-content/themes/outletcorner/vendor/soberwp/controller/src/Controller.php(105): App\FrontPage->featuredproduct()
#1 /var/www/html/outletcorner/trunk/wp-content/themes/outletcorner/vendor/soberwp/controller/src/Controller.php(18): Sober\Controller\Controller->__runMethods()
#2 /var/www/html/outletcorner/trunk/wp-content/themes/outletcorner/vendor/soberwp/controller/controller.php(15): Sober\Controller\Controller->__setup()
#3 /var/www/html/outletcorner/trunk/wp-includes/class-wp-hook.php(288): Sober\Controller\{closure}(Array)
#4 /var/www/html/outletcorner/trunk/wp-includes/plugin.php(203): WP_Hook->apply_filters(Array, Array)
#5 /var/www/html/outletcorner/trunk/wp-content/themes/outletcorner/app/filters.php(51): apply_filters('sage/template/f...', Array, '/var/www/html/o...')
#6 [internal function]: App\{closure

2018-03-09T16:40:05+00:00 CRITICAL Uncaught Error: Class 'App\WC_Product' not found in /var/www/html/outletcorner/trunk/wp-content/themes/outletcorner/app/controllers/front-page.php:37
Stack trace:
#0 /var/www/html/outletcorner/trunk/wp-content/themes/outletcorner/vendor/soberwp/controller/src/Controller.php(105): App\FrontPage->featuredproduct()
#1 /var/www/html/outletcorner/trunk/wp-content/themes/outletcorner/vendor/soberwp/controller/src/Controller.php(18): Sober\Controller\Controller->__runMethods()
#2 /var/www/html/outletcorner/trunk/wp-content/themes/outletcorner/vendor/soberwp/controller/controller.php(15): Sober\Controller\Controller->__setup()
#3 /var/www/html/outletcorner/trunk/wp-includes/class-wp-hook.php(288): Sober\Controller\{closure}(Array)
#4 /var/www/html/outletcorner/trunk/wp-includes/plugin.php(203): WP_Hook->apply_filters(Array, Array)
#5 /var/www/html/outletcorner/trunk/wp-content/themes/outletcorner/app/filters.php(51): apply_filters('sage/template/f...', Array, '/var/www/html/o...')
#6 [internal function]: App\{closure

2018-03-09T17:04:43+00:00 CRITICAL Uncaught Symfony\Component\Debug\Exception\FatalThrowableError: Parse error: syntax error, unexpected '<' in /var/www/html/outletcorner/trunk/wp-content/uploads/cache/7573482bee5edb721eaefd009e5bda95ef8b6caf.php:48
Stack trace:
#0 /var/www/html/outletcorner/trunk/wp-content/themes/outletcorner/vendor/illuminate/view/Engines/CompilerEngine.php(59): Illuminate\View\Engines\PhpEngine->evaluatePath('/var/www/html/o...', Array)
#1 /var/www/html/outletcorner/trunk/wp-content/themes/outletcorner/vendor/illuminate/view/View.php(137): Illuminate\View\Engines\CompilerEngine->get('/var/www/html/o...', Array)
#2 /var/www/html/outletcorner/trunk/wp-content/themes/outletcorner/vendor/illuminate/view/View.php(120): Illuminate\View\View->getContents()
#3 /var/www/html/outletcorner/trunk/wp-content/themes/outletcorner/vendor/illuminate/view/View.php(85): Illuminate\View\View->renderContents()
#4 /var/www/html/outletcorner/trunk/wp-content/themes/outletcorner/vendor/roots/sage-lib/Template/Blade.php(58): Illuminate\View\View->

2018-03-09T17:04:47+00:00 CRITICAL Uncaught Symfony\Component\Debug\Exception\FatalThrowableError: Parse error: syntax error, unexpected '<' in /var/www/html/outletcorner/trunk/wp-content/uploads/cache/7573482bee5edb721eaefd009e5bda95ef8b6caf.php:48
Stack trace:
#0 /var/www/html/outletcorner/trunk/wp-content/themes/outletcorner/vendor/illuminate/view/Engines/CompilerEngine.php(59): Illuminate\View\Engines\PhpEngine->evaluatePath('/var/www/html/o...', Array)
#1 /var/www/html/outletcorner/trunk/wp-content/themes/outletcorner/vendor/illuminate/view/View.php(137): Illuminate\View\Engines\CompilerEngine->get('/var/www/html/o...', Array)
#2 /var/www/html/outletcorner/trunk/wp-content/themes/outletcorner/vendor/illuminate/view/View.php(120): Illuminate\View\View->getContents()
#3 /var/www/html/outletcorner/trunk/wp-content/themes/outletcorner/vendor/illuminate/view/View.php(85): Illuminate\View\View->renderContents()
#4 /var/www/html/outletcorner/trunk/wp-content/themes/outletcorner/vendor/roots/sage-lib/Template/Blade.php(58): Illuminate\View\View->

2018-03-09T17:05:38+00:00 CRITICAL Uncaught Symfony\Component\Debug\Exception\FatalThrowableError: Parse error: syntax error, unexpected '<' in /var/www/html/outletcorner/trunk/wp-content/uploads/cache/7573482bee5edb721eaefd009e5bda95ef8b6caf.php:48
Stack trace:
#0 /var/www/html/outletcorner/trunk/wp-content/themes/outletcorner/vendor/illuminate/view/Engines/CompilerEngine.php(59): Illuminate\View\Engines\PhpEngine->evaluatePath('/var/www/html/o...', Array)
#1 /var/www/html/outletcorner/trunk/wp-content/themes/outletcorner/vendor/illuminate/view/View.php(137): Illuminate\View\Engines\CompilerEngine->get('/var/www/html/o...', Array)
#2 /var/www/html/outletcorner/trunk/wp-content/themes/outletcorner/vendor/illuminate/view/View.php(120): Illuminate\View\View->getContents()
#3 /var/www/html/outletcorner/trunk/wp-content/themes/outletcorner/vendor/illuminate/view/View.php(85): Illuminate\View\View->renderContents()
#4 /var/www/html/outletcorner/trunk/wp-content/themes/outletcorner/vendor/roots/sage-lib/Template/Blade.php(58): Illuminate\View\View->

2018-03-09T17:05:39+00:00 CRITICAL Uncaught Symfony\Component\Debug\Exception\FatalThrowableError: Parse error: syntax error, unexpected '<' in /var/www/html/outletcorner/trunk/wp-content/uploads/cache/7573482bee5edb721eaefd009e5bda95ef8b6caf.php:48
Stack trace:
#0 /var/www/html/outletcorner/trunk/wp-content/themes/outletcorner/vendor/illuminate/view/Engines/CompilerEngine.php(59): Illuminate\View\Engines\PhpEngine->evaluatePath('/var/www/html/o...', Array)
#1 /var/www/html/outletcorner/trunk/wp-content/themes/outletcorner/vendor/illuminate/view/View.php(137): Illuminate\View\Engines\CompilerEngine->get('/var/www/html/o...', Array)
#2 /var/www/html/outletcorner/trunk/wp-content/themes/outletcorner/vendor/illuminate/view/View.php(120): Illuminate\View\View->getContents()
#3 /var/www/html/outletcorner/trunk/wp-content/themes/outletcorner/vendor/illuminate/view/View.php(85): Illuminate\View\View->renderContents()
#4 /var/www/html/outletcorner/trunk/wp-content/themes/outletcorner/vendor/roots/sage-lib/Template/Blade.php(58): Illuminate\View\View->

2018-03-09T17:05:40+00:00 CRITICAL Uncaught Symfony\Component\Debug\Exception\FatalThrowableError: Parse error: syntax error, unexpected '<' in /var/www/html/outletcorner/trunk/wp-content/uploads/cache/7573482bee5edb721eaefd009e5bda95ef8b6caf.php:48
Stack trace:
#0 /var/www/html/outletcorner/trunk/wp-content/themes/outletcorner/vendor/illuminate/view/Engines/CompilerEngine.php(59): Illuminate\View\Engines\PhpEngine->evaluatePath('/var/www/html/o...', Array)
#1 /var/www/html/outletcorner/trunk/wp-content/themes/outletcorner/vendor/illuminate/view/View.php(137): Illuminate\View\Engines\CompilerEngine->get('/var/www/html/o...', Array)
#2 /var/www/html/outletcorner/trunk/wp-content/themes/outletcorner/vendor/illuminate/view/View.php(120): Illuminate\View\View->getContents()
#3 /var/www/html/outletcorner/trunk/wp-content/themes/outletcorner/vendor/illuminate/view/View.php(85): Illuminate\View\View->renderContents()
#4 /var/www/html/outletcorner/trunk/wp-content/themes/outletcorner/vendor/roots/sage-lib/Template/Blade.php(58): Illuminate\View\View->

2018-03-09T17:05:42+00:00 CRITICAL Uncaught Symfony\Component\Debug\Exception\FatalThrowableError: Parse error: syntax error, unexpected '<' in /var/www/html/outletcorner/trunk/wp-content/uploads/cache/7573482bee5edb721eaefd009e5bda95ef8b6caf.php:48
Stack trace:
#0 /var/www/html/outletcorner/trunk/wp-content/themes/outletcorner/vendor/illuminate/view/Engines/CompilerEngine.php(59): Illuminate\View\Engines\PhpEngine->evaluatePath('/var/www/html/o...', Array)
#1 /var/www/html/outletcorner/trunk/wp-content/themes/outletcorner/vendor/illuminate/view/View.php(137): Illuminate\View\Engines\CompilerEngine->get('/var/www/html/o...', Array)
#2 /var/www/html/outletcorner/trunk/wp-content/themes/outletcorner/vendor/illuminate/view/View.php(120): Illuminate\View\View->getContents()
#3 /var/www/html/outletcorner/trunk/wp-content/themes/outletcorner/vendor/illuminate/view/View.php(85): Illuminate\View\View->renderContents()
#4 /var/www/html/outletcorner/trunk/wp-content/themes/outletcorner/vendor/roots/sage-lib/Template/Blade.php(58): Illuminate\View\View->

2018-03-09T17:28:28+00:00 CRITICAL Uncaught Symfony\Component\Debug\Exception\FatalThrowableError: Parse error: syntax error, unexpected '*' in /var/www/html/outletcorner/trunk/wp-content/uploads/cache/7573482bee5edb721eaefd009e5bda95ef8b6caf.php:56
Stack trace:
#0 /var/www/html/outletcorner/trunk/wp-content/themes/outletcorner/vendor/illuminate/view/Engines/CompilerEngine.php(59): Illuminate\View\Engines\PhpEngine->evaluatePath('/var/www/html/o...', Array)
#1 /var/www/html/outletcorner/trunk/wp-content/themes/outletcorner/vendor/illuminate/view/View.php(137): Illuminate\View\Engines\CompilerEngine->get('/var/www/html/o...', Array)
#2 /var/www/html/outletcorner/trunk/wp-content/themes/outletcorner/vendor/illuminate/view/View.php(120): Illuminate\View\View->getContents()
#3 /var/www/html/outletcorner/trunk/wp-content/themes/outletcorner/vendor/illuminate/view/View.php(85): Illuminate\View\View->renderContents()
#4 /var/www/html/outletcorner/trunk/wp-content/themes/outletcorner/vendor/roots/sage-lib/Template/Blade.php(58): Illuminate\View\View->

2018-03-09T17:28:30+00:00 CRITICAL Uncaught Symfony\Component\Debug\Exception\FatalThrowableError: Parse error: syntax error, unexpected '*' in /var/www/html/outletcorner/trunk/wp-content/uploads/cache/7573482bee5edb721eaefd009e5bda95ef8b6caf.php:56
Stack trace:
#0 /var/www/html/outletcorner/trunk/wp-content/themes/outletcorner/vendor/illuminate/view/Engines/CompilerEngine.php(59): Illuminate\View\Engines\PhpEngine->evaluatePath('/var/www/html/o...', Array)
#1 /var/www/html/outletcorner/trunk/wp-content/themes/outletcorner/vendor/illuminate/view/View.php(137): Illuminate\View\Engines\CompilerEngine->get('/var/www/html/o...', Array)
#2 /var/www/html/outletcorner/trunk/wp-content/themes/outletcorner/vendor/illuminate/view/View.php(120): Illuminate\View\View->getContents()
#3 /var/www/html/outletcorner/trunk/wp-content/themes/outletcorner/vendor/illuminate/view/View.php(85): Illuminate\View\View->renderContents()
#4 /var/www/html/outletcorner/trunk/wp-content/themes/outletcorner/vendor/roots/sage-lib/Template/Blade.php(58): Illuminate\View\View->

2018-03-09T17:38:44+00:00 CRITICAL Uncaught Error: Call to a member function get_average_rating() on null in /var/www/html/outletcorner/trunk/wp-content/plugins/woocommerce/templates/loop/rating.php:29
Stack trace:
#0 /var/www/html/outletcorner/trunk/wp-content/plugins/woocommerce/includes/wc-core-functions.php(211): include()
#1 /var/www/html/outletcorner/trunk/wp-content/plugins/woocommerce/includes/wc-template-functions.php(909): wc_get_template('loop/rating.php')
#2 /var/www/html/outletcorner/trunk/wp-content/themes/outletcorner/app/controllers/front-page.php(39): woocommerce_template_loop_rating(93)
#3 /var/www/html/outletcorner/trunk/wp-content/themes/outletcorner/vendor/soberwp/controller/src/Controller.php(105): App\FrontPage->featuredproduct()
#4 /var/www/html/outletcorner/trunk/wp-content/themes/outletcorner/vendor/soberwp/controller/src/Controller.php(18): Sober\Controller\Controller->__runMethods()
#5 /var/www/html/outletcorner/trunk/wp-content/themes/outletcorner/vendor/soberwp/controller/controller.php(15): Sober\Controller\Contr

2018-03-09T17:38:47+00:00 CRITICAL Uncaught Error: Call to a member function get_average_rating() on null in /var/www/html/outletcorner/trunk/wp-content/plugins/woocommerce/templates/loop/rating.php:29
Stack trace:
#0 /var/www/html/outletcorner/trunk/wp-content/plugins/woocommerce/includes/wc-core-functions.php(211): include()
#1 /var/www/html/outletcorner/trunk/wp-content/plugins/woocommerce/includes/wc-template-functions.php(909): wc_get_template('loop/rating.php')
#2 /var/www/html/outletcorner/trunk/wp-content/themes/outletcorner/app/controllers/front-page.php(39): woocommerce_template_loop_rating(93)
#3 /var/www/html/outletcorner/trunk/wp-content/themes/outletcorner/vendor/soberwp/controller/src/Controller.php(105): App\FrontPage->featuredproduct()
#4 /var/www/html/outletcorner/trunk/wp-content/themes/outletcorner/vendor/soberwp/controller/src/Controller.php(18): Sober\Controller\Controller->__runMethods()
#5 /var/www/html/outletcorner/trunk/wp-content/themes/outletcorner/vendor/soberwp/controller/controller.php(15): Sober\Controller\Contr

2018-03-09T17:51:09+00:00 CRITICAL Uncaught Error: Call to undefined function App\wp_star_rating() in /var/www/html/outletcorner/trunk/wp-content/themes/outletcorner/app/controllers/front-page.php:48
Stack trace:
#0 /var/www/html/outletcorner/trunk/wp-content/themes/outletcorner/vendor/soberwp/controller/src/Controller.php(105): App\FrontPage->featuredproduct()
#1 /var/www/html/outletcorner/trunk/wp-content/themes/outletcorner/vendor/soberwp/controller/src/Controller.php(18): Sober\Controller\Controller->__runMethods()
#2 /var/www/html/outletcorner/trunk/wp-content/themes/outletcorner/vendor/soberwp/controller/controller.php(15): Sober\Controller\Controller->__setup()
#3 /var/www/html/outletcorner/trunk/wp-includes/class-wp-hook.php(288): Sober\Controller\{closure}(Array)
#4 /var/www/html/outletcorner/trunk/wp-includes/plugin.php(203): WP_Hook->apply_filters(Array, Array)
#5 /var/www/html/outletcorner/trunk/wp-content/themes/outletcorner/app/filters.php(51): apply_filters('sage/template/f...', Array, '/var/www/html/o...')
#6 [internal function

2018-03-09T17:51:12+00:00 CRITICAL Uncaught Error: Call to undefined function App\wp_star_rating() in /var/www/html/outletcorner/trunk/wp-content/themes/outletcorner/app/controllers/front-page.php:48
Stack trace:
#0 /var/www/html/outletcorner/trunk/wp-content/themes/outletcorner/vendor/soberwp/controller/src/Controller.php(105): App\FrontPage->featuredproduct()
#1 /var/www/html/outletcorner/trunk/wp-content/themes/outletcorner/vendor/soberwp/controller/src/Controller.php(18): Sober\Controller\Controller->__runMethods()
#2 /var/www/html/outletcorner/trunk/wp-content/themes/outletcorner/vendor/soberwp/controller/controller.php(15): Sober\Controller\Controller->__setup()
#3 /var/www/html/outletcorner/trunk/wp-includes/class-wp-hook.php(288): Sober\Controller\{closure}(Array)
#4 /var/www/html/outletcorner/trunk/wp-includes/plugin.php(203): WP_Hook->apply_filters(Array, Array)
#5 /var/www/html/outletcorner/trunk/wp-content/themes/outletcorner/app/filters.php(51): apply_filters('sage/template/f...', Array, '/var/www/html/o...')
#6 [internal function

2018-03-09T17:52:23+00:00 CRITICAL Uncaught Error: Call to undefined function App\wp_star_rating() in /var/www/html/outletcorner/trunk/wp-content/themes/outletcorner/app/controllers/front-page.php:49
Stack trace:
#0 /var/www/html/outletcorner/trunk/wp-content/themes/outletcorner/vendor/soberwp/controller/src/Controller.php(105): App\FrontPage->featuredproduct()
#1 /var/www/html/outletcorner/trunk/wp-content/themes/outletcorner/vendor/soberwp/controller/src/Controller.php(18): Sober\Controller\Controller->__runMethods()
#2 /var/www/html/outletcorner/trunk/wp-content/themes/outletcorner/vendor/soberwp/controller/controller.php(15): Sober\Controller\Controller->__setup()
#3 /var/www/html/outletcorner/trunk/wp-includes/class-wp-hook.php(288): Sober\Controller\{closure}(Array)
#4 /var/www/html/outletcorner/trunk/wp-includes/plugin.php(203): WP_Hook->apply_filters(Array, Array)
#5 /var/www/html/outletcorner/trunk/wp-content/themes/outletcorner/app/filters.php(51): apply_filters('sage/template/f...', Array, '/var/www/html/o...')
#6 [internal function

2018-03-09T17:59:05+00:00 CRITICAL Uncaught Error: Call to undefined function App\wp_star_rating() in /var/www/html/outletcorner/trunk/wp-content/themes/outletcorner/app/controllers/front-page.php:49
Stack trace:
#0 /var/www/html/outletcorner/trunk/wp-content/themes/outletcorner/vendor/soberwp/controller/src/Controller.php(105): App\FrontPage->featuredproduct()
#1 /var/www/html/outletcorner/trunk/wp-content/themes/outletcorner/vendor/soberwp/controller/src/Controller.php(18): Sober\Controller\Controller->__runMethods()
#2 /var/www/html/outletcorner/trunk/wp-content/themes/outletcorner/vendor/soberwp/controller/controller.php(15): Sober\Controller\Controller->__setup()
#3 /var/www/html/outletcorner/trunk/wp-includes/class-wp-hook.php(288): Sober\Controller\{closure}(Array)
#4 /var/www/html/outletcorner/trunk/wp-includes/plugin.php(203): WP_Hook->apply_filters(Array, Array)
#5 /var/www/html/outletcorner/trunk/wp-content/themes/outletcorner/app/filters.php(51): apply_filters('sage/template/f...', Array, '/var/www/html/o...')
#6 [internal function

2018-03-09T17:59:07+00:00 CRITICAL Uncaught Error: Call to undefined function App\wp_star_rating() in /var/www/html/outletcorner/trunk/wp-content/themes/outletcorner/app/controllers/front-page.php:49
Stack trace:
#0 /var/www/html/outletcorner/trunk/wp-content/themes/outletcorner/vendor/soberwp/controller/src/Controller.php(105): App\FrontPage->featuredproduct()
#1 /var/www/html/outletcorner/trunk/wp-content/themes/outletcorner/vendor/soberwp/controller/src/Controller.php(18): Sober\Controller\Controller->__runMethods()
#2 /var/www/html/outletcorner/trunk/wp-content/themes/outletcorner/vendor/soberwp/controller/controller.php(15): Sober\Controller\Controller->__setup()
#3 /var/www/html/outletcorner/trunk/wp-includes/class-wp-hook.php(288): Sober\Controller\{closure}(Array)
#4 /var/www/html/outletcorner/trunk/wp-includes/plugin.php(203): WP_Hook->apply_filters(Array, Array)
#5 /var/www/html/outletcorner/trunk/wp-content/themes/outletcorner/app/filters.php(51): apply_filters('sage/template/f...', Array, '/var/www/html/o...')
#6 [internal function

2018-03-09T21:01:02+00:00 CRITICAL Uncaught Symfony\Component\Debug\Exception\FatalThrowableError: Call to a member function have_posts() on null in /var/www/html/outletcorner/trunk/wp-content/uploads/cache/5fc58dcdb66272ec7464f6dfe6007d442d3bcafd.php:7
Stack trace:
#0 /var/www/html/outletcorner/trunk/wp-content/themes/outletcorner/vendor/illuminate/view/Engines/PhpEngine.php(42): include()
#1 /var/www/html/outletcorner/trunk/wp-content/themes/outletcorner/vendor/illuminate/view/Engines/CompilerEngine.php(59): Illuminate\View\Engines\PhpEngine->evaluatePath('/var/www/html/o...', Array)
#2 /var/www/html/outletcorner/trunk/wp-content/themes/outletcorner/vendor/illuminate/view/View.php(137): Illuminate\View\Engines\CompilerEngine->get('/var/www/html/o...', Array)
#3 /var/www/html/outletcorner/trunk/wp-content/themes/outletcorner/vendor/illuminate/view/View.php(120): Illuminate\View\View->getContents()
#4 /var/www/html/outletcorner/trunk/wp-content/themes/outletcorner/vendor/illuminate/view/View.php(85): Illuminate\View\View->renderContents()
#5 /

2018-03-09T21:01:03+00:00 CRITICAL Uncaught Symfony\Component\Debug\Exception\FatalThrowableError: Call to a member function have_posts() on null in /var/www/html/outletcorner/trunk/wp-content/uploads/cache/5fc58dcdb66272ec7464f6dfe6007d442d3bcafd.php:7
Stack trace:
#0 /var/www/html/outletcorner/trunk/wp-content/themes/outletcorner/vendor/illuminate/view/Engines/PhpEngine.php(42): include()
#1 /var/www/html/outletcorner/trunk/wp-content/themes/outletcorner/vendor/illuminate/view/Engines/CompilerEngine.php(59): Illuminate\View\Engines\PhpEngine->evaluatePath('/var/www/html/o...', Array)
#2 /var/www/html/outletcorner/trunk/wp-content/themes/outletcorner/vendor/illuminate/view/View.php(137): Illuminate\View\Engines\CompilerEngine->get('/var/www/html/o...', Array)
#3 /var/www/html/outletcorner/trunk/wp-content/themes/outletcorner/vendor/illuminate/view/View.php(120): Illuminate\View\View->getContents()
#4 /var/www/html/outletcorner/trunk/wp-content/themes/outletcorner/vendor/illuminate/view/View.php(85): Illuminate\View\View->renderContents()
#5 /

2018-03-09T21:05:05+00:00 CRITICAL Uncaught Symfony\Component\Debug\Exception\FatalThrowableError: Call to a member function have_posts() on null in /var/www/html/outletcorner/trunk/wp-content/uploads/cache/5fc58dcdb66272ec7464f6dfe6007d442d3bcafd.php:7
Stack trace:
#0 /var/www/html/outletcorner/trunk/wp-content/themes/outletcorner/vendor/illuminate/view/Engines/PhpEngine.php(42): include()
#1 /var/www/html/outletcorner/trunk/wp-content/themes/outletcorner/vendor/illuminate/view/Engines/CompilerEngine.php(59): Illuminate\View\Engines\PhpEngine->evaluatePath('/var/www/html/o...', Array)
#2 /var/www/html/outletcorner/trunk/wp-content/themes/outletcorner/vendor/illuminate/view/View.php(137): Illuminate\View\Engines\CompilerEngine->get('/var/www/html/o...', Array)
#3 /var/www/html/outletcorner/trunk/wp-content/themes/outletcorner/vendor/illuminate/view/View.php(120): Illuminate\View\View->getContents()
#4 /var/www/html/outletcorner/trunk/wp-content/themes/outletcorner/vendor/illuminate/view/View.php(85): Illuminate\View\View->renderContents()
#5 /

2018-03-09T21:05:06+00:00 CRITICAL Uncaught Symfony\Component\Debug\Exception\FatalThrowableError: Call to a member function have_posts() on null in /var/www/html/outletcorner/trunk/wp-content/uploads/cache/5fc58dcdb66272ec7464f6dfe6007d442d3bcafd.php:7
Stack trace:
#0 /var/www/html/outletcorner/trunk/wp-content/themes/outletcorner/vendor/illuminate/view/Engines/PhpEngine.php(42): include()
#1 /var/www/html/outletcorner/trunk/wp-content/themes/outletcorner/vendor/illuminate/view/Engines/CompilerEngine.php(59): Illuminate\View\Engines\PhpEngine->evaluatePath('/var/www/html/o...', Array)
#2 /var/www/html/outletcorner/trunk/wp-content/themes/outletcorner/vendor/illuminate/view/View.php(137): Illuminate\View\Engines\CompilerEngine->get('/var/www/html/o...', Array)
#3 /var/www/html/outletcorner/trunk/wp-content/themes/outletcorner/vendor/illuminate/view/View.php(120): Illuminate\View\View->getContents()
#4 /var/www/html/outletcorner/trunk/wp-content/themes/outletcorner/vendor/illuminate/view/View.php(85): Illuminate\View\View->renderContents()
#5 /

2018-03-09T21:07:44+00:00 CRITICAL Uncaught Symfony\Component\Debug\Exception\FatalThrowableError: Call to a member function have_posts() on null in /var/www/html/outletcorner/trunk/wp-content/uploads/cache/5fc58dcdb66272ec7464f6dfe6007d442d3bcafd.php:7
Stack trace:
#0 /var/www/html/outletcorner/trunk/wp-content/themes/outletcorner/vendor/illuminate/view/Engines/PhpEngine.php(42): include()
#1 /var/www/html/outletcorner/trunk/wp-content/themes/outletcorner/vendor/illuminate/view/Engines/CompilerEngine.php(59): Illuminate\View\Engines\PhpEngine->evaluatePath('/var/www/html/o...', Array)
#2 /var/www/html/outletcorner/trunk/wp-content/themes/outletcorner/vendor/illuminate/view/View.php(137): Illuminate\View\Engines\CompilerEngine->get('/var/www/html/o...', Array)
#3 /var/www/html/outletcorner/trunk/wp-content/themes/outletcorner/vendor/illuminate/view/View.php(120): Illuminate\View\View->getContents()
#4 /var/www/html/outletcorner/trunk/wp-content/themes/outletcorner/vendor/illuminate/view/View.php(85): Illuminate\View\View->renderContents()
#5 /

2018-03-09T21:28:59+00:00 CRITICAL Uncaught InvalidArgumentException: Unrecognized extension in file: reviews in /var/www/html/outletcorner/trunk/wp-content/themes/outletcorner/vendor/illuminate/view/Factory.php:258
Stack trace:
#0 /var/www/html/outletcorner/trunk/wp-content/themes/outletcorner/vendor/illuminate/view/Factory.php(227): Illuminate\View\Factory->getEngineFromPath('reviews')
#1 /var/www/html/outletcorner/trunk/wp-content/themes/outletcorner/vendor/illuminate/view/Factory.php(112): Illuminate\View\Factory->viewInstance('reviews', 'reviews', Array)
#2 [internal function]: Illuminate\View\Factory->file('reviews', Array, Array)
#3 /var/www/html/outletcorner/trunk/wp-content/themes/outletcorner/vendor/roots/sage-lib/Template/Blade.php(138): call_user_func_array(Array, Array)
#4 /var/www/html/outletcorner/trunk/wp-content/themes/outletcorner/vendor/roots/sage-lib/Template/Blade.php(69): Roots\Sage\Template\Blade->__call('file', Array)
#5 /var/www/html/outletcorner/trunk/wp-content/themes/outletcorner/app/helpers.php(70): Roots\Sage\Temp

2018-03-09T21:29:02+00:00 CRITICAL Uncaught InvalidArgumentException: Unrecognized extension in file: reviews in /var/www/html/outletcorner/trunk/wp-content/themes/outletcorner/vendor/illuminate/view/Factory.php:258
Stack trace:
#0 /var/www/html/outletcorner/trunk/wp-content/themes/outletcorner/vendor/illuminate/view/Factory.php(227): Illuminate\View\Factory->getEngineFromPath('reviews')
#1 /var/www/html/outletcorner/trunk/wp-content/themes/outletcorner/vendor/illuminate/view/Factory.php(112): Illuminate\View\Factory->viewInstance('reviews', 'reviews', Array)
#2 [internal function]: Illuminate\View\Factory->file('reviews', Array, Array)
#3 /var/www/html/outletcorner/trunk/wp-content/themes/outletcorner/vendor/roots/sage-lib/Template/Blade.php(138): call_user_func_array(Array, Array)
#4 /var/www/html/outletcorner/trunk/wp-content/themes/outletcorner/vendor/roots/sage-lib/Template/Blade.php(69): Roots\Sage\Template\Blade->__call('file', Array)
#5 /var/www/html/outletcorner/trunk/wp-content/themes/outletcorner/app/helpers.php(70): Roots\Sage\Temp

2018-03-09T21:29:22+00:00 CRITICAL Uncaught InvalidArgumentException: Unrecognized extension in file: reviews in /var/www/html/outletcorner/trunk/wp-content/themes/outletcorner/vendor/illuminate/view/Factory.php:258
Stack trace:
#0 /var/www/html/outletcorner/trunk/wp-content/themes/outletcorner/vendor/illuminate/view/Factory.php(227): Illuminate\View\Factory->getEngineFromPath('reviews')
#1 /var/www/html/outletcorner/trunk/wp-content/themes/outletcorner/vendor/illuminate/view/Factory.php(112): Illuminate\View\Factory->viewInstance('reviews', 'reviews', Array)
#2 [internal function]: Illuminate\View\Factory->file('reviews', Array, Array)
#3 /var/www/html/outletcorner/trunk/wp-content/themes/outletcorner/vendor/roots/sage-lib/Template/Blade.php(138): call_user_func_array(Array, Array)
#4 /var/www/html/outletcorner/trunk/wp-content/themes/outletcorner/vendor/roots/sage-lib/Template/Blade.php(69): Roots\Sage\Template\Blade->__call('file', Array)
#5 /var/www/html/outletcorner/trunk/wp-content/themes/outletcorner/app/helpers.php(70): Roots\Sage\Temp

2018-03-09T21:30:19+00:00 CRITICAL Uncaught InvalidArgumentException: Unrecognized extension in file: reviews in /var/www/html/outletcorner/trunk/wp-content/themes/outletcorner/vendor/illuminate/view/Factory.php:258
Stack trace:
#0 /var/www/html/outletcorner/trunk/wp-content/themes/outletcorner/vendor/illuminate/view/Factory.php(227): Illuminate\View\Factory->getEngineFromPath('reviews')
#1 /var/www/html/outletcorner/trunk/wp-content/themes/outletcorner/vendor/illuminate/view/Factory.php(112): Illuminate\View\Factory->viewInstance('reviews', 'reviews', Array)
#2 [internal function]: Illuminate\View\Factory->file('reviews', Array, Array)
#3 /var/www/html/outletcorner/trunk/wp-content/themes/outletcorner/vendor/roots/sage-lib/Template/Blade.php(138): call_user_func_array(Array, Array)
#4 /var/www/html/outletcorner/trunk/wp-content/themes/outletcorner/vendor/roots/sage-lib/Template/Blade.php(69): Roots\Sage\Template\Blade->__call('file', Array)
#5 /var/www/html/outletcorner/trunk/wp-content/themes/outletcorner/app/helpers.php(70): Roots\Sage\Temp

2018-03-09T21:30:20+00:00 CRITICAL Uncaught InvalidArgumentException: Unrecognized extension in file: reviews in /var/www/html/outletcorner/trunk/wp-content/themes/outletcorner/vendor/illuminate/view/Factory.php:258
Stack trace:
#0 /var/www/html/outletcorner/trunk/wp-content/themes/outletcorner/vendor/illuminate/view/Factory.php(227): Illuminate\View\Factory->getEngineFromPath('reviews')
#1 /var/www/html/outletcorner/trunk/wp-content/themes/outletcorner/vendor/illuminate/view/Factory.php(112): Illuminate\View\Factory->viewInstance('reviews', 'reviews', Array)
#2 [internal function]: Illuminate\View\Factory->file('reviews', Array, Array)
#3 /var/www/html/outletcorner/trunk/wp-content/themes/outletcorner/vendor/roots/sage-lib/Template/Blade.php(138): call_user_func_array(Array, Array)
#4 /var/www/html/outletcorner/trunk/wp-content/themes/outletcorner/vendor/roots/sage-lib/Template/Blade.php(69): Roots\Sage\Template\Blade->__call('file', Array)
#5 /var/www/html/outletcorner/trunk/wp-content/themes/outletcorner/app/helpers.php(70): Roots\Sage\Temp

2018-03-09T21:30:21+00:00 CRITICAL Uncaught InvalidArgumentException: Unrecognized extension in file: reviews in /var/www/html/outletcorner/trunk/wp-content/themes/outletcorner/vendor/illuminate/view/Factory.php:258
Stack trace:
#0 /var/www/html/outletcorner/trunk/wp-content/themes/outletcorner/vendor/illuminate/view/Factory.php(227): Illuminate\View\Factory->getEngineFromPath('reviews')
#1 /var/www/html/outletcorner/trunk/wp-content/themes/outletcorner/vendor/illuminate/view/Factory.php(112): Illuminate\View\Factory->viewInstance('reviews', 'reviews', Array)
#2 [internal function]: Illuminate\View\Factory->file('reviews', Array, Array)
#3 /var/www/html/outletcorner/trunk/wp-content/themes/outletcorner/vendor/roots/sage-lib/Template/Blade.php(138): call_user_func_array(Array, Array)
#4 /var/www/html/outletcorner/trunk/wp-content/themes/outletcorner/vendor/roots/sage-lib/Template/Blade.php(69): Roots\Sage\Template\Blade->__call('file', Array)
#5 /var/www/html/outletcorner/trunk/wp-content/themes/outletcorner/app/helpers.php(70): Roots\Sage\Temp

2018-03-09T21:30:59+00:00 CRITICAL Uncaught InvalidArgumentException: Unrecognized extension in file: reviews in /var/www/html/outletcorner/trunk/wp-content/themes/outletcorner/vendor/illuminate/view/Factory.php:258
Stack trace:
#0 /var/www/html/outletcorner/trunk/wp-content/themes/outletcorner/vendor/illuminate/view/Factory.php(227): Illuminate\View\Factory->getEngineFromPath('reviews')
#1 /var/www/html/outletcorner/trunk/wp-content/themes/outletcorner/vendor/illuminate/view/Factory.php(112): Illuminate\View\Factory->viewInstance('reviews', 'reviews', Array)
#2 [internal function]: Illuminate\View\Factory->file('reviews', Array, Array)
#3 /var/www/html/outletcorner/trunk/wp-content/themes/outletcorner/vendor/roots/sage-lib/Template/Blade.php(138): call_user_func_array(Array, Array)
#4 /var/www/html/outletcorner/trunk/wp-content/themes/outletcorner/vendor/roots/sage-lib/Template/Blade.php(69): Roots\Sage\Template\Blade->__call('file', Array)
#5 /var/www/html/outletcorner/trunk/wp-content/themes/outletcorner/app/helpers.php(70): Roots\Sage\Temp

2018-03-09T21:31:00+00:00 CRITICAL Uncaught InvalidArgumentException: Unrecognized extension in file: reviews in /var/www/html/outletcorner/trunk/wp-content/themes/outletcorner/vendor/illuminate/view/Factory.php:258
Stack trace:
#0 /var/www/html/outletcorner/trunk/wp-content/themes/outletcorner/vendor/illuminate/view/Factory.php(227): Illuminate\View\Factory->getEngineFromPath('reviews')
#1 /var/www/html/outletcorner/trunk/wp-content/themes/outletcorner/vendor/illuminate/view/Factory.php(112): Illuminate\View\Factory->viewInstance('reviews', 'reviews', Array)
#2 [internal function]: Illuminate\View\Factory->file('reviews', Array, Array)
#3 /var/www/html/outletcorner/trunk/wp-content/themes/outletcorner/vendor/roots/sage-lib/Template/Blade.php(138): call_user_func_array(Array, Array)
#4 /var/www/html/outletcorner/trunk/wp-content/themes/outletcorner/vendor/roots/sage-lib/Template/Blade.php(69): Roots\Sage\Template\Blade->__call('file', Array)
#5 /var/www/html/outletcorner/trunk/wp-content/themes/outletcorner/app/helpers.php(70): Roots\Sage\Temp

2018-03-09T21:31:01+00:00 CRITICAL Uncaught InvalidArgumentException: Unrecognized extension in file: reviews in /var/www/html/outletcorner/trunk/wp-content/themes/outletcorner/vendor/illuminate/view/Factory.php:258
Stack trace:
#0 /var/www/html/outletcorner/trunk/wp-content/themes/outletcorner/vendor/illuminate/view/Factory.php(227): Illuminate\View\Factory->getEngineFromPath('reviews')
#1 /var/www/html/outletcorner/trunk/wp-content/themes/outletcorner/vendor/illuminate/view/Factory.php(112): Illuminate\View\Factory->viewInstance('reviews', 'reviews', Array)
#2 [internal function]: Illuminate\View\Factory->file('reviews', Array, Array)
#3 /var/www/html/outletcorner/trunk/wp-content/themes/outletcorner/vendor/roots/sage-lib/Template/Blade.php(138): call_user_func_array(Array, Array)
#4 /var/www/html/outletcorner/trunk/wp-content/themes/outletcorner/vendor/roots/sage-lib/Template/Blade.php(69): Roots\Sage\Template\Blade->__call('file', Array)
#5 /var/www/html/outletcorner/trunk/wp-content/themes/outletcorner/app/helpers.php(70): Roots\Sage\Temp

2018-03-09T21:31:01+00:00 CRITICAL Uncaught InvalidArgumentException: Unrecognized extension in file: reviews in /var/www/html/outletcorner/trunk/wp-content/themes/outletcorner/vendor/illuminate/view/Factory.php:258
Stack trace:
#0 /var/www/html/outletcorner/trunk/wp-content/themes/outletcorner/vendor/illuminate/view/Factory.php(227): Illuminate\View\Factory->getEngineFromPath('reviews')
#1 /var/www/html/outletcorner/trunk/wp-content/themes/outletcorner/vendor/illuminate/view/Factory.php(112): Illuminate\View\Factory->viewInstance('reviews', 'reviews', Array)
#2 [internal function]: Illuminate\View\Factory->file('reviews', Array, Array)
#3 /var/www/html/outletcorner/trunk/wp-content/themes/outletcorner/vendor/roots/sage-lib/Template/Blade.php(138): call_user_func_array(Array, Array)
#4 /var/www/html/outletcorner/trunk/wp-content/themes/outletcorner/vendor/roots/sage-lib/Template/Blade.php(69): Roots\Sage\Template\Blade->__call('file', Array)
#5 /var/www/html/outletcorner/trunk/wp-content/themes/outletcorner/app/helpers.php(70): Roots\Sage\Temp

2018-03-09T21:31:01+00:00 CRITICAL Uncaught InvalidArgumentException: Unrecognized extension in file: reviews in /var/www/html/outletcorner/trunk/wp-content/themes/outletcorner/vendor/illuminate/view/Factory.php:258
Stack trace:
#0 /var/www/html/outletcorner/trunk/wp-content/themes/outletcorner/vendor/illuminate/view/Factory.php(227): Illuminate\View\Factory->getEngineFromPath('reviews')
#1 /var/www/html/outletcorner/trunk/wp-content/themes/outletcorner/vendor/illuminate/view/Factory.php(112): Illuminate\View\Factory->viewInstance('reviews', 'reviews', Array)
#2 [internal function]: Illuminate\View\Factory->file('reviews', Array, Array)
#3 /var/www/html/outletcorner/trunk/wp-content/themes/outletcorner/vendor/roots/sage-lib/Template/Blade.php(138): call_user_func_array(Array, Array)
#4 /var/www/html/outletcorner/trunk/wp-content/themes/outletcorner/vendor/roots/sage-lib/Template/Blade.php(69): Roots\Sage\Template\Blade->__call('file', Array)
#5 /var/www/html/outletcorner/trunk/wp-content/themes/outletcorner/app/helpers.php(70): Roots\Sage\Temp

2018-03-09T21:31:01+00:00 CRITICAL Uncaught InvalidArgumentException: Unrecognized extension in file: reviews in /var/www/html/outletcorner/trunk/wp-content/themes/outletcorner/vendor/illuminate/view/Factory.php:258
Stack trace:
#0 /var/www/html/outletcorner/trunk/wp-content/themes/outletcorner/vendor/illuminate/view/Factory.php(227): Illuminate\View\Factory->getEngineFromPath('reviews')
#1 /var/www/html/outletcorner/trunk/wp-content/themes/outletcorner/vendor/illuminate/view/Factory.php(112): Illuminate\View\Factory->viewInstance('reviews', 'reviews', Array)
#2 [internal function]: Illuminate\View\Factory->file('reviews', Array, Array)
#3 /var/www/html/outletcorner/trunk/wp-content/themes/outletcorner/vendor/roots/sage-lib/Template/Blade.php(138): call_user_func_array(Array, Array)
#4 /var/www/html/outletcorner/trunk/wp-content/themes/outletcorner/vendor/roots/sage-lib/Template/Blade.php(69): Roots\Sage\Template\Blade->__call('file', Array)
#5 /var/www/html/outletcorner/trunk/wp-content/themes/outletcorner/app/helpers.php(70): Roots\Sage\Temp

2018-03-09T21:31:01+00:00 CRITICAL Uncaught InvalidArgumentException: Unrecognized extension in file: reviews in /var/www/html/outletcorner/trunk/wp-content/themes/outletcorner/vendor/illuminate/view/Factory.php:258
Stack trace:
#0 /var/www/html/outletcorner/trunk/wp-content/themes/outletcorner/vendor/illuminate/view/Factory.php(227): Illuminate\View\Factory->getEngineFromPath('reviews')
#1 /var/www/html/outletcorner/trunk/wp-content/themes/outletcorner/vendor/illuminate/view/Factory.php(112): Illuminate\View\Factory->viewInstance('reviews', 'reviews', Array)
#2 [internal function]: Illuminate\View\Factory->file('reviews', Array, Array)
#3 /var/www/html/outletcorner/trunk/wp-content/themes/outletcorner/vendor/roots/sage-lib/Template/Blade.php(138): call_user_func_array(Array, Array)
#4 /var/www/html/outletcorner/trunk/wp-content/themes/outletcorner/vendor/roots/sage-lib/Template/Blade.php(69): Roots\Sage\Template\Blade->__call('file', Array)
#5 /var/www/html/outletcorner/trunk/wp-content/themes/outletcorner/app/helpers.php(70): Roots\Sage\Temp

2018-03-09T21:31:01+00:00 CRITICAL Uncaught InvalidArgumentException: Unrecognized extension in file: reviews in /var/www/html/outletcorner/trunk/wp-content/themes/outletcorner/vendor/illuminate/view/Factory.php:258
Stack trace:
#0 /var/www/html/outletcorner/trunk/wp-content/themes/outletcorner/vendor/illuminate/view/Factory.php(227): Illuminate\View\Factory->getEngineFromPath('reviews')
#1 /var/www/html/outletcorner/trunk/wp-content/themes/outletcorner/vendor/illuminate/view/Factory.php(112): Illuminate\View\Factory->viewInstance('reviews', 'reviews', Array)
#2 [internal function]: Illuminate\View\Factory->file('reviews', Array, Array)
#3 /var/www/html/outletcorner/trunk/wp-content/themes/outletcorner/vendor/roots/sage-lib/Template/Blade.php(138): call_user_func_array(Array, Array)
#4 /var/www/html/outletcorner/trunk/wp-content/themes/outletcorner/vendor/roots/sage-lib/Template/Blade.php(69): Roots\Sage\Template\Blade->__call('file', Array)
#5 /var/www/html/outletcorner/trunk/wp-content/themes/outletcorner/app/helpers.php(70): Roots\Sage\Temp

2018-03-09T21:31:01+00:00 CRITICAL Uncaught InvalidArgumentException: Unrecognized extension in file: reviews in /var/www/html/outletcorner/trunk/wp-content/themes/outletcorner/vendor/illuminate/view/Factory.php:258
Stack trace:
#0 /var/www/html/outletcorner/trunk/wp-content/themes/outletcorner/vendor/illuminate/view/Factory.php(227): Illuminate\View\Factory->getEngineFromPath('reviews')
#1 /var/www/html/outletcorner/trunk/wp-content/themes/outletcorner/vendor/illuminate/view/Factory.php(112): Illuminate\View\Factory->viewInstance('reviews', 'reviews', Array)
#2 [internal function]: Illuminate\View\Factory->file('reviews', Array, Array)
#3 /var/www/html/outletcorner/trunk/wp-content/themes/outletcorner/vendor/roots/sage-lib/Template/Blade.php(138): call_user_func_array(Array, Array)
#4 /var/www/html/outletcorner/trunk/wp-content/themes/outletcorner/vendor/roots/sage-lib/Template/Blade.php(69): Roots\Sage\Template\Blade->__call('file', Array)
#5 /var/www/html/outletcorner/trunk/wp-content/themes/outletcorner/app/helpers.php(70): Roots\Sage\Temp

2018-03-09T21:31:01+00:00 CRITICAL Uncaught InvalidArgumentException: Unrecognized extension in file: reviews in /var/www/html/outletcorner/trunk/wp-content/themes/outletcorner/vendor/illuminate/view/Factory.php:258
Stack trace:
#0 /var/www/html/outletcorner/trunk/wp-content/themes/outletcorner/vendor/illuminate/view/Factory.php(227): Illuminate\View\Factory->getEngineFromPath('reviews')
#1 /var/www/html/outletcorner/trunk/wp-content/themes/outletcorner/vendor/illuminate/view/Factory.php(112): Illuminate\View\Factory->viewInstance('reviews', 'reviews', Array)
#2 [internal function]: Illuminate\View\Factory->file('reviews', Array, Array)
#3 /var/www/html/outletcorner/trunk/wp-content/themes/outletcorner/vendor/roots/sage-lib/Template/Blade.php(138): call_user_func_array(Array, Array)
#4 /var/www/html/outletcorner/trunk/wp-content/themes/outletcorner/vendor/roots/sage-lib/Template/Blade.php(69): Roots\Sage\Template\Blade->__call('file', Array)
#5 /var/www/html/outletcorner/trunk/wp-content/themes/outletcorner/app/helpers.php(70): Roots\Sage\Temp

2018-03-09T21:31:02+00:00 CRITICAL Uncaught InvalidArgumentException: Unrecognized extension in file: reviews in /var/www/html/outletcorner/trunk/wp-content/themes/outletcorner/vendor/illuminate/view/Factory.php:258
Stack trace:
#0 /var/www/html/outletcorner/trunk/wp-content/themes/outletcorner/vendor/illuminate/view/Factory.php(227): Illuminate\View\Factory->getEngineFromPath('reviews')
#1 /var/www/html/outletcorner/trunk/wp-content/themes/outletcorner/vendor/illuminate/view/Factory.php(112): Illuminate\View\Factory->viewInstance('reviews', 'reviews', Array)
#2 [internal function]: Illuminate\View\Factory->file('reviews', Array, Array)
#3 /var/www/html/outletcorner/trunk/wp-content/themes/outletcorner/vendor/roots/sage-lib/Template/Blade.php(138): call_user_func_array(Array, Array)
#4 /var/www/html/outletcorner/trunk/wp-content/themes/outletcorner/vendor/roots/sage-lib/Template/Blade.php(69): Roots\Sage\Template\Blade->__call('file', Array)
#5 /var/www/html/outletcorner/trunk/wp-content/themes/outletcorner/app/helpers.php(70): Roots\Sage\Temp

2018-03-09T21:31:05+00:00 CRITICAL Uncaught InvalidArgumentException: Unrecognized extension in file: reviews in /var/www/html/outletcorner/trunk/wp-content/themes/outletcorner/vendor/illuminate/view/Factory.php:258
Stack trace:
#0 /var/www/html/outletcorner/trunk/wp-content/themes/outletcorner/vendor/illuminate/view/Factory.php(227): Illuminate\View\Factory->getEngineFromPath('reviews')
#1 /var/www/html/outletcorner/trunk/wp-content/themes/outletcorner/vendor/illuminate/view/Factory.php(112): Illuminate\View\Factory->viewInstance('reviews', 'reviews', Array)
#2 [internal function]: Illuminate\View\Factory->file('reviews', Array, Array)
#3 /var/www/html/outletcorner/trunk/wp-content/themes/outletcorner/vendor/roots/sage-lib/Template/Blade.php(138): call_user_func_array(Array, Array)
#4 /var/www/html/outletcorner/trunk/wp-content/themes/outletcorner/vendor/roots/sage-lib/Template/Blade.php(69): Roots\Sage\Template\Blade->__call('file', Array)
#5 /var/www/html/outletcorner/trunk/wp-content/themes/outletcorner/app/helpers.php(70): Roots\Sage\Temp

2018-03-09T21:31:06+00:00 CRITICAL Uncaught InvalidArgumentException: Unrecognized extension in file: reviews in /var/www/html/outletcorner/trunk/wp-content/themes/outletcorner/vendor/illuminate/view/Factory.php:258
Stack trace:
#0 /var/www/html/outletcorner/trunk/wp-content/themes/outletcorner/vendor/illuminate/view/Factory.php(227): Illuminate\View\Factory->getEngineFromPath('reviews')
#1 /var/www/html/outletcorner/trunk/wp-content/themes/outletcorner/vendor/illuminate/view/Factory.php(112): Illuminate\View\Factory->viewInstance('reviews', 'reviews', Array)
#2 [internal function]: Illuminate\View\Factory->file('reviews', Array, Array)
#3 /var/www/html/outletcorner/trunk/wp-content/themes/outletcorner/vendor/roots/sage-lib/Template/Blade.php(138): call_user_func_array(Array, Array)
#4 /var/www/html/outletcorner/trunk/wp-content/themes/outletcorner/vendor/roots/sage-lib/Template/Blade.php(69): Roots\Sage\Template\Blade->__call('file', Array)
#5 /var/www/html/outletcorner/trunk/wp-content/themes/outletcorner/app/helpers.php(70): Roots\Sage\Temp

2018-03-09T21:31:07+00:00 CRITICAL Uncaught InvalidArgumentException: Unrecognized extension in file: reviews in /var/www/html/outletcorner/trunk/wp-content/themes/outletcorner/vendor/illuminate/view/Factory.php:258
Stack trace:
#0 /var/www/html/outletcorner/trunk/wp-content/themes/outletcorner/vendor/illuminate/view/Factory.php(227): Illuminate\View\Factory->getEngineFromPath('reviews')
#1 /var/www/html/outletcorner/trunk/wp-content/themes/outletcorner/vendor/illuminate/view/Factory.php(112): Illuminate\View\Factory->viewInstance('reviews', 'reviews', Array)
#2 [internal function]: Illuminate\View\Factory->file('reviews', Array, Array)
#3 /var/www/html/outletcorner/trunk/wp-content/themes/outletcorner/vendor/roots/sage-lib/Template/Blade.php(138): call_user_func_array(Array, Array)
#4 /var/www/html/outletcorner/trunk/wp-content/themes/outletcorner/vendor/roots/sage-lib/Template/Blade.php(69): Roots\Sage\Template\Blade->__call('file', Array)
#5 /var/www/html/outletcorner/trunk/wp-content/themes/outletcorner/app/helpers.php(70): Roots\Sage\Temp

2018-03-09T21:31:43+00:00 CRITICAL Uncaught InvalidArgumentException: Unrecognized extension in file: reviews in /var/www/html/outletcorner/trunk/wp-content/themes/outletcorner/vendor/illuminate/view/Factory.php:258
Stack trace:
#0 /var/www/html/outletcorner/trunk/wp-content/themes/outletcorner/vendor/illuminate/view/Factory.php(227): Illuminate\View\Factory->getEngineFromPath('reviews')
#1 /var/www/html/outletcorner/trunk/wp-content/themes/outletcorner/vendor/illuminate/view/Factory.php(112): Illuminate\View\Factory->viewInstance('reviews', 'reviews', Array)
#2 [internal function]: Illuminate\View\Factory->file('reviews', Array, Array)
#3 /var/www/html/outletcorner/trunk/wp-content/themes/outletcorner/vendor/roots/sage-lib/Template/Blade.php(138): call_user_func_array(Array, Array)
#4 /var/www/html/outletcorner/trunk/wp-content/themes/outletcorner/vendor/roots/sage-lib/Template/Blade.php(69): Roots\Sage\Template\Blade->__call('file', Array)
#5 /var/www/html/outletcorner/trunk/wp-content/themes/outletcorner/app/helpers.php(70): Roots\Sage\Temp

2018-03-09T21:31:44+00:00 CRITICAL Uncaught InvalidArgumentException: Unrecognized extension in file: reviews in /var/www/html/outletcorner/trunk/wp-content/themes/outletcorner/vendor/illuminate/view/Factory.php:258
Stack trace:
#0 /var/www/html/outletcorner/trunk/wp-content/themes/outletcorner/vendor/illuminate/view/Factory.php(227): Illuminate\View\Factory->getEngineFromPath('reviews')
#1 /var/www/html/outletcorner/trunk/wp-content/themes/outletcorner/vendor/illuminate/view/Factory.php(112): Illuminate\View\Factory->viewInstance('reviews', 'reviews', Array)
#2 [internal function]: Illuminate\View\Factory->file('reviews', Array, Array)
#3 /var/www/html/outletcorner/trunk/wp-content/themes/outletcorner/vendor/roots/sage-lib/Template/Blade.php(138): call_user_func_array(Array, Array)
#4 /var/www/html/outletcorner/trunk/wp-content/themes/outletcorner/vendor/roots/sage-lib/Template/Blade.php(69): Roots\Sage\Template\Blade->__call('file', Array)
#5 /var/www/html/outletcorner/trunk/wp-content/themes/outletcorner/app/helpers.php(70): Roots\Sage\Temp

2018-03-09T21:31:45+00:00 CRITICAL Uncaught InvalidArgumentException: Unrecognized extension in file: reviews in /var/www/html/outletcorner/trunk/wp-content/themes/outletcorner/vendor/illuminate/view/Factory.php:258
Stack trace:
#0 /var/www/html/outletcorner/trunk/wp-content/themes/outletcorner/vendor/illuminate/view/Factory.php(227): Illuminate\View\Factory->getEngineFromPath('reviews')
#1 /var/www/html/outletcorner/trunk/wp-content/themes/outletcorner/vendor/illuminate/view/Factory.php(112): Illuminate\View\Factory->viewInstance('reviews', 'reviews', Array)
#2 [internal function]: Illuminate\View\Factory->file('reviews', Array, Array)
#3 /var/www/html/outletcorner/trunk/wp-content/themes/outletcorner/vendor/roots/sage-lib/Template/Blade.php(138): call_user_func_array(Array, Array)
#4 /var/www/html/outletcorner/trunk/wp-content/themes/outletcorner/vendor/roots/sage-lib/Template/Blade.php(69): Roots\Sage\Template\Blade->__call('file', Array)
#5 /var/www/html/outletcorner/trunk/wp-content/themes/outletcorner/app/helpers.php(70): Roots\Sage\Temp

2018-03-09T21:31:45+00:00 CRITICAL Uncaught InvalidArgumentException: Unrecognized extension in file: reviews in /var/www/html/outletcorner/trunk/wp-content/themes/outletcorner/vendor/illuminate/view/Factory.php:258
Stack trace:
#0 /var/www/html/outletcorner/trunk/wp-content/themes/outletcorner/vendor/illuminate/view/Factory.php(227): Illuminate\View\Factory->getEngineFromPath('reviews')
#1 /var/www/html/outletcorner/trunk/wp-content/themes/outletcorner/vendor/illuminate/view/Factory.php(112): Illuminate\View\Factory->viewInstance('reviews', 'reviews', Array)
#2 [internal function]: Illuminate\View\Factory->file('reviews', Array, Array)
#3 /var/www/html/outletcorner/trunk/wp-content/themes/outletcorner/vendor/roots/sage-lib/Template/Blade.php(138): call_user_func_array(Array, Array)
#4 /var/www/html/outletcorner/trunk/wp-content/themes/outletcorner/vendor/roots/sage-lib/Template/Blade.php(69): Roots\Sage\Template\Blade->__call('file', Array)
#5 /var/www/html/outletcorner/trunk/wp-content/themes/outletcorner/app/helpers.php(70): Roots\Sage\Temp

2018-03-09T21:31:47+00:00 CRITICAL Uncaught InvalidArgumentException: Unrecognized extension in file: reviews in /var/www/html/outletcorner/trunk/wp-content/themes/outletcorner/vendor/illuminate/view/Factory.php:258
Stack trace:
#0 /var/www/html/outletcorner/trunk/wp-content/themes/outletcorner/vendor/illuminate/view/Factory.php(227): Illuminate\View\Factory->getEngineFromPath('reviews')
#1 /var/www/html/outletcorner/trunk/wp-content/themes/outletcorner/vendor/illuminate/view/Factory.php(112): Illuminate\View\Factory->viewInstance('reviews', 'reviews', Array)
#2 [internal function]: Illuminate\View\Factory->file('reviews', Array, Array)
#3 /var/www/html/outletcorner/trunk/wp-content/themes/outletcorner/vendor/roots/sage-lib/Template/Blade.php(138): call_user_func_array(Array, Array)
#4 /var/www/html/outletcorner/trunk/wp-content/themes/outletcorner/vendor/roots/sage-lib/Template/Blade.php(69): Roots\Sage\Template\Blade->__call('file', Array)
#5 /var/www/html/outletcorner/trunk/wp-content/themes/outletcorner/app/helpers.php(70): Roots\Sage\Temp

2018-03-09T21:32:25+00:00 CRITICAL Uncaught InvalidArgumentException: Unrecognized extension in file: reviews in /var/www/html/outletcorner/trunk/wp-content/themes/outletcorner/vendor/illuminate/view/Factory.php:258
Stack trace:
#0 /var/www/html/outletcorner/trunk/wp-content/themes/outletcorner/vendor/illuminate/view/Factory.php(227): Illuminate\View\Factory->getEngineFromPath('reviews')
#1 /var/www/html/outletcorner/trunk/wp-content/themes/outletcorner/vendor/illuminate/view/Factory.php(112): Illuminate\View\Factory->viewInstance('reviews', 'reviews', Array)
#2 [internal function]: Illuminate\View\Factory->file('reviews', Array, Array)
#3 /var/www/html/outletcorner/trunk/wp-content/themes/outletcorner/vendor/roots/sage-lib/Template/Blade.php(138): call_user_func_array(Array, Array)
#4 /var/www/html/outletcorner/trunk/wp-content/themes/outletcorner/vendor/roots/sage-lib/Template/Blade.php(69): Roots\Sage\Template\Blade->__call('file', Array)
#5 /var/www/html/outletcorner/trunk/wp-content/themes/outletcorner/app/helpers.php(70): Roots\Sage\Temp

2018-03-09T21:32:26+00:00 CRITICAL Uncaught InvalidArgumentException: Unrecognized extension in file: reviews in /var/www/html/outletcorner/trunk/wp-content/themes/outletcorner/vendor/illuminate/view/Factory.php:258
Stack trace:
#0 /var/www/html/outletcorner/trunk/wp-content/themes/outletcorner/vendor/illuminate/view/Factory.php(227): Illuminate\View\Factory->getEngineFromPath('reviews')
#1 /var/www/html/outletcorner/trunk/wp-content/themes/outletcorner/vendor/illuminate/view/Factory.php(112): Illuminate\View\Factory->viewInstance('reviews', 'reviews', Array)
#2 [internal function]: Illuminate\View\Factory->file('reviews', Array, Array)
#3 /var/www/html/outletcorner/trunk/wp-content/themes/outletcorner/vendor/roots/sage-lib/Template/Blade.php(138): call_user_func_array(Array, Array)
#4 /var/www/html/outletcorner/trunk/wp-content/themes/outletcorner/vendor/roots/sage-lib/Template/Blade.php(69): Roots\Sage\Template\Blade->__call('file', Array)
#5 /var/www/html/outletcorner/trunk/wp-content/themes/outletcorner/app/helpers.php(70): Roots\Sage\Temp

2018-03-09T21:32:33+00:00 CRITICAL Uncaught InvalidArgumentException: Unrecognized extension in file: reviews in /var/www/html/outletcorner/trunk/wp-content/themes/outletcorner/vendor/illuminate/view/Factory.php:258
Stack trace:
#0 /var/www/html/outletcorner/trunk/wp-content/themes/outletcorner/vendor/illuminate/view/Factory.php(227): Illuminate\View\Factory->getEngineFromPath('reviews')
#1 /var/www/html/outletcorner/trunk/wp-content/themes/outletcorner/vendor/illuminate/view/Factory.php(112): Illuminate\View\Factory->viewInstance('reviews', 'reviews', Array)
#2 [internal function]: Illuminate\View\Factory->file('reviews', Array, Array)
#3 /var/www/html/outletcorner/trunk/wp-content/themes/outletcorner/vendor/roots/sage-lib/Template/Blade.php(138): call_user_func_array(Array, Array)
#4 /var/www/html/outletcorner/trunk/wp-content/themes/outletcorner/vendor/roots/sage-lib/Template/Blade.php(69): Roots\Sage\Template\Blade->__call('file', Array)
#5 /var/www/html/outletcorner/trunk/wp-content/themes/outletcorner/app/helpers.php(70): Roots\Sage\Temp

2018-03-09T21:32:46+00:00 CRITICAL Uncaught InvalidArgumentException: Unrecognized extension in file: reviews in /var/www/html/outletcorner/trunk/wp-content/themes/outletcorner/vendor/illuminate/view/Factory.php:258
Stack trace:
#0 /var/www/html/outletcorner/trunk/wp-content/themes/outletcorner/vendor/illuminate/view/Factory.php(227): Illuminate\View\Factory->getEngineFromPath('reviews')
#1 /var/www/html/outletcorner/trunk/wp-content/themes/outletcorner/vendor/illuminate/view/Factory.php(112): Illuminate\View\Factory->viewInstance('reviews', 'reviews', Array)
#2 [internal function]: Illuminate\View\Factory->file('reviews', Array, Array)
#3 /var/www/html/outletcorner/trunk/wp-content/themes/outletcorner/vendor/roots/sage-lib/Template/Blade.php(138): call_user_func_array(Array, Array)
#4 /var/www/html/outletcorner/trunk/wp-content/themes/outletcorner/vendor/roots/sage-lib/Template/Blade.php(69): Roots\Sage\Template\Blade->__call('file', Array)
#5 /var/www/html/outletcorner/trunk/wp-content/themes/outletcorner/app/helpers.php(70): Roots\Sage\Temp

2018-03-09T21:54:06+00:00 CRITICAL Uncaught InvalidArgumentException: Unrecognized extension in file: reviews in /var/www/html/outletcorner/trunk/wp-content/themes/outletcorner/vendor/illuminate/view/Factory.php:258
Stack trace:
#0 /var/www/html/outletcorner/trunk/wp-content/themes/outletcorner/vendor/illuminate/view/Factory.php(227): Illuminate\View\Factory->getEngineFromPath('reviews')
#1 /var/www/html/outletcorner/trunk/wp-content/themes/outletcorner/vendor/illuminate/view/Factory.php(112): Illuminate\View\Factory->viewInstance('reviews', 'reviews', Array)
#2 [internal function]: Illuminate\View\Factory->file('reviews', Array, Array)
#3 /var/www/html/outletcorner/trunk/wp-content/themes/outletcorner/vendor/roots/sage-lib/Template/Blade.php(138): call_user_func_array(Array, Array)
#4 /var/www/html/outletcorner/trunk/wp-content/themes/outletcorner/vendor/roots/sage-lib/Template/Blade.php(69): Roots\Sage\Template\Blade->__call('file', Array)
#5 /var/www/html/outletcorner/trunk/wp-content/themes/outletcorner/app/helpers.php(70): Roots\Sage\Temp

2018-03-09T21:54:10+00:00 CRITICAL Uncaught InvalidArgumentException: Unrecognized extension in file: reviews in /var/www/html/outletcorner/trunk/wp-content/themes/outletcorner/vendor/illuminate/view/Factory.php:258
Stack trace:
#0 /var/www/html/outletcorner/trunk/wp-content/themes/outletcorner/vendor/illuminate/view/Factory.php(227): Illuminate\View\Factory->getEngineFromPath('reviews')
#1 /var/www/html/outletcorner/trunk/wp-content/themes/outletcorner/vendor/illuminate/view/Factory.php(112): Illuminate\View\Factory->viewInstance('reviews', 'reviews', Array)
#2 [internal function]: Illuminate\View\Factory->file('reviews', Array, Array)
#3 /var/www/html/outletcorner/trunk/wp-content/themes/outletcorner/vendor/roots/sage-lib/Template/Blade.php(138): call_user_func_array(Array, Array)
#4 /var/www/html/outletcorner/trunk/wp-content/themes/outletcorner/vendor/roots/sage-lib/Template/Blade.php(69): Roots\Sage\Template\Blade->__call('file', Array)
#5 /var/www/html/outletcorner/trunk/wp-content/themes/outletcorner/app/helpers.php(70): Roots\Sage\Temp

2018-03-09T21:59:50+00:00 CRITICAL Uncaught InvalidArgumentException: Unrecognized extension in file: reviews in /var/www/html/outletcorner/trunk/wp-content/themes/outletcorner/vendor/illuminate/view/Factory.php:258
Stack trace:
#0 /var/www/html/outletcorner/trunk/wp-content/themes/outletcorner/vendor/illuminate/view/Factory.php(227): Illuminate\View\Factory->getEngineFromPath('reviews')
#1 /var/www/html/outletcorner/trunk/wp-content/themes/outletcorner/vendor/illuminate/view/Factory.php(112): Illuminate\View\Factory->viewInstance('reviews', 'reviews', Array)
#2 [internal function]: Illuminate\View\Factory->file('reviews', Array, Array)
#3 /var/www/html/outletcorner/trunk/wp-content/themes/outletcorner/vendor/roots/sage-lib/Template/Blade.php(138): call_user_func_array(Array, Array)
#4 /var/www/html/outletcorner/trunk/wp-content/themes/outletcorner/vendor/roots/sage-lib/Template/Blade.php(69): Roots\Sage\Template\Blade->__call('file', Array)
#5 /var/www/html/outletcorner/trunk/wp-content/themes/outletcorner/app/helpers.php(70): Roots\Sage\Temp

2018-03-09T21:59:53+00:00 CRITICAL Uncaught InvalidArgumentException: Unrecognized extension in file: reviews in /var/www/html/outletcorner/trunk/wp-content/themes/outletcorner/vendor/illuminate/view/Factory.php:258
Stack trace:
#0 /var/www/html/outletcorner/trunk/wp-content/themes/outletcorner/vendor/illuminate/view/Factory.php(227): Illuminate\View\Factory->getEngineFromPath('reviews')
#1 /var/www/html/outletcorner/trunk/wp-content/themes/outletcorner/vendor/illuminate/view/Factory.php(112): Illuminate\View\Factory->viewInstance('reviews', 'reviews', Array)
#2 [internal function]: Illuminate\View\Factory->file('reviews', Array, Array)
#3 /var/www/html/outletcorner/trunk/wp-content/themes/outletcorner/vendor/roots/sage-lib/Template/Blade.php(138): call_user_func_array(Array, Array)
#4 /var/www/html/outletcorner/trunk/wp-content/themes/outletcorner/vendor/roots/sage-lib/Template/Blade.php(69): Roots\Sage\Template\Blade->__call('file', Array)
#5 /var/www/html/outletcorner/trunk/wp-content/themes/outletcorner/app/helpers.php(70): Roots\Sage\Temp

2018-03-09T22:00:04+00:00 CRITICAL Uncaught InvalidArgumentException: Unrecognized extension in file: reviews in /var/www/html/outletcorner/trunk/wp-content/themes/outletcorner/vendor/illuminate/view/Factory.php:258
Stack trace:
#0 /var/www/html/outletcorner/trunk/wp-content/themes/outletcorner/vendor/illuminate/view/Factory.php(227): Illuminate\View\Factory->getEngineFromPath('reviews')
#1 /var/www/html/outletcorner/trunk/wp-content/themes/outletcorner/vendor/illuminate/view/Factory.php(112): Illuminate\View\Factory->viewInstance('reviews', 'reviews', Array)
#2 [internal function]: Illuminate\View\Factory->file('reviews', Array, Array)
#3 /var/www/html/outletcorner/trunk/wp-content/themes/outletcorner/vendor/roots/sage-lib/Template/Blade.php(138): call_user_func_array(Array, Array)
#4 /var/www/html/outletcorner/trunk/wp-content/themes/outletcorner/vendor/roots/sage-lib/Template/Blade.php(69): Roots\Sage\Template\Blade->__call('file', Array)
#5 /var/www/html/outletcorner/trunk/wp-content/themes/outletcorner/app/helpers.php(70): Roots\Sage\Temp

2018-03-09T22:03:22+00:00 CRITICAL Uncaught Symfony\Component\Debug\Exception\FatalThrowableError: Parse error: syntax error, unexpected 'endwhile' (T_ENDWHILE), expecting end of file in /var/www/html/outletcorner/trunk/wp-content/uploads/cache/5fc58dcdb66272ec7464f6dfe6007d442d3bcafd.php:370
Stack trace:
#0 /var/www/html/outletcorner/trunk/wp-content/themes/outletcorner/vendor/illuminate/view/Engines/CompilerEngine.php(59): Illuminate\View\Engines\PhpEngine->evaluatePath('/var/www/html/o...', Array)
#1 /var/www/html/outletcorner/trunk/wp-content/themes/outletcorner/vendor/illuminate/view/View.php(137): Illuminate\View\Engines\CompilerEngine->get('/var/www/html/o...', Array)
#2 /var/www/html/outletcorner/trunk/wp-content/themes/outletcorner/vendor/illuminate/view/View.php(120): Illuminate\View\View->getContents()
#3 /var/www/html/outletcorner/trunk/wp-content/themes/outletcorner/vendor/illuminate/view/View.php(85): Illuminate\View\View->renderContents()
#4 /var/www/html/outletcorner/trunk/wp-content/themes/outletcorner/vendor/roots/sage-lib/Te

2018-03-09T22:03:24+00:00 CRITICAL Uncaught Symfony\Component\Debug\Exception\FatalThrowableError: Parse error: syntax error, unexpected 'endwhile' (T_ENDWHILE), expecting end of file in /var/www/html/outletcorner/trunk/wp-content/uploads/cache/5fc58dcdb66272ec7464f6dfe6007d442d3bcafd.php:370
Stack trace:
#0 /var/www/html/outletcorner/trunk/wp-content/themes/outletcorner/vendor/illuminate/view/Engines/CompilerEngine.php(59): Illuminate\View\Engines\PhpEngine->evaluatePath('/var/www/html/o...', Array)
#1 /var/www/html/outletcorner/trunk/wp-content/themes/outletcorner/vendor/illuminate/view/View.php(137): Illuminate\View\Engines\CompilerEngine->get('/var/www/html/o...', Array)
#2 /var/www/html/outletcorner/trunk/wp-content/themes/outletcorner/vendor/illuminate/view/View.php(120): Illuminate\View\View->getContents()
#3 /var/www/html/outletcorner/trunk/wp-content/themes/outletcorner/vendor/illuminate/view/View.php(85): Illuminate\View\View->renderContents()
#4 /var/www/html/outletcorner/trunk/wp-content/themes/outletcorner/vendor/roots/sage-lib/Te

2018-03-09T22:03:39+00:00 CRITICAL Uncaught Symfony\Component\Debug\Exception\FatalThrowableError: Parse error: syntax error, unexpected 'endwhile' (T_ENDWHILE), expecting end of file in /var/www/html/outletcorner/trunk/wp-content/uploads/cache/5fc58dcdb66272ec7464f6dfe6007d442d3bcafd.php:369
Stack trace:
#0 /var/www/html/outletcorner/trunk/wp-content/themes/outletcorner/vendor/illuminate/view/Engines/CompilerEngine.php(59): Illuminate\View\Engines\PhpEngine->evaluatePath('/var/www/html/o...', Array)
#1 /var/www/html/outletcorner/trunk/wp-content/themes/outletcorner/vendor/illuminate/view/View.php(137): Illuminate\View\Engines\CompilerEngine->get('/var/www/html/o...', Array)
#2 /var/www/html/outletcorner/trunk/wp-content/themes/outletcorner/vendor/illuminate/view/View.php(120): Illuminate\View\View->getContents()
#3 /var/www/html/outletcorner/trunk/wp-content/themes/outletcorner/vendor/illuminate/view/View.php(85): Illuminate\View\View->renderContents()
#4 /var/www/html/outletcorner/trunk/wp-content/themes/outletcorner/vendor/roots/sage-lib/Te

2018-03-09T22:03:41+00:00 CRITICAL Uncaught Symfony\Component\Debug\Exception\FatalThrowableError: Parse error: syntax error, unexpected 'endwhile' (T_ENDWHILE), expecting end of file in /var/www/html/outletcorner/trunk/wp-content/uploads/cache/5fc58dcdb66272ec7464f6dfe6007d442d3bcafd.php:369
Stack trace:
#0 /var/www/html/outletcorner/trunk/wp-content/themes/outletcorner/vendor/illuminate/view/Engines/CompilerEngine.php(59): Illuminate\View\Engines\PhpEngine->evaluatePath('/var/www/html/o...', Array)
#1 /var/www/html/outletcorner/trunk/wp-content/themes/outletcorner/vendor/illuminate/view/View.php(137): Illuminate\View\Engines\CompilerEngine->get('/var/www/html/o...', Array)
#2 /var/www/html/outletcorner/trunk/wp-content/themes/outletcorner/vendor/illuminate/view/View.php(120): Illuminate\View\View->getContents()
#3 /var/www/html/outletcorner/trunk/wp-content/themes/outletcorner/vendor/illuminate/view/View.php(85): Illuminate\View\View->renderContents()
#4 /var/www/html/outletcorner/trunk/wp-content/themes/outletcorner/vendor/roots/sage-lib/Te

2018-03-09T22:03:41+00:00 CRITICAL Uncaught Symfony\Component\Debug\Exception\FatalThrowableError: Parse error: syntax error, unexpected 'endwhile' (T_ENDWHILE), expecting end of file in /var/www/html/outletcorner/trunk/wp-content/uploads/cache/5fc58dcdb66272ec7464f6dfe6007d442d3bcafd.php:369
Stack trace:
#0 /var/www/html/outletcorner/trunk/wp-content/themes/outletcorner/vendor/illuminate/view/Engines/CompilerEngine.php(59): Illuminate\View\Engines\PhpEngine->evaluatePath('/var/www/html/o...', Array)
#1 /var/www/html/outletcorner/trunk/wp-content/themes/outletcorner/vendor/illuminate/view/View.php(137): Illuminate\View\Engines\CompilerEngine->get('/var/www/html/o...', Array)
#2 /var/www/html/outletcorner/trunk/wp-content/themes/outletcorner/vendor/illuminate/view/View.php(120): Illuminate\View\View->getContents()
#3 /var/www/html/outletcorner/trunk/wp-content/themes/outletcorner/vendor/illuminate/view/View.php(85): Illuminate\View\View->renderContents()
#4 /var/www/html/outletcorner/trunk/wp-content/themes/outletcorner/vendor/roots/sage-lib/Te

2018-03-09T22:03:41+00:00 CRITICAL Uncaught Symfony\Component\Debug\Exception\FatalThrowableError: Parse error: syntax error, unexpected 'endwhile' (T_ENDWHILE), expecting end of file in /var/www/html/outletcorner/trunk/wp-content/uploads/cache/5fc58dcdb66272ec7464f6dfe6007d442d3bcafd.php:369
Stack trace:
#0 /var/www/html/outletcorner/trunk/wp-content/themes/outletcorner/vendor/illuminate/view/Engines/CompilerEngine.php(59): Illuminate\View\Engines\PhpEngine->evaluatePath('/var/www/html/o...', Array)
#1 /var/www/html/outletcorner/trunk/wp-content/themes/outletcorner/vendor/illuminate/view/View.php(137): Illuminate\View\Engines\CompilerEngine->get('/var/www/html/o...', Array)
#2 /var/www/html/outletcorner/trunk/wp-content/themes/outletcorner/vendor/illuminate/view/View.php(120): Illuminate\View\View->getContents()
#3 /var/www/html/outletcorner/trunk/wp-content/themes/outletcorner/vendor/illuminate/view/View.php(85): Illuminate\View\View->renderContents()
#4 /var/www/html/outletcorner/trunk/wp-content/themes/outletcorner/vendor/roots/sage-lib/Te

2018-03-09T22:03:41+00:00 CRITICAL Uncaught Symfony\Component\Debug\Exception\FatalThrowableError: Parse error: syntax error, unexpected 'endwhile' (T_ENDWHILE), expecting end of file in /var/www/html/outletcorner/trunk/wp-content/uploads/cache/5fc58dcdb66272ec7464f6dfe6007d442d3bcafd.php:369
Stack trace:
#0 /var/www/html/outletcorner/trunk/wp-content/themes/outletcorner/vendor/illuminate/view/Engines/CompilerEngine.php(59): Illuminate\View\Engines\PhpEngine->evaluatePath('/var/www/html/o...', Array)
#1 /var/www/html/outletcorner/trunk/wp-content/themes/outletcorner/vendor/illuminate/view/View.php(137): Illuminate\View\Engines\CompilerEngine->get('/var/www/html/o...', Array)
#2 /var/www/html/outletcorner/trunk/wp-content/themes/outletcorner/vendor/illuminate/view/View.php(120): Illuminate\View\View->getContents()
#3 /var/www/html/outletcorner/trunk/wp-content/themes/outletcorner/vendor/illuminate/view/View.php(85): Illuminate\View\View->renderContents()
#4 /var/www/html/outletcorner/trunk/wp-content/themes/outletcorner/vendor/roots/sage-lib/Te

2018-03-09T22:03:42+00:00 CRITICAL Uncaught Symfony\Component\Debug\Exception\FatalThrowableError: Parse error: syntax error, unexpected 'endwhile' (T_ENDWHILE), expecting end of file in /var/www/html/outletcorner/trunk/wp-content/uploads/cache/5fc58dcdb66272ec7464f6dfe6007d442d3bcafd.php:369
Stack trace:
#0 /var/www/html/outletcorner/trunk/wp-content/themes/outletcorner/vendor/illuminate/view/Engines/CompilerEngine.php(59): Illuminate\View\Engines\PhpEngine->evaluatePath('/var/www/html/o...', Array)
#1 /var/www/html/outletcorner/trunk/wp-content/themes/outletcorner/vendor/illuminate/view/View.php(137): Illuminate\View\Engines\CompilerEngine->get('/var/www/html/o...', Array)
#2 /var/www/html/outletcorner/trunk/wp-content/themes/outletcorner/vendor/illuminate/view/View.php(120): Illuminate\View\View->getContents()
#3 /var/www/html/outletcorner/trunk/wp-content/themes/outletcorner/vendor/illuminate/view/View.php(85): Illuminate\View\View->renderContents()
#4 /var/www/html/outletcorner/trunk/wp-content/themes/outletcorner/vendor/roots/sage-lib/Te

2018-03-09T22:03:42+00:00 CRITICAL Uncaught Symfony\Component\Debug\Exception\FatalThrowableError: Parse error: syntax error, unexpected 'endwhile' (T_ENDWHILE), expecting end of file in /var/www/html/outletcorner/trunk/wp-content/uploads/cache/5fc58dcdb66272ec7464f6dfe6007d442d3bcafd.php:369
Stack trace:
#0 /var/www/html/outletcorner/trunk/wp-content/themes/outletcorner/vendor/illuminate/view/Engines/CompilerEngine.php(59): Illuminate\View\Engines\PhpEngine->evaluatePath('/var/www/html/o...', Array)
#1 /var/www/html/outletcorner/trunk/wp-content/themes/outletcorner/vendor/illuminate/view/View.php(137): Illuminate\View\Engines\CompilerEngine->get('/var/www/html/o...', Array)
#2 /var/www/html/outletcorner/trunk/wp-content/themes/outletcorner/vendor/illuminate/view/View.php(120): Illuminate\View\View->getContents()
#3 /var/www/html/outletcorner/trunk/wp-content/themes/outletcorner/vendor/illuminate/view/View.php(85): Illuminate\View\View->renderContents()
#4 /var/www/html/outletcorner/trunk/wp-content/themes/outletcorner/vendor/roots/sage-lib/Te

2018-03-09T22:03:42+00:00 CRITICAL Uncaught Symfony\Component\Debug\Exception\FatalThrowableError: Parse error: syntax error, unexpected 'endwhile' (T_ENDWHILE), expecting end of file in /var/www/html/outletcorner/trunk/wp-content/uploads/cache/5fc58dcdb66272ec7464f6dfe6007d442d3bcafd.php:369
Stack trace:
#0 /var/www/html/outletcorner/trunk/wp-content/themes/outletcorner/vendor/illuminate/view/Engines/CompilerEngine.php(59): Illuminate\View\Engines\PhpEngine->evaluatePath('/var/www/html/o...', Array)
#1 /var/www/html/outletcorner/trunk/wp-content/themes/outletcorner/vendor/illuminate/view/View.php(137): Illuminate\View\Engines\CompilerEngine->get('/var/www/html/o...', Array)
#2 /var/www/html/outletcorner/trunk/wp-content/themes/outletcorner/vendor/illuminate/view/View.php(120): Illuminate\View\View->getContents()
#3 /var/www/html/outletcorner/trunk/wp-content/themes/outletcorner/vendor/illuminate/view/View.php(85): Illuminate\View\View->renderContents()
#4 /var/www/html/outletcorner/trunk/wp-content/themes/outletcorner/vendor/roots/sage-lib/Te

2018-03-09T22:03:43+00:00 CRITICAL Uncaught Symfony\Component\Debug\Exception\FatalThrowableError: Parse error: syntax error, unexpected 'endwhile' (T_ENDWHILE), expecting end of file in /var/www/html/outletcorner/trunk/wp-content/uploads/cache/5fc58dcdb66272ec7464f6dfe6007d442d3bcafd.php:369
Stack trace:
#0 /var/www/html/outletcorner/trunk/wp-content/themes/outletcorner/vendor/illuminate/view/Engines/CompilerEngine.php(59): Illuminate\View\Engines\PhpEngine->evaluatePath('/var/www/html/o...', Array)
#1 /var/www/html/outletcorner/trunk/wp-content/themes/outletcorner/vendor/illuminate/view/View.php(137): Illuminate\View\Engines\CompilerEngine->get('/var/www/html/o...', Array)
#2 /var/www/html/outletcorner/trunk/wp-content/themes/outletcorner/vendor/illuminate/view/View.php(120): Illuminate\View\View->getContents()
#3 /var/www/html/outletcorner/trunk/wp-content/themes/outletcorner/vendor/illuminate/view/View.php(85): Illuminate\View\View->renderContents()
#4 /var/www/html/outletcorner/trunk/wp-content/themes/outletcorner/vendor/roots/sage-lib/Te

2018-03-09T22:03:44+00:00 CRITICAL Uncaught Symfony\Component\Debug\Exception\FatalThrowableError: Parse error: syntax error, unexpected 'endwhile' (T_ENDWHILE), expecting end of file in /var/www/html/outletcorner/trunk/wp-content/uploads/cache/5fc58dcdb66272ec7464f6dfe6007d442d3bcafd.php:369
Stack trace:
#0 /var/www/html/outletcorner/trunk/wp-content/themes/outletcorner/vendor/illuminate/view/Engines/CompilerEngine.php(59): Illuminate\View\Engines\PhpEngine->evaluatePath('/var/www/html/o...', Array)
#1 /var/www/html/outletcorner/trunk/wp-content/themes/outletcorner/vendor/illuminate/view/View.php(137): Illuminate\View\Engines\CompilerEngine->get('/var/www/html/o...', Array)
#2 /var/www/html/outletcorner/trunk/wp-content/themes/outletcorner/vendor/illuminate/view/View.php(120): Illuminate\View\View->getContents()
#3 /var/www/html/outletcorner/trunk/wp-content/themes/outletcorner/vendor/illuminate/view/View.php(85): Illuminate\View\View->renderContents()
#4 /var/www/html/outletcorner/trunk/wp-content/themes/outletcorner/vendor/roots/sage-lib/Te

2018-03-09T22:14:27+00:00 CRITICAL Uncaught Symfony\Component\Debug\Exception\FatalThrowableError: Parse error: syntax error, unexpected ';' in /var/www/html/outletcorner/trunk/wp-content/uploads/cache/5fc58dcdb66272ec7464f6dfe6007d442d3bcafd.php:7
Stack trace:
#0 /var/www/html/outletcorner/trunk/wp-content/themes/outletcorner/vendor/illuminate/view/Engines/CompilerEngine.php(59): Illuminate\View\Engines\PhpEngine->evaluatePath('/var/www/html/o...', Array)
#1 /var/www/html/outletcorner/trunk/wp-content/themes/outletcorner/vendor/illuminate/view/View.php(137): Illuminate\View\Engines\CompilerEngine->get('/var/www/html/o...', Array)
#2 /var/www/html/outletcorner/trunk/wp-content/themes/outletcorner/vendor/illuminate/view/View.php(120): Illuminate\View\View->getContents()
#3 /var/www/html/outletcorner/trunk/wp-content/themes/outletcorner/vendor/illuminate/view/View.php(85): Illuminate\View\View->renderContents()
#4 /var/www/html/outletcorner/trunk/wp-content/themes/outletcorner/vendor/roots/sage-lib/Template/Blade.php(58): Illuminate\View\View->r

2018-03-09T22:14:29+00:00 CRITICAL Uncaught Symfony\Component\Debug\Exception\FatalThrowableError: Parse error: syntax error, unexpected ';' in /var/www/html/outletcorner/trunk/wp-content/uploads/cache/5fc58dcdb66272ec7464f6dfe6007d442d3bcafd.php:7
Stack trace:
#0 /var/www/html/outletcorner/trunk/wp-content/themes/outletcorner/vendor/illuminate/view/Engines/CompilerEngine.php(59): Illuminate\View\Engines\PhpEngine->evaluatePath('/var/www/html/o...', Array)
#1 /var/www/html/outletcorner/trunk/wp-content/themes/outletcorner/vendor/illuminate/view/View.php(137): Illuminate\View\Engines\CompilerEngine->get('/var/www/html/o...', Array)
#2 /var/www/html/outletcorner/trunk/wp-content/themes/outletcorner/vendor/illuminate/view/View.php(120): Illuminate\View\View->getContents()
#3 /var/www/html/outletcorner/trunk/wp-content/themes/outletcorner/vendor/illuminate/view/View.php(85): Illuminate\View\View->renderContents()
#4 /var/www/html/outletcorner/trunk/wp-content/themes/outletcorner/vendor/roots/sage-lib/Template/Blade.php(58): Illuminate\View\View->r

2018-03-09T22:27:31+00:00 CRITICAL Uncaught Symfony\Component\Debug\Exception\FatalThrowableError: Parse error: syntax error, unexpected '=>' (T_DOUBLE_ARROW), expecting :: (T_PAAMAYIM_NEKUDOTAYIM) in /var/www/html/outletcorner/trunk/wp-content/uploads/cache/5fc58dcdb66272ec7464f6dfe6007d442d3bcafd.php:29
Stack trace:
#0 /var/www/html/outletcorner/trunk/wp-content/themes/outletcorner/vendor/illuminate/view/Engines/CompilerEngine.php(59): Illuminate\View\Engines\PhpEngine->evaluatePath('/var/www/html/o...', Array)
#1 /var/www/html/outletcorner/trunk/wp-content/themes/outletcorner/vendor/illuminate/view/View.php(137): Illuminate\View\Engines\CompilerEngine->get('/var/www/html/o...', Array)
#2 /var/www/html/outletcorner/trunk/wp-content/themes/outletcorner/vendor/illuminate/view/View.php(120): Illuminate\View\View->getContents()
#3 /var/www/html/outletcorner/trunk/wp-content/themes/outletcorner/vendor/illuminate/view/View.php(85): Illuminate\View\View->renderContents()
#4 /var/www/html/outletcorner/trunk/wp-content/themes/outletcorner/vendor/root

2018-03-09T22:27:33+00:00 CRITICAL Uncaught Symfony\Component\Debug\Exception\FatalThrowableError: Parse error: syntax error, unexpected '=>' (T_DOUBLE_ARROW), expecting :: (T_PAAMAYIM_NEKUDOTAYIM) in /var/www/html/outletcorner/trunk/wp-content/uploads/cache/5fc58dcdb66272ec7464f6dfe6007d442d3bcafd.php:29
Stack trace:
#0 /var/www/html/outletcorner/trunk/wp-content/themes/outletcorner/vendor/illuminate/view/Engines/CompilerEngine.php(59): Illuminate\View\Engines\PhpEngine->evaluatePath('/var/www/html/o...', Array)
#1 /var/www/html/outletcorner/trunk/wp-content/themes/outletcorner/vendor/illuminate/view/View.php(137): Illuminate\View\Engines\CompilerEngine->get('/var/www/html/o...', Array)
#2 /var/www/html/outletcorner/trunk/wp-content/themes/outletcorner/vendor/illuminate/view/View.php(120): Illuminate\View\View->getContents()
#3 /var/www/html/outletcorner/trunk/wp-content/themes/outletcorner/vendor/illuminate/view/View.php(85): Illuminate\View\View->renderContents()
#4 /var/www/html/outletcorner/trunk/wp-content/themes/outletcorner/vendor/root

2018-03-09T22:27:54+00:00 CRITICAL Uncaught Symfony\Component\Debug\Exception\FatalThrowableError: Parse error: syntax error, unexpected '=>' (T_DOUBLE_ARROW), expecting :: (T_PAAMAYIM_NEKUDOTAYIM) in /var/www/html/outletcorner/trunk/wp-content/uploads/cache/5fc58dcdb66272ec7464f6dfe6007d442d3bcafd.php:29
Stack trace:
#0 /var/www/html/outletcorner/trunk/wp-content/themes/outletcorner/vendor/illuminate/view/Engines/CompilerEngine.php(59): Illuminate\View\Engines\PhpEngine->evaluatePath('/var/www/html/o...', Array)
#1 /var/www/html/outletcorner/trunk/wp-content/themes/outletcorner/vendor/illuminate/view/View.php(137): Illuminate\View\Engines\CompilerEngine->get('/var/www/html/o...', Array)
#2 /var/www/html/outletcorner/trunk/wp-content/themes/outletcorner/vendor/illuminate/view/View.php(120): Illuminate\View\View->getContents()
#3 /var/www/html/outletcorner/trunk/wp-content/themes/outletcorner/vendor/illuminate/view/View.php(85): Illuminate\View\View->renderContents()
#4 /var/www/html/outletcorner/trunk/wp-content/themes/outletcorner/vendor/root

2018-03-09T23:24:13+00:00 CRITICAL Uncaught Symfony\Component\Debug\Exception\FatalThrowableError: Parse error: syntax error, unexpected '<' in /var/www/html/outletcorner/trunk/wp-content/uploads/cache/5fc58dcdb66272ec7464f6dfe6007d442d3bcafd.php:172
Stack trace:
#0 /var/www/html/outletcorner/trunk/wp-content/themes/outletcorner/vendor/illuminate/view/Engines/CompilerEngine.php(59): Illuminate\View\Engines\PhpEngine->evaluatePath('/var/www/html/o...', Array)
#1 /var/www/html/outletcorner/trunk/wp-content/themes/outletcorner/vendor/illuminate/view/View.php(137): Illuminate\View\Engines\CompilerEngine->get('/var/www/html/o...', Array)
#2 /var/www/html/outletcorner/trunk/wp-content/themes/outletcorner/vendor/illuminate/view/View.php(120): Illuminate\View\View->getContents()
#3 /var/www/html/outletcorner/trunk/wp-content/themes/outletcorner/vendor/illuminate/view/View.php(85): Illuminate\View\View->renderContents()
#4 /var/www/html/outletcorner/trunk/wp-content/themes/outletcorner/vendor/roots/sage-lib/Template/Blade.php(58): Illuminate\View\View-

2018-03-09T23:24:43+00:00 CRITICAL Uncaught Symfony\Component\Debug\Exception\FatalThrowableError: Parse error: syntax error, unexpected '<', expecting ',' or ';' in /var/www/html/outletcorner/trunk/wp-content/uploads/cache/5fc58dcdb66272ec7464f6dfe6007d442d3bcafd.php:171
Stack trace:
#0 /var/www/html/outletcorner/trunk/wp-content/themes/outletcorner/vendor/illuminate/view/Engines/CompilerEngine.php(59): Illuminate\View\Engines\PhpEngine->evaluatePath('/var/www/html/o...', Array)
#1 /var/www/html/outletcorner/trunk/wp-content/themes/outletcorner/vendor/illuminate/view/View.php(137): Illuminate\View\Engines\CompilerEngine->get('/var/www/html/o...', Array)
#2 /var/www/html/outletcorner/trunk/wp-content/themes/outletcorner/vendor/illuminate/view/View.php(120): Illuminate\View\View->getContents()
#3 /var/www/html/outletcorner/trunk/wp-content/themes/outletcorner/vendor/illuminate/view/View.php(85): Illuminate\View\View->renderContents()
#4 /var/www/html/outletcorner/trunk/wp-content/themes/outletcorner/vendor/roots/sage-lib/Template/Blade.php(58):

2018-03-09T23:24:44+00:00 CRITICAL Uncaught Symfony\Component\Debug\Exception\FatalThrowableError: Parse error: syntax error, unexpected '<', expecting ',' or ';' in /var/www/html/outletcorner/trunk/wp-content/uploads/cache/5fc58dcdb66272ec7464f6dfe6007d442d3bcafd.php:171
Stack trace:
#0 /var/www/html/outletcorner/trunk/wp-content/themes/outletcorner/vendor/illuminate/view/Engines/CompilerEngine.php(59): Illuminate\View\Engines\PhpEngine->evaluatePath('/var/www/html/o...', Array)
#1 /var/www/html/outletcorner/trunk/wp-content/themes/outletcorner/vendor/illuminate/view/View.php(137): Illuminate\View\Engines\CompilerEngine->get('/var/www/html/o...', Array)
#2 /var/www/html/outletcorner/trunk/wp-content/themes/outletcorner/vendor/illuminate/view/View.php(120): Illuminate\View\View->getContents()
#3 /var/www/html/outletcorner/trunk/wp-content/themes/outletcorner/vendor/illuminate/view/View.php(85): Illuminate\View\View->renderContents()
#4 /var/www/html/outletcorner/trunk/wp-content/themes/outletcorner/vendor/roots/sage-lib/Template/Blade.php(58):

2018-03-09T23:25:15+00:00 CRITICAL Uncaught Symfony\Component\Debug\Exception\FatalThrowableError: Parse error: syntax error, unexpected 'global' (T_GLOBAL) in /var/www/html/outletcorner/trunk/wp-content/uploads/cache/5fc58dcdb66272ec7464f6dfe6007d442d3bcafd.php:170
Stack trace:
#0 /var/www/html/outletcorner/trunk/wp-content/themes/outletcorner/vendor/illuminate/view/Engines/CompilerEngine.php(59): Illuminate\View\Engines\PhpEngine->evaluatePath('/var/www/html/o...', Array)
#1 /var/www/html/outletcorner/trunk/wp-content/themes/outletcorner/vendor/illuminate/view/View.php(137): Illuminate\View\Engines\CompilerEngine->get('/var/www/html/o...', Array)
#2 /var/www/html/outletcorner/trunk/wp-content/themes/outletcorner/vendor/illuminate/view/View.php(120): Illuminate\View\View->getContents()
#3 /var/www/html/outletcorner/trunk/wp-content/themes/outletcorner/vendor/illuminate/view/View.php(85): Illuminate\View\View->renderContents()
#4 /var/www/html/outletcorner/trunk/wp-content/themes/outletcorner/vendor/roots/sage-lib/Template/Blade.php(58): Illum

2018-03-09T23:25:17+00:00 CRITICAL Uncaught Symfony\Component\Debug\Exception\FatalThrowableError: Parse error: syntax error, unexpected 'global' (T_GLOBAL) in /var/www/html/outletcorner/trunk/wp-content/uploads/cache/5fc58dcdb66272ec7464f6dfe6007d442d3bcafd.php:170
Stack trace:
#0 /var/www/html/outletcorner/trunk/wp-content/themes/outletcorner/vendor/illuminate/view/Engines/CompilerEngine.php(59): Illuminate\View\Engines\PhpEngine->evaluatePath('/var/www/html/o...', Array)
#1 /var/www/html/outletcorner/trunk/wp-content/themes/outletcorner/vendor/illuminate/view/View.php(137): Illuminate\View\Engines\CompilerEngine->get('/var/www/html/o...', Array)
#2 /var/www/html/outletcorner/trunk/wp-content/themes/outletcorner/vendor/illuminate/view/View.php(120): Illuminate\View\View->getContents()
#3 /var/www/html/outletcorner/trunk/wp-content/themes/outletcorner/vendor/illuminate/view/View.php(85): Illuminate\View\View->renderContents()
#4 /var/www/html/outletcorner/trunk/wp-content/themes/outletcorner/vendor/roots/sage-lib/Template/Blade.php(58): Illum

2018-03-09T23:25:18+00:00 CRITICAL Uncaught Symfony\Component\Debug\Exception\FatalThrowableError: Parse error: syntax error, unexpected 'global' (T_GLOBAL) in /var/www/html/outletcorner/trunk/wp-content/uploads/cache/5fc58dcdb66272ec7464f6dfe6007d442d3bcafd.php:170
Stack trace:
#0 /var/www/html/outletcorner/trunk/wp-content/themes/outletcorner/vendor/illuminate/view/Engines/CompilerEngine.php(59): Illuminate\View\Engines\PhpEngine->evaluatePath('/var/www/html/o...', Array)
#1 /var/www/html/outletcorner/trunk/wp-content/themes/outletcorner/vendor/illuminate/view/View.php(137): Illuminate\View\Engines\CompilerEngine->get('/var/www/html/o...', Array)
#2 /var/www/html/outletcorner/trunk/wp-content/themes/outletcorner/vendor/illuminate/view/View.php(120): Illuminate\View\View->getContents()
#3 /var/www/html/outletcorner/trunk/wp-content/themes/outletcorner/vendor/illuminate/view/View.php(85): Illuminate\View\View->renderContents()
#4 /var/www/html/outletcorner/trunk/wp-content/themes/outletcorner/vendor/roots/sage-lib/Template/Blade.php(58): Illum

2018-03-09T23:25:36+00:00 CRITICAL Uncaught Symfony\Component\Debug\Exception\FatalThrowableError: Parse error: syntax error, unexpected 'global' (T_GLOBAL) in /var/www/html/outletcorner/trunk/wp-content/uploads/cache/5fc58dcdb66272ec7464f6dfe6007d442d3bcafd.php:170
Stack trace:
#0 /var/www/html/outletcorner/trunk/wp-content/themes/outletcorner/vendor/illuminate/view/Engines/CompilerEngine.php(59): Illuminate\View\Engines\PhpEngine->evaluatePath('/var/www/html/o...', Array)
#1 /var/www/html/outletcorner/trunk/wp-content/themes/outletcorner/vendor/illuminate/view/View.php(137): Illuminate\View\Engines\CompilerEngine->get('/var/www/html/o...', Array)
#2 /var/www/html/outletcorner/trunk/wp-content/themes/outletcorner/vendor/illuminate/view/View.php(120): Illuminate\View\View->getContents()
#3 /var/www/html/outletcorner/trunk/wp-content/themes/outletcorner/vendor/illuminate/view/View.php(85): Illuminate\View\View->renderContents()
#4 /var/www/html/outletcorner/trunk/wp-content/themes/outletcorner/vendor/roots/sage-lib/Template/Blade.php(58): Illum

2018-03-12T16:18:30+00:00 CRITICAL Uncaught Error: Call to a member function get_related() on string in /var/www/html/outletcorner/trunk/wp-content/themes/outletcorner/app/controllers/single-product.php:20
Stack trace:
#0 /var/www/html/outletcorner/trunk/wp-content/themes/outletcorner/vendor/soberwp/controller/src/Controller.php(105): App\SingleProduct->relatedProducts()
#1 /var/www/html/outletcorner/trunk/wp-content/themes/outletcorner/vendor/soberwp/controller/src/Controller.php(18): Sober\Controller\Controller->__runMethods()
#2 /var/www/html/outletcorner/trunk/wp-content/themes/outletcorner/vendor/soberwp/controller/controller.php(15): Sober\Controller\Controller->__setup()
#3 /var/www/html/outletcorner/trunk/wp-includes/class-wp-hook.php(288): Sober\Controller\{closure}(Array)
#4 /var/www/html/outletcorner/trunk/wp-includes/plugin.php(203): WP_Hook->apply_filters(Array, Array)
#5 /var/www/html/outletcorner/trunk/wp-content/themes/outletcorner/app/filters.php(51): apply_filters('sage/template/s...', Array, '/var/www/html/o...')
#6 [interna

2018-03-12T16:18:35+00:00 CRITICAL Uncaught Error: Call to a member function get_related() on string in /var/www/html/outletcorner/trunk/wp-content/themes/outletcorner/app/controllers/single-product.php:20
Stack trace:
#0 /var/www/html/outletcorner/trunk/wp-content/themes/outletcorner/vendor/soberwp/controller/src/Controller.php(105): App\SingleProduct->relatedProducts()
#1 /var/www/html/outletcorner/trunk/wp-content/themes/outletcorner/vendor/soberwp/controller/src/Controller.php(18): Sober\Controller\Controller->__runMethods()
#2 /var/www/html/outletcorner/trunk/wp-content/themes/outletcorner/vendor/soberwp/controller/controller.php(15): Sober\Controller\Controller->__setup()
#3 /var/www/html/outletcorner/trunk/wp-includes/class-wp-hook.php(288): Sober\Controller\{closure}(Array)
#4 /var/www/html/outletcorner/trunk/wp-includes/plugin.php(203): WP_Hook->apply_filters(Array, Array)
#5 /var/www/html/outletcorner/trunk/wp-content/themes/outletcorner/app/filters.php(51): apply_filters('sage/template/s...', Array, '/var/www/html/o...')
#6 [interna

2018-03-12T16:21:56+00:00 CRITICAL Uncaught Error: Call to a member function get_related() on string in /var/www/html/outletcorner/trunk/wp-content/themes/outletcorner/app/controllers/single-product.php:20
Stack trace:
#0 /var/www/html/outletcorner/trunk/wp-content/themes/outletcorner/vendor/soberwp/controller/src/Controller.php(105): App\SingleProduct->relatedProducts()
#1 /var/www/html/outletcorner/trunk/wp-content/themes/outletcorner/vendor/soberwp/controller/src/Controller.php(18): Sober\Controller\Controller->__runMethods()
#2 /var/www/html/outletcorner/trunk/wp-content/themes/outletcorner/vendor/soberwp/controller/controller.php(15): Sober\Controller\Controller->__setup()
#3 /var/www/html/outletcorner/trunk/wp-includes/class-wp-hook.php(288): Sober\Controller\{closure}(Array)
#4 /var/www/html/outletcorner/trunk/wp-includes/plugin.php(203): WP_Hook->apply_filters(Array, Array)
#5 /var/www/html/outletcorner/trunk/wp-content/themes/outletcorner/app/filters.php(51): apply_filters('sage/template/s...', Array, '/var/www/html/o...')
#6 [interna

2018-03-12T16:21:58+00:00 CRITICAL Uncaught Error: Call to a member function get_related() on string in /var/www/html/outletcorner/trunk/wp-content/themes/outletcorner/app/controllers/single-product.php:20
Stack trace:
#0 /var/www/html/outletcorner/trunk/wp-content/themes/outletcorner/vendor/soberwp/controller/src/Controller.php(105): App\SingleProduct->relatedProducts()
#1 /var/www/html/outletcorner/trunk/wp-content/themes/outletcorner/vendor/soberwp/controller/src/Controller.php(18): Sober\Controller\Controller->__runMethods()
#2 /var/www/html/outletcorner/trunk/wp-content/themes/outletcorner/vendor/soberwp/controller/controller.php(15): Sober\Controller\Controller->__setup()
#3 /var/www/html/outletcorner/trunk/wp-includes/class-wp-hook.php(288): Sober\Controller\{closure}(Array)
#4 /var/www/html/outletcorner/trunk/wp-includes/plugin.php(203): WP_Hook->apply_filters(Array, Array)
#5 /var/www/html/outletcorner/trunk/wp-content/themes/outletcorner/app/filters.php(51): apply_filters('sage/template/s...', Array, '/var/www/html/o...')
#6 [interna

2018-03-12T16:34:20+00:00 CRITICAL Uncaught Error: Call to undefined function App\App\Template() in /var/www/html/outletcorner/trunk/wp-content/themes/outletcorner/app/controllers/single-product.php:3
Stack trace:
#0 /var/www/html/outletcorner/trunk/wp-content/themes/outletcorner/vendor/soberwp/controller/src/Loader.php(177): include_once()
#1 /var/www/html/outletcorner/trunk/wp-content/themes/outletcorner/vendor/soberwp/controller/src/Loader.php(23): Sober\Controller\Loader->includeClasses()
#2 /var/www/html/outletcorner/trunk/wp-content/themes/outletcorner/vendor/soberwp/controller/controller.php(10): Sober\Controller\Loader->__construct()
#3 /var/www/html/outletcorner/trunk/wp-includes/class-wp-hook.php(286): Sober\Controller\loader('')
#4 /var/www/html/outletcorner/trunk/wp-includes/class-wp-hook.php(310): WP_Hook->apply_filters(NULL, Array)
#5 /var/www/html/outletcorner/trunk/wp-includes/plugin.php(453): WP_Hook->do_action(Array)
#6 /var/www/html/outletcorner/trunk/wp-settings.php(450): do_action('init')
#7 /var/www/html/outletcorner/trun

2018-03-12T16:34:23+00:00 CRITICAL Uncaught Error: Call to undefined function App\App\Template() in /var/www/html/outletcorner/trunk/wp-content/themes/outletcorner/app/controllers/single-product.php:3
Stack trace:
#0 /var/www/html/outletcorner/trunk/wp-content/themes/outletcorner/vendor/soberwp/controller/src/Loader.php(177): include_once()
#1 /var/www/html/outletcorner/trunk/wp-content/themes/outletcorner/vendor/soberwp/controller/src/Loader.php(23): Sober\Controller\Loader->includeClasses()
#2 /var/www/html/outletcorner/trunk/wp-content/themes/outletcorner/vendor/soberwp/controller/controller.php(10): Sober\Controller\Loader->__construct()
#3 /var/www/html/outletcorner/trunk/wp-includes/class-wp-hook.php(286): Sober\Controller\loader('')
#4 /var/www/html/outletcorner/trunk/wp-includes/class-wp-hook.php(310): WP_Hook->apply_filters(NULL, Array)
#5 /var/www/html/outletcorner/trunk/wp-includes/plugin.php(453): WP_Hook->do_action(Array)
#6 /var/www/html/outletcorner/trunk/wp-settings.php(450): do_action('init')
#7 /var/www/html/outletcorner/trun

2018-03-12T16:34:47+00:00 CRITICAL Uncaught Error: Call to undefined function App\App\Template() in /var/www/html/outletcorner/trunk/wp-content/themes/outletcorner/app/controllers/single-product.php:5
Stack trace:
#0 /var/www/html/outletcorner/trunk/wp-content/themes/outletcorner/vendor/soberwp/controller/src/Loader.php(177): include_once()
#1 /var/www/html/outletcorner/trunk/wp-content/themes/outletcorner/vendor/soberwp/controller/src/Loader.php(23): Sober\Controller\Loader->includeClasses()
#2 /var/www/html/outletcorner/trunk/wp-content/themes/outletcorner/vendor/soberwp/controller/controller.php(10): Sober\Controller\Loader->__construct()
#3 /var/www/html/outletcorner/trunk/wp-includes/class-wp-hook.php(286): Sober\Controller\loader('')
#4 /var/www/html/outletcorner/trunk/wp-includes/class-wp-hook.php(310): WP_Hook->apply_filters(NULL, Array)
#5 /var/www/html/outletcorner/trunk/wp-includes/plugin.php(453): WP_Hook->do_action(Array)
#6 /var/www/html/outletcorner/trunk/wp-settings.php(450): do_action('init')
#7 /var/www/html/outletcorner/trun

2018-03-12T16:34:49+00:00 CRITICAL Uncaught Error: Call to undefined function App\App\Template() in /var/www/html/outletcorner/trunk/wp-content/themes/outletcorner/app/controllers/single-product.php:5
Stack trace:
#0 /var/www/html/outletcorner/trunk/wp-content/themes/outletcorner/vendor/soberwp/controller/src/Loader.php(177): include_once()
#1 /var/www/html/outletcorner/trunk/wp-content/themes/outletcorner/vendor/soberwp/controller/src/Loader.php(23): Sober\Controller\Loader->includeClasses()
#2 /var/www/html/outletcorner/trunk/wp-content/themes/outletcorner/vendor/soberwp/controller/controller.php(10): Sober\Controller\Loader->__construct()
#3 /var/www/html/outletcorner/trunk/wp-includes/class-wp-hook.php(286): Sober\Controller\loader('')
#4 /var/www/html/outletcorner/trunk/wp-includes/class-wp-hook.php(310): WP_Hook->apply_filters(NULL, Array)
#5 /var/www/html/outletcorner/trunk/wp-includes/plugin.php(453): WP_Hook->do_action(Array)
#6 /var/www/html/outletcorner/trunk/wp-settings.php(450): do_action('init')
#7 /var/www/html/outletcorner/trun

2018-03-12T16:38:19+00:00 CRITICAL Uncaught InvalidArgumentException: View [partials.headers.woocommerce-header] not found. in /var/www/html/outletcorner/trunk/wp-content/themes/outletcorner/vendor/illuminate/view/FileViewFinder.php:137
Stack trace:
#0 /var/www/html/outletcorner/trunk/wp-content/themes/outletcorner/vendor/illuminate/view/FileViewFinder.php(79): Illuminate\View\FileViewFinder->findInPaths('partials.header...', Array)
#1 /var/www/html/outletcorner/trunk/wp-content/themes/outletcorner/vendor/illuminate/view/Factory.php(128): Illuminate\View\FileViewFinder->find('partials.header...')
#2 /var/www/html/outletcorner/trunk/wp-content/uploads/cache/5fc58dcdb66272ec7464f6dfe6007d442d3bcafd.php(1): Illuminate\View\Factory->make('partials.header...', Array)
#3 /var/www/html/outletcorner/trunk/wp-content/themes/outletcorner/vendor/illuminate/view/Engines/PhpEngine.php(42): include('/var/www/html/o...')
#4 /var/www/html/outletcorner/trunk/wp-content/themes/outletcorner/vendor/illuminate/view/Engines/CompilerEngine.php(59): Illuminate\View\E

2018-03-12T16:38:25+00:00 CRITICAL Uncaught InvalidArgumentException: View [partials.headers.woocommerce-header] not found. in /var/www/html/outletcorner/trunk/wp-content/themes/outletcorner/vendor/illuminate/view/FileViewFinder.php:137
Stack trace:
#0 /var/www/html/outletcorner/trunk/wp-content/themes/outletcorner/vendor/illuminate/view/FileViewFinder.php(79): Illuminate\View\FileViewFinder->findInPaths('partials.header...', Array)
#1 /var/www/html/outletcorner/trunk/wp-content/themes/outletcorner/vendor/illuminate/view/Factory.php(128): Illuminate\View\FileViewFinder->find('partials.header...')
#2 /var/www/html/outletcorner/trunk/wp-content/uploads/cache/5fc58dcdb66272ec7464f6dfe6007d442d3bcafd.php(1): Illuminate\View\Factory->make('partials.header...', Array)
#3 /var/www/html/outletcorner/trunk/wp-content/themes/outletcorner/vendor/illuminate/view/Engines/PhpEngine.php(42): include('/var/www/html/o...')
#4 /var/www/html/outletcorner/trunk/wp-content/themes/outletcorner/vendor/illuminate/view/Engines/CompilerEngine.php(59): Illuminate\View\E

2018-03-12T16:51:35+00:00 CRITICAL Uncaught InvalidArgumentException: Unrecognized extension in file: reviews in /var/www/html/outletcorner/trunk/wp-content/themes/outletcorner/vendor/illuminate/view/Factory.php:258
Stack trace:
#0 /var/www/html/outletcorner/trunk/wp-content/themes/outletcorner/vendor/illuminate/view/Factory.php(227): Illuminate\View\Factory->getEngineFromPath('reviews')
#1 /var/www/html/outletcorner/trunk/wp-content/themes/outletcorner/vendor/illuminate/view/Factory.php(112): Illuminate\View\Factory->viewInstance('reviews', 'reviews', Array)
#2 [internal function]: Illuminate\View\Factory->file('reviews', Array, Array)
#3 /var/www/html/outletcorner/trunk/wp-content/themes/outletcorner/vendor/roots/sage-lib/Template/Blade.php(138): call_user_func_array(Array, Array)
#4 /var/www/html/outletcorner/trunk/wp-content/themes/outletcorner/vendor/roots/sage-lib/Template/Blade.php(69): Roots\Sage\Template\Blade->__call('file', Array)
#5 /var/www/html/outletcorner/trunk/wp-content/themes/outletcorner/app/helpers.php(70): Roots\Sage\Temp

2018-03-12T16:51:38+00:00 CRITICAL Uncaught InvalidArgumentException: Unrecognized extension in file: reviews in /var/www/html/outletcorner/trunk/wp-content/themes/outletcorner/vendor/illuminate/view/Factory.php:258
Stack trace:
#0 /var/www/html/outletcorner/trunk/wp-content/themes/outletcorner/vendor/illuminate/view/Factory.php(227): Illuminate\View\Factory->getEngineFromPath('reviews')
#1 /var/www/html/outletcorner/trunk/wp-content/themes/outletcorner/vendor/illuminate/view/Factory.php(112): Illuminate\View\Factory->viewInstance('reviews', 'reviews', Array)
#2 [internal function]: Illuminate\View\Factory->file('reviews', Array, Array)
#3 /var/www/html/outletcorner/trunk/wp-content/themes/outletcorner/vendor/roots/sage-lib/Template/Blade.php(138): call_user_func_array(Array, Array)
#4 /var/www/html/outletcorner/trunk/wp-content/themes/outletcorner/vendor/roots/sage-lib/Template/Blade.php(69): Roots\Sage\Template\Blade->__call('file', Array)
#5 /var/www/html/outletcorner/trunk/wp-content/themes/outletcorner/app/helpers.php(70): Roots\Sage\Temp

2018-03-12T16:51:56+00:00 CRITICAL Uncaught InvalidArgumentException: Unrecognized extension in file: reviews in /var/www/html/outletcorner/trunk/wp-content/themes/outletcorner/vendor/illuminate/view/Factory.php:258
Stack trace:
#0 /var/www/html/outletcorner/trunk/wp-content/themes/outletcorner/vendor/illuminate/view/Factory.php(227): Illuminate\View\Factory->getEngineFromPath('reviews')
#1 /var/www/html/outletcorner/trunk/wp-content/themes/outletcorner/vendor/illuminate/view/Factory.php(112): Illuminate\View\Factory->viewInstance('reviews', 'reviews', Array)
#2 [internal function]: Illuminate\View\Factory->file('reviews', Array, Array)
#3 /var/www/html/outletcorner/trunk/wp-content/themes/outletcorner/vendor/roots/sage-lib/Template/Blade.php(138): call_user_func_array(Array, Array)
#4 /var/www/html/outletcorner/trunk/wp-content/themes/outletcorner/vendor/roots/sage-lib/Template/Blade.php(69): Roots\Sage\Template\Blade->__call('file', Array)
#5 /var/www/html/outletcorner/trunk/wp-content/themes/outletcorner/app/helpers.php(70): Roots\Sage\Temp

2018-03-12T16:52:00+00:00 CRITICAL Uncaught InvalidArgumentException: Unrecognized extension in file: reviews in /var/www/html/outletcorner/trunk/wp-content/themes/outletcorner/vendor/illuminate/view/Factory.php:258
Stack trace:
#0 /var/www/html/outletcorner/trunk/wp-content/themes/outletcorner/vendor/illuminate/view/Factory.php(227): Illuminate\View\Factory->getEngineFromPath('reviews')
#1 /var/www/html/outletcorner/trunk/wp-content/themes/outletcorner/vendor/illuminate/view/Factory.php(112): Illuminate\View\Factory->viewInstance('reviews', 'reviews', Array)
#2 [internal function]: Illuminate\View\Factory->file('reviews', Array, Array)
#3 /var/www/html/outletcorner/trunk/wp-content/themes/outletcorner/vendor/roots/sage-lib/Template/Blade.php(138): call_user_func_array(Array, Array)
#4 /var/www/html/outletcorner/trunk/wp-content/themes/outletcorner/vendor/roots/sage-lib/Template/Blade.php(69): Roots\Sage\Template\Blade->__call('file', Array)
#5 /var/www/html/outletcorner/trunk/wp-content/themes/outletcorner/app/helpers.php(70): Roots\Sage\Temp

2018-03-12T16:52:39+00:00 CRITICAL Uncaught InvalidArgumentException: Unrecognized extension in file: reviews in /var/www/html/outletcorner/trunk/wp-content/themes/outletcorner/vendor/illuminate/view/Factory.php:258
Stack trace:
#0 /var/www/html/outletcorner/trunk/wp-content/themes/outletcorner/vendor/illuminate/view/Factory.php(227): Illuminate\View\Factory->getEngineFromPath('reviews')
#1 /var/www/html/outletcorner/trunk/wp-content/themes/outletcorner/vendor/illuminate/view/Factory.php(112): Illuminate\View\Factory->viewInstance('reviews', 'reviews', Array)
#2 [internal function]: Illuminate\View\Factory->file('reviews', Array, Array)
#3 /var/www/html/outletcorner/trunk/wp-content/themes/outletcorner/vendor/roots/sage-lib/Template/Blade.php(138): call_user_func_array(Array, Array)
#4 /var/www/html/outletcorner/trunk/wp-content/themes/outletcorner/vendor/roots/sage-lib/Template/Blade.php(69): Roots\Sage\Template\Blade->__call('file', Array)
#5 /var/www/html/outletcorner/trunk/wp-content/themes/outletcorner/app/helpers.php(70): Roots\Sage\Temp

2018-03-12T16:52:42+00:00 CRITICAL Uncaught InvalidArgumentException: Unrecognized extension in file: reviews in /var/www/html/outletcorner/trunk/wp-content/themes/outletcorner/vendor/illuminate/view/Factory.php:258
Stack trace:
#0 /var/www/html/outletcorner/trunk/wp-content/themes/outletcorner/vendor/illuminate/view/Factory.php(227): Illuminate\View\Factory->getEngineFromPath('reviews')
#1 /var/www/html/outletcorner/trunk/wp-content/themes/outletcorner/vendor/illuminate/view/Factory.php(112): Illuminate\View\Factory->viewInstance('reviews', 'reviews', Array)
#2 [internal function]: Illuminate\View\Factory->file('reviews', Array, Array)
#3 /var/www/html/outletcorner/trunk/wp-content/themes/outletcorner/vendor/roots/sage-lib/Template/Blade.php(138): call_user_func_array(Array, Array)
#4 /var/www/html/outletcorner/trunk/wp-content/themes/outletcorner/vendor/roots/sage-lib/Template/Blade.php(69): Roots\Sage\Template\Blade->__call('file', Array)
#5 /var/www/html/outletcorner/trunk/wp-content/themes/outletcorner/app/helpers.php(70): Roots\Sage\Temp

2018-03-12T16:53:33+00:00 CRITICAL Uncaught InvalidArgumentException: Unrecognized extension in file: reviews in /var/www/html/outletcorner/trunk/wp-content/themes/outletcorner/vendor/illuminate/view/Factory.php:258
Stack trace:
#0 /var/www/html/outletcorner/trunk/wp-content/themes/outletcorner/vendor/illuminate/view/Factory.php(227): Illuminate\View\Factory->getEngineFromPath('reviews')
#1 /var/www/html/outletcorner/trunk/wp-content/themes/outletcorner/vendor/illuminate/view/Factory.php(112): Illuminate\View\Factory->viewInstance('reviews', 'reviews', Array)
#2 [internal function]: Illuminate\View\Factory->file('reviews', Array, Array)
#3 /var/www/html/outletcorner/trunk/wp-content/themes/outletcorner/vendor/roots/sage-lib/Template/Blade.php(138): call_user_func_array(Array, Array)
#4 /var/www/html/outletcorner/trunk/wp-content/themes/outletcorner/vendor/roots/sage-lib/Template/Blade.php(69): Roots\Sage\Template\Blade->__call('file', Array)
#5 /var/www/html/outletcorner/trunk/wp-content/themes/outletcorner/app/helpers.php(70): Roots\Sage\Temp

2018-03-12T16:56:10+00:00 CRITICAL Uncaught InvalidArgumentException: Unrecognized extension in file: reviews in /var/www/html/outletcorner/trunk/wp-content/themes/outletcorner/vendor/illuminate/view/Factory.php:258
Stack trace:
#0 /var/www/html/outletcorner/trunk/wp-content/themes/outletcorner/vendor/illuminate/view/Factory.php(227): Illuminate\View\Factory->getEngineFromPath('reviews')
#1 /var/www/html/outletcorner/trunk/wp-content/themes/outletcorner/vendor/illuminate/view/Factory.php(112): Illuminate\View\Factory->viewInstance('reviews', 'reviews', Array)
#2 [internal function]: Illuminate\View\Factory->file('reviews', Array, Array)
#3 /var/www/html/outletcorner/trunk/wp-content/themes/outletcorner/vendor/roots/sage-lib/Template/Blade.php(138): call_user_func_array(Array, Array)
#4 /var/www/html/outletcorner/trunk/wp-content/themes/outletcorner/vendor/roots/sage-lib/Template/Blade.php(69): Roots\Sage\Template\Blade->__call('file', Array)
#5 /var/www/html/outletcorner/trunk/wp-content/themes/outletcorner/app/helpers.php(70): Roots\Sage\Temp

2018-03-12T16:56:52+00:00 CRITICAL Uncaught InvalidArgumentException: Unrecognized extension in file: reviews in /var/www/html/outletcorner/trunk/wp-content/themes/outletcorner/vendor/illuminate/view/Factory.php:258
Stack trace:
#0 /var/www/html/outletcorner/trunk/wp-content/themes/outletcorner/vendor/illuminate/view/Factory.php(227): Illuminate\View\Factory->getEngineFromPath('reviews')
#1 /var/www/html/outletcorner/trunk/wp-content/themes/outletcorner/vendor/illuminate/view/Factory.php(112): Illuminate\View\Factory->viewInstance('reviews', 'reviews', Array)
#2 [internal function]: Illuminate\View\Factory->file('reviews', Array, Array)
#3 /var/www/html/outletcorner/trunk/wp-content/themes/outletcorner/vendor/roots/sage-lib/Template/Blade.php(138): call_user_func_array(Array, Array)
#4 /var/www/html/outletcorner/trunk/wp-content/themes/outletcorner/vendor/roots/sage-lib/Template/Blade.php(69): Roots\Sage\Template\Blade->__call('file', Array)
#5 /var/www/html/outletcorner/trunk/wp-content/themes/outletcorner/app/helpers.php(70): Roots\Sage\Temp

2018-03-12T16:56:54+00:00 CRITICAL Uncaught InvalidArgumentException: Unrecognized extension in file: reviews in /var/www/html/outletcorner/trunk/wp-content/themes/outletcorner/vendor/illuminate/view/Factory.php:258
Stack trace:
#0 /var/www/html/outletcorner/trunk/wp-content/themes/outletcorner/vendor/illuminate/view/Factory.php(227): Illuminate\View\Factory->getEngineFromPath('reviews')
#1 /var/www/html/outletcorner/trunk/wp-content/themes/outletcorner/vendor/illuminate/view/Factory.php(112): Illuminate\View\Factory->viewInstance('reviews', 'reviews', Array)
#2 [internal function]: Illuminate\View\Factory->file('reviews', Array, Array)
#3 /var/www/html/outletcorner/trunk/wp-content/themes/outletcorner/vendor/roots/sage-lib/Template/Blade.php(138): call_user_func_array(Array, Array)
#4 /var/www/html/outletcorner/trunk/wp-content/themes/outletcorner/vendor/roots/sage-lib/Template/Blade.php(69): Roots\Sage\Template\Blade->__call('file', Array)
#5 /var/www/html/outletcorner/trunk/wp-content/themes/outletcorner/app/helpers.php(70): Roots\Sage\Temp

2018-03-12T16:57:56+00:00 CRITICAL Uncaught InvalidArgumentException: Unrecognized extension in file: reviews in /var/www/html/outletcorner/trunk/wp-content/themes/outletcorner/vendor/illuminate/view/Factory.php:258
Stack trace:
#0 /var/www/html/outletcorner/trunk/wp-content/themes/outletcorner/vendor/illuminate/view/Factory.php(227): Illuminate\View\Factory->getEngineFromPath('reviews')
#1 /var/www/html/outletcorner/trunk/wp-content/themes/outletcorner/vendor/illuminate/view/Factory.php(112): Illuminate\View\Factory->viewInstance('reviews', 'reviews', Array)
#2 [internal function]: Illuminate\View\Factory->file('reviews', Array, Array)
#3 /var/www/html/outletcorner/trunk/wp-content/themes/outletcorner/vendor/roots/sage-lib/Template/Blade.php(138): call_user_func_array(Array, Array)
#4 /var/www/html/outletcorner/trunk/wp-content/themes/outletcorner/vendor/roots/sage-lib/Template/Blade.php(69): Roots\Sage\Template\Blade->__call('file', Array)
#5 /var/www/html/outletcorner/trunk/wp-content/themes/outletcorner/app/helpers.php(70): Roots\Sage\Temp

2018-03-12T16:58:03+00:00 CRITICAL Uncaught InvalidArgumentException: Unrecognized extension in file: reviews in /var/www/html/outletcorner/trunk/wp-content/themes/outletcorner/vendor/illuminate/view/Factory.php:258
Stack trace:
#0 /var/www/html/outletcorner/trunk/wp-content/themes/outletcorner/vendor/illuminate/view/Factory.php(227): Illuminate\View\Factory->getEngineFromPath('reviews')
#1 /var/www/html/outletcorner/trunk/wp-content/themes/outletcorner/vendor/illuminate/view/Factory.php(112): Illuminate\View\Factory->viewInstance('reviews', 'reviews', Array)
#2 [internal function]: Illuminate\View\Factory->file('reviews', Array, Array)
#3 /var/www/html/outletcorner/trunk/wp-content/themes/outletcorner/vendor/roots/sage-lib/Template/Blade.php(138): call_user_func_array(Array, Array)
#4 /var/www/html/outletcorner/trunk/wp-content/themes/outletcorner/vendor/roots/sage-lib/Template/Blade.php(69): Roots\Sage\Template\Blade->__call('file', Array)
#5 /var/www/html/outletcorner/trunk/wp-content/themes/outletcorner/app/helpers.php(70): Roots\Sage\Temp

2018-03-12T17:01:52+00:00 CRITICAL Uncaught Error: Call to a member function wc_get_related() on string in /var/www/html/outletcorner/trunk/wp-content/themes/outletcorner/app/controllers/single-product.php:22
Stack trace:
#0 /var/www/html/outletcorner/trunk/wp-content/themes/outletcorner/vendor/soberwp/controller/src/Controller.php(105): App\SingleProduct->relatedProducts()
#1 /var/www/html/outletcorner/trunk/wp-content/themes/outletcorner/vendor/soberwp/controller/src/Controller.php(18): Sober\Controller\Controller->__runMethods()
#2 /var/www/html/outletcorner/trunk/wp-content/themes/outletcorner/vendor/soberwp/controller/controller.php(15): Sober\Controller\Controller->__setup()
#3 /var/www/html/outletcorner/trunk/wp-includes/class-wp-hook.php(288): Sober\Controller\{closure}(Array)
#4 /var/www/html/outletcorner/trunk/wp-includes/plugin.php(203): WP_Hook->apply_filters(Array, Array)
#5 /var/www/html/outletcorner/trunk/wp-content/themes/outletcorner/app/filters.php(51): apply_filters('sage/template/s...', Array, '/var/www/html/o...')
#6 [inte

2018-03-12T17:01:55+00:00 CRITICAL Uncaught Error: Call to a member function wc_get_related() on string in /var/www/html/outletcorner/trunk/wp-content/themes/outletcorner/app/controllers/single-product.php:22
Stack trace:
#0 /var/www/html/outletcorner/trunk/wp-content/themes/outletcorner/vendor/soberwp/controller/src/Controller.php(105): App\SingleProduct->relatedProducts()
#1 /var/www/html/outletcorner/trunk/wp-content/themes/outletcorner/vendor/soberwp/controller/src/Controller.php(18): Sober\Controller\Controller->__runMethods()
#2 /var/www/html/outletcorner/trunk/wp-content/themes/outletcorner/vendor/soberwp/controller/controller.php(15): Sober\Controller\Controller->__setup()
#3 /var/www/html/outletcorner/trunk/wp-includes/class-wp-hook.php(288): Sober\Controller\{closure}(Array)
#4 /var/www/html/outletcorner/trunk/wp-includes/plugin.php(203): WP_Hook->apply_filters(Array, Array)
#5 /var/www/html/outletcorner/trunk/wp-content/themes/outletcorner/app/filters.php(51): apply_filters('sage/template/s...', Array, '/var/www/html/o...')
#6 [inte

2018-03-12T17:04:51+00:00 CRITICAL Uncaught Error: Call to undefined method WP_Post::get_related() in /var/www/html/outletcorner/trunk/wp-content/themes/outletcorner/app/controllers/single-product.php:24
Stack trace:
#0 /var/www/html/outletcorner/trunk/wp-content/themes/outletcorner/vendor/soberwp/controller/src/Controller.php(105): App\SingleProduct->relatedProducts()
#1 /var/www/html/outletcorner/trunk/wp-content/themes/outletcorner/vendor/soberwp/controller/src/Controller.php(18): Sober\Controller\Controller->__runMethods()
#2 /var/www/html/outletcorner/trunk/wp-content/themes/outletcorner/vendor/soberwp/controller/controller.php(15): Sober\Controller\Controller->__setup()
#3 /var/www/html/outletcorner/trunk/wp-includes/class-wp-hook.php(288): Sober\Controller\{closure}(Array)
#4 /var/www/html/outletcorner/trunk/wp-includes/plugin.php(203): WP_Hook->apply_filters(Array, Array)
#5 /var/www/html/outletcorner/trunk/wp-content/themes/outletcorner/app/filters.php(51): apply_filters('sage/template/s...', Array, '/var/www/html/o...')
#6 [internal 

2018-03-12T17:04:53+00:00 CRITICAL Uncaught Error: Call to undefined method WP_Post::get_related() in /var/www/html/outletcorner/trunk/wp-content/themes/outletcorner/app/controllers/single-product.php:24
Stack trace:
#0 /var/www/html/outletcorner/trunk/wp-content/themes/outletcorner/vendor/soberwp/controller/src/Controller.php(105): App\SingleProduct->relatedProducts()
#1 /var/www/html/outletcorner/trunk/wp-content/themes/outletcorner/vendor/soberwp/controller/src/Controller.php(18): Sober\Controller\Controller->__runMethods()
#2 /var/www/html/outletcorner/trunk/wp-content/themes/outletcorner/vendor/soberwp/controller/controller.php(15): Sober\Controller\Controller->__setup()
#3 /var/www/html/outletcorner/trunk/wp-includes/class-wp-hook.php(288): Sober\Controller\{closure}(Array)
#4 /var/www/html/outletcorner/trunk/wp-includes/plugin.php(203): WP_Hook->apply_filters(Array, Array)
#5 /var/www/html/outletcorner/trunk/wp-content/themes/outletcorner/app/filters.php(51): apply_filters('sage/template/s...', Array, '/var/www/html/o...')
#6 [internal 

2018-03-12T17:05:22+00:00 CRITICAL Uncaught Error: Call to undefined method WP_Post::wc_get_related() in /var/www/html/outletcorner/trunk/wp-content/themes/outletcorner/app/controllers/single-product.php:24
Stack trace:
#0 /var/www/html/outletcorner/trunk/wp-content/themes/outletcorner/vendor/soberwp/controller/src/Controller.php(105): App\SingleProduct->relatedProducts()
#1 /var/www/html/outletcorner/trunk/wp-content/themes/outletcorner/vendor/soberwp/controller/src/Controller.php(18): Sober\Controller\Controller->__runMethods()
#2 /var/www/html/outletcorner/trunk/wp-content/themes/outletcorner/vendor/soberwp/controller/controller.php(15): Sober\Controller\Controller->__setup()
#3 /var/www/html/outletcorner/trunk/wp-includes/class-wp-hook.php(288): Sober\Controller\{closure}(Array)
#4 /var/www/html/outletcorner/trunk/wp-includes/plugin.php(203): WP_Hook->apply_filters(Array, Array)
#5 /var/www/html/outletcorner/trunk/wp-content/themes/outletcorner/app/filters.php(51): apply_filters('sage/template/s...', Array, '/var/www/html/o...')
#6 [intern

2018-03-12T17:08:20+00:00 CRITICAL Uncaught Error: Cannot use object of type WP_Post as array in /var/www/html/outletcorner/trunk/wp-content/themes/outletcorner/app/controllers/single-product.php:23
Stack trace:
#0 /var/www/html/outletcorner/trunk/wp-content/themes/outletcorner/vendor/soberwp/controller/src/Controller.php(105): App\SingleProduct->relatedProducts()
#1 /var/www/html/outletcorner/trunk/wp-content/themes/outletcorner/vendor/soberwp/controller/src/Controller.php(18): Sober\Controller\Controller->__runMethods()
#2 /var/www/html/outletcorner/trunk/wp-content/themes/outletcorner/vendor/soberwp/controller/controller.php(15): Sober\Controller\Controller->__setup()
#3 /var/www/html/outletcorner/trunk/wp-includes/class-wp-hook.php(288): Sober\Controller\{closure}(Array)
#4 /var/www/html/outletcorner/trunk/wp-includes/plugin.php(203): WP_Hook->apply_filters(Array, Array)
#5 /var/www/html/outletcorner/trunk/wp-content/themes/outletcorner/app/filters.php(51): apply_filters('sage/template/s...', Array, '/var/www/html/o...')
#6 [internal funct

2018-03-12T17:08:23+00:00 CRITICAL Uncaught Error: Cannot use object of type WP_Post as array in /var/www/html/outletcorner/trunk/wp-content/themes/outletcorner/app/controllers/single-product.php:23
Stack trace:
#0 /var/www/html/outletcorner/trunk/wp-content/themes/outletcorner/vendor/soberwp/controller/src/Controller.php(105): App\SingleProduct->relatedProducts()
#1 /var/www/html/outletcorner/trunk/wp-content/themes/outletcorner/vendor/soberwp/controller/src/Controller.php(18): Sober\Controller\Controller->__runMethods()
#2 /var/www/html/outletcorner/trunk/wp-content/themes/outletcorner/vendor/soberwp/controller/controller.php(15): Sober\Controller\Controller->__setup()
#3 /var/www/html/outletcorner/trunk/wp-includes/class-wp-hook.php(288): Sober\Controller\{closure}(Array)
#4 /var/www/html/outletcorner/trunk/wp-includes/plugin.php(203): WP_Hook->apply_filters(Array, Array)
#5 /var/www/html/outletcorner/trunk/wp-content/themes/outletcorner/app/filters.php(51): apply_filters('sage/template/s...', Array, '/var/www/html/o...')
#6 [internal funct

2018-03-12T17:11:11+00:00 CRITICAL Uncaught Error: Class 'App\WP_Query' not found in /var/www/html/outletcorner/trunk/wp-content/themes/outletcorner/app/controllers/single-product.php:39
Stack trace:
#0 /var/www/html/outletcorner/trunk/wp-content/themes/outletcorner/vendor/soberwp/controller/src/Controller.php(105): App\SingleProduct->relatedProducts()
#1 /var/www/html/outletcorner/trunk/wp-content/themes/outletcorner/vendor/soberwp/controller/src/Controller.php(18): Sober\Controller\Controller->__runMethods()
#2 /var/www/html/outletcorner/trunk/wp-content/themes/outletcorner/vendor/soberwp/controller/controller.php(15): Sober\Controller\Controller->__setup()
#3 /var/www/html/outletcorner/trunk/wp-includes/class-wp-hook.php(288): Sober\Controller\{closure}(Array)
#4 /var/www/html/outletcorner/trunk/wp-includes/plugin.php(203): WP_Hook->apply_filters(Array, Array)
#5 /var/www/html/outletcorner/trunk/wp-content/themes/outletcorner/app/filters.php(51): apply_filters('sage/template/s...', Array, '/var/www/html/o...')
#6 [internal function]: App\{c

2018-03-12T17:11:14+00:00 CRITICAL Uncaught Error: Class 'App\WP_Query' not found in /var/www/html/outletcorner/trunk/wp-content/themes/outletcorner/app/controllers/single-product.php:39
Stack trace:
#0 /var/www/html/outletcorner/trunk/wp-content/themes/outletcorner/vendor/soberwp/controller/src/Controller.php(105): App\SingleProduct->relatedProducts()
#1 /var/www/html/outletcorner/trunk/wp-content/themes/outletcorner/vendor/soberwp/controller/src/Controller.php(18): Sober\Controller\Controller->__runMethods()
#2 /var/www/html/outletcorner/trunk/wp-content/themes/outletcorner/vendor/soberwp/controller/controller.php(15): Sober\Controller\Controller->__setup()
#3 /var/www/html/outletcorner/trunk/wp-includes/class-wp-hook.php(288): Sober\Controller\{closure}(Array)
#4 /var/www/html/outletcorner/trunk/wp-includes/plugin.php(203): WP_Hook->apply_filters(Array, Array)
#5 /var/www/html/outletcorner/trunk/wp-content/themes/outletcorner/app/filters.php(51): apply_filters('sage/template/s...', Array, '/var/www/html/o...')
#6 [internal function]: App\{c

2018-03-12T17:20:01+00:00 CRITICAL Uncaught Error: Class 'App\WP_Query' not found in /var/www/html/outletcorner/trunk/wp-content/themes/outletcorner/app/controllers/single-product.php:38
Stack trace:
#0 /var/www/html/outletcorner/trunk/wp-content/themes/outletcorner/vendor/soberwp/controller/src/Controller.php(105): App\SingleProduct->relatedProducts()
#1 /var/www/html/outletcorner/trunk/wp-content/themes/outletcorner/vendor/soberwp/controller/src/Controller.php(18): Sober\Controller\Controller->__runMethods()
#2 /var/www/html/outletcorner/trunk/wp-content/themes/outletcorner/vendor/soberwp/controller/controller.php(15): Sober\Controller\Controller->__setup()
#3 /var/www/html/outletcorner/trunk/wp-includes/class-wp-hook.php(288): Sober\Controller\{closure}(Array)
#4 /var/www/html/outletcorner/trunk/wp-includes/plugin.php(203): WP_Hook->apply_filters(Array, Array)
#5 /var/www/html/outletcorner/trunk/wp-content/themes/outletcorner/app/filters.php(51): apply_filters('sage/template/s...', Array, '/var/www/html/o...')
#6 [internal function]: App\{c

2018-03-12T17:20:03+00:00 CRITICAL Uncaught Error: Class 'App\WP_Query' not found in /var/www/html/outletcorner/trunk/wp-content/themes/outletcorner/app/controllers/single-product.php:38
Stack trace:
#0 /var/www/html/outletcorner/trunk/wp-content/themes/outletcorner/vendor/soberwp/controller/src/Controller.php(105): App\SingleProduct->relatedProducts()
#1 /var/www/html/outletcorner/trunk/wp-content/themes/outletcorner/vendor/soberwp/controller/src/Controller.php(18): Sober\Controller\Controller->__runMethods()
#2 /var/www/html/outletcorner/trunk/wp-content/themes/outletcorner/vendor/soberwp/controller/controller.php(15): Sober\Controller\Controller->__setup()
#3 /var/www/html/outletcorner/trunk/wp-includes/class-wp-hook.php(288): Sober\Controller\{closure}(Array)
#4 /var/www/html/outletcorner/trunk/wp-includes/plugin.php(203): WP_Hook->apply_filters(Array, Array)
#5 /var/www/html/outletcorner/trunk/wp-content/themes/outletcorner/app/filters.php(51): apply_filters('sage/template/s...', Array, '/var/www/html/o...')
#6 [internal function]: App\{c

2018-03-12T17:20:06+00:00 CRITICAL Uncaught Error: Class 'App\WP_Query' not found in /var/www/html/outletcorner/trunk/wp-content/themes/outletcorner/app/controllers/single-product.php:38
Stack trace:
#0 /var/www/html/outletcorner/trunk/wp-content/themes/outletcorner/vendor/soberwp/controller/src/Controller.php(105): App\SingleProduct->relatedProducts()
#1 /var/www/html/outletcorner/trunk/wp-content/themes/outletcorner/vendor/soberwp/controller/src/Controller.php(18): Sober\Controller\Controller->__runMethods()
#2 /var/www/html/outletcorner/trunk/wp-content/themes/outletcorner/vendor/soberwp/controller/controller.php(15): Sober\Controller\Controller->__setup()
#3 /var/www/html/outletcorner/trunk/wp-includes/class-wp-hook.php(288): Sober\Controller\{closure}(Array)
#4 /var/www/html/outletcorner/trunk/wp-includes/plugin.php(203): WP_Hook->apply_filters(Array, Array)
#5 /var/www/html/outletcorner/trunk/wp-content/themes/outletcorner/app/filters.php(51): apply_filters('sage/template/s...', Array, '/var/www/html/o...')
#6 [internal function]: App\{c

2018-03-12T17:20:07+00:00 CRITICAL Uncaught Error: Class 'App\WP_Query' not found in /var/www/html/outletcorner/trunk/wp-content/themes/outletcorner/app/controllers/single-product.php:38
Stack trace:
#0 /var/www/html/outletcorner/trunk/wp-content/themes/outletcorner/vendor/soberwp/controller/src/Controller.php(105): App\SingleProduct->relatedProducts()
#1 /var/www/html/outletcorner/trunk/wp-content/themes/outletcorner/vendor/soberwp/controller/src/Controller.php(18): Sober\Controller\Controller->__runMethods()
#2 /var/www/html/outletcorner/trunk/wp-content/themes/outletcorner/vendor/soberwp/controller/controller.php(15): Sober\Controller\Controller->__setup()
#3 /var/www/html/outletcorner/trunk/wp-includes/class-wp-hook.php(288): Sober\Controller\{closure}(Array)
#4 /var/www/html/outletcorner/trunk/wp-includes/plugin.php(203): WP_Hook->apply_filters(Array, Array)
#5 /var/www/html/outletcorner/trunk/wp-content/themes/outletcorner/app/filters.php(51): apply_filters('sage/template/s...', Array, '/var/www/html/o...')
#6 [internal function]: App\{c

2018-03-12T17:20:46+00:00 CRITICAL Uncaught Error: Class 'App\WP_Query' not found in /var/www/html/outletcorner/trunk/wp-content/themes/outletcorner/app/controllers/single-product.php:39
Stack trace:
#0 /var/www/html/outletcorner/trunk/wp-content/themes/outletcorner/vendor/soberwp/controller/src/Controller.php(105): App\SingleProduct->relatedProducts()
#1 /var/www/html/outletcorner/trunk/wp-content/themes/outletcorner/vendor/soberwp/controller/src/Controller.php(18): Sober\Controller\Controller->__runMethods()
#2 /var/www/html/outletcorner/trunk/wp-content/themes/outletcorner/vendor/soberwp/controller/controller.php(15): Sober\Controller\Controller->__setup()
#3 /var/www/html/outletcorner/trunk/wp-includes/class-wp-hook.php(288): Sober\Controller\{closure}(Array)
#4 /var/www/html/outletcorner/trunk/wp-includes/plugin.php(203): WP_Hook->apply_filters(Array, Array)
#5 /var/www/html/outletcorner/trunk/wp-content/themes/outletcorner/app/filters.php(51): apply_filters('sage/template/s...', Array, '/var/www/html/o...')
#6 [internal function]: App\{c

2018-03-12T17:40:05+00:00 CRITICAL Uncaught Error: Cannot use object of type WP_Query as array in /var/www/html/outletcorner/trunk/wp-content/themes/outletcorner/app/controllers/single-product.php:37
Stack trace:
#0 /var/www/html/outletcorner/trunk/wp-content/themes/outletcorner/vendor/soberwp/controller/src/Controller.php(105): App\SingleProduct->relatedProducts()
#1 /var/www/html/outletcorner/trunk/wp-content/themes/outletcorner/vendor/soberwp/controller/src/Controller.php(18): Sober\Controller\Controller->__runMethods()
#2 /var/www/html/outletcorner/trunk/wp-content/themes/outletcorner/vendor/soberwp/controller/controller.php(15): Sober\Controller\Controller->__setup()
#3 /var/www/html/outletcorner/trunk/wp-includes/class-wp-hook.php(288): Sober\Controller\{closure}(Array)
#4 /var/www/html/outletcorner/trunk/wp-includes/plugin.php(203): WP_Hook->apply_filters(Array, Array)
#5 /var/www/html/outletcorner/trunk/wp-content/themes/outletcorner/app/filters.php(51): apply_filters('sage/template/s...', Array, '/var/www/html/o...')
#6 [internal func

2018-03-12T17:40:09+00:00 CRITICAL Uncaught Error: Cannot use object of type WP_Query as array in /var/www/html/outletcorner/trunk/wp-content/themes/outletcorner/app/controllers/single-product.php:37
Stack trace:
#0 /var/www/html/outletcorner/trunk/wp-content/themes/outletcorner/vendor/soberwp/controller/src/Controller.php(105): App\SingleProduct->relatedProducts()
#1 /var/www/html/outletcorner/trunk/wp-content/themes/outletcorner/vendor/soberwp/controller/src/Controller.php(18): Sober\Controller\Controller->__runMethods()
#2 /var/www/html/outletcorner/trunk/wp-content/themes/outletcorner/vendor/soberwp/controller/controller.php(15): Sober\Controller\Controller->__setup()
#3 /var/www/html/outletcorner/trunk/wp-includes/class-wp-hook.php(288): Sober\Controller\{closure}(Array)
#4 /var/www/html/outletcorner/trunk/wp-includes/plugin.php(203): WP_Hook->apply_filters(Array, Array)
#5 /var/www/html/outletcorner/trunk/wp-content/themes/outletcorner/app/filters.php(51): apply_filters('sage/template/s...', Array, '/var/www/html/o...')
#6 [internal func

2018-03-12T18:10:31+00:00 CRITICAL Uncaught Symfony\Component\Debug\Exception\FatalThrowableError: Parse error: syntax error, unexpected '?' in /var/www/html/outletcorner/trunk/wp-content/uploads/cache/5fc58dcdb66272ec7464f6dfe6007d442d3bcafd.php:177
Stack trace:
#0 /var/www/html/outletcorner/trunk/wp-content/themes/outletcorner/vendor/illuminate/view/Engines/CompilerEngine.php(59): Illuminate\View\Engines\PhpEngine->evaluatePath('/var/www/html/o...', Array)
#1 /var/www/html/outletcorner/trunk/wp-content/themes/outletcorner/vendor/illuminate/view/View.php(137): Illuminate\View\Engines\CompilerEngine->get('/var/www/html/o...', Array)
#2 /var/www/html/outletcorner/trunk/wp-content/themes/outletcorner/vendor/illuminate/view/View.php(120): Illuminate\View\View->getContents()
#3 /var/www/html/outletcorner/trunk/wp-content/themes/outletcorner/vendor/illuminate/view/View.php(85): Illuminate\View\View->renderContents()
#4 /var/www/html/outletcorner/trunk/wp-content/themes/outletcorner/vendor/roots/sage-lib/Template/Blade.php(58): Illuminate\View\View-

2018-03-12T18:10:37+00:00 CRITICAL Uncaught Symfony\Component\Debug\Exception\FatalThrowableError: Parse error: syntax error, unexpected '?' in /var/www/html/outletcorner/trunk/wp-content/uploads/cache/5fc58dcdb66272ec7464f6dfe6007d442d3bcafd.php:177
Stack trace:
#0 /var/www/html/outletcorner/trunk/wp-content/themes/outletcorner/vendor/illuminate/view/Engines/CompilerEngine.php(59): Illuminate\View\Engines\PhpEngine->evaluatePath('/var/www/html/o...', Array)
#1 /var/www/html/outletcorner/trunk/wp-content/themes/outletcorner/vendor/illuminate/view/View.php(137): Illuminate\View\Engines\CompilerEngine->get('/var/www/html/o...', Array)
#2 /var/www/html/outletcorner/trunk/wp-content/themes/outletcorner/vendor/illuminate/view/View.php(120): Illuminate\View\View->getContents()
#3 /var/www/html/outletcorner/trunk/wp-content/themes/outletcorner/vendor/illuminate/view/View.php(85): Illuminate\View\View->renderContents()
#4 /var/www/html/outletcorner/trunk/wp-content/themes/outletcorner/vendor/roots/sage-lib/Template/Blade.php(58): Illuminate\View\View-

2018-03-12T18:11:38+00:00 CRITICAL Uncaught Symfony\Component\Debug\Exception\FatalThrowableError: Class name must be a valid object or a string in /var/www/html/outletcorner/trunk/wp-content/uploads/cache/5fc58dcdb66272ec7464f6dfe6007d442d3bcafd.php:176
Stack trace:
#0 /var/www/html/outletcorner/trunk/wp-content/themes/outletcorner/vendor/illuminate/view/Engines/PhpEngine.php(42): include()
#1 /var/www/html/outletcorner/trunk/wp-content/themes/outletcorner/vendor/illuminate/view/Engines/CompilerEngine.php(59): Illuminate\View\Engines\PhpEngine->evaluatePath('/var/www/html/o...', Array)
#2 /var/www/html/outletcorner/trunk/wp-content/themes/outletcorner/vendor/illuminate/view/View.php(137): Illuminate\View\Engines\CompilerEngine->get('/var/www/html/o...', Array)
#3 /var/www/html/outletcorner/trunk/wp-content/themes/outletcorner/vendor/illuminate/view/View.php(120): Illuminate\View\View->getContents()
#4 /var/www/html/outletcorner/trunk/wp-content/themes/outletcorner/vendor/illuminate/view/View.php(85): Illuminate\View\View->renderContents()
#5 

2018-03-12T18:37:42+00:00 CRITICAL Uncaught Symfony\Component\Debug\Exception\FatalThrowableError: Call to undefined function vardump() in /var/www/html/outletcorner/trunk/wp-content/uploads/cache/5fc58dcdb66272ec7464f6dfe6007d442d3bcafd.php:176
Stack trace:
#0 /var/www/html/outletcorner/trunk/wp-content/themes/outletcorner/vendor/illuminate/view/Engines/PhpEngine.php(42): include()
#1 /var/www/html/outletcorner/trunk/wp-content/themes/outletcorner/vendor/illuminate/view/Engines/CompilerEngine.php(59): Illuminate\View\Engines\PhpEngine->evaluatePath('/var/www/html/o...', Array)
#2 /var/www/html/outletcorner/trunk/wp-content/themes/outletcorner/vendor/illuminate/view/View.php(137): Illuminate\View\Engines\CompilerEngine->get('/var/www/html/o...', Array)
#3 /var/www/html/outletcorner/trunk/wp-content/themes/outletcorner/vendor/illuminate/view/View.php(120): Illuminate\View\View->getContents()
#4 /var/www/html/outletcorner/trunk/wp-content/themes/outletcorner/vendor/illuminate/view/View.php(85): Illuminate\View\View->renderContents()
#5 /var/www/

2018-03-12T18:37:45+00:00 CRITICAL Uncaught Symfony\Component\Debug\Exception\FatalThrowableError: Call to undefined function vardump() in /var/www/html/outletcorner/trunk/wp-content/uploads/cache/5fc58dcdb66272ec7464f6dfe6007d442d3bcafd.php:176
Stack trace:
#0 /var/www/html/outletcorner/trunk/wp-content/themes/outletcorner/vendor/illuminate/view/Engines/PhpEngine.php(42): include()
#1 /var/www/html/outletcorner/trunk/wp-content/themes/outletcorner/vendor/illuminate/view/Engines/CompilerEngine.php(59): Illuminate\View\Engines\PhpEngine->evaluatePath('/var/www/html/o...', Array)
#2 /var/www/html/outletcorner/trunk/wp-content/themes/outletcorner/vendor/illuminate/view/View.php(137): Illuminate\View\Engines\CompilerEngine->get('/var/www/html/o...', Array)
#3 /var/www/html/outletcorner/trunk/wp-content/themes/outletcorner/vendor/illuminate/view/View.php(120): Illuminate\View\View->getContents()
#4 /var/www/html/outletcorner/trunk/wp-content/themes/outletcorner/vendor/illuminate/view/View.php(85): Illuminate\View\View->renderContents()
#5 /var/www/

2018-03-12T18:43:57+00:00 CRITICAL Uncaught Symfony\Component\Debug\Exception\FatalThrowableError: Call to undefined function App\relatedProducts() in /var/www/html/outletcorner/trunk/wp-content/uploads/cache/5fc58dcdb66272ec7464f6dfe6007d442d3bcafd.php:176
Stack trace:
#0 /var/www/html/outletcorner/trunk/wp-content/themes/outletcorner/vendor/illuminate/view/Engines/PhpEngine.php(42): include()
#1 /var/www/html/outletcorner/trunk/wp-content/themes/outletcorner/vendor/illuminate/view/Engines/CompilerEngine.php(59): Illuminate\View\Engines\PhpEngine->evaluatePath('/var/www/html/o...', Array)
#2 /var/www/html/outletcorner/trunk/wp-content/themes/outletcorner/vendor/illuminate/view/View.php(137): Illuminate\View\Engines\CompilerEngine->get('/var/www/html/o...', Array)
#3 /var/www/html/outletcorner/trunk/wp-content/themes/outletcorner/vendor/illuminate/view/View.php(120): Illuminate\View\View->getContents()
#4 /var/www/html/outletcorner/trunk/wp-content/themes/outletcorner/vendor/illuminate/view/View.php(85): Illuminate\View\View->renderContents()


2018-03-12T19:59:04+00:00 CRITICAL Uncaught Symfony\Component\Debug\Exception\FatalThrowableError: Parse error: syntax error, unexpected 'echo' (T_ECHO) in /var/www/html/outletcorner/trunk/wp-content/uploads/cache/5fc58dcdb66272ec7464f6dfe6007d442d3bcafd.php:169
Stack trace:
#0 /var/www/html/outletcorner/trunk/wp-content/themes/outletcorner/vendor/illuminate/view/Engines/CompilerEngine.php(59): Illuminate\View\Engines\PhpEngine->evaluatePath('/var/www/html/o...', Array)
#1 /var/www/html/outletcorner/trunk/wp-content/themes/outletcorner/vendor/illuminate/view/View.php(137): Illuminate\View\Engines\CompilerEngine->get('/var/www/html/o...', Array)
#2 /var/www/html/outletcorner/trunk/wp-content/themes/outletcorner/vendor/illuminate/view/View.php(120): Illuminate\View\View->getContents()
#3 /var/www/html/outletcorner/trunk/wp-content/themes/outletcorner/vendor/illuminate/view/View.php(85): Illuminate\View\View->renderContents()
#4 /var/www/html/outletcorner/trunk/wp-content/themes/outletcorner/vendor/roots/sage-lib/Template/Blade.php(58): Illuminat

2018-03-12T19:59:07+00:00 CRITICAL Uncaught Symfony\Component\Debug\Exception\FatalThrowableError: Parse error: syntax error, unexpected 'echo' (T_ECHO) in /var/www/html/outletcorner/trunk/wp-content/uploads/cache/5fc58dcdb66272ec7464f6dfe6007d442d3bcafd.php:169
Stack trace:
#0 /var/www/html/outletcorner/trunk/wp-content/themes/outletcorner/vendor/illuminate/view/Engines/CompilerEngine.php(59): Illuminate\View\Engines\PhpEngine->evaluatePath('/var/www/html/o...', Array)
#1 /var/www/html/outletcorner/trunk/wp-content/themes/outletcorner/vendor/illuminate/view/View.php(137): Illuminate\View\Engines\CompilerEngine->get('/var/www/html/o...', Array)
#2 /var/www/html/outletcorner/trunk/wp-content/themes/outletcorner/vendor/illuminate/view/View.php(120): Illuminate\View\View->getContents()
#3 /var/www/html/outletcorner/trunk/wp-content/themes/outletcorner/vendor/illuminate/view/View.php(85): Illuminate\View\View->renderContents()
#4 /var/www/html/outletcorner/trunk/wp-content/themes/outletcorner/vendor/roots/sage-lib/Template/Blade.php(58): Illuminat

2018-03-13T15:09:29+00:00 CRITICAL Uncaught Error: Call to a member function add_to_cart_url() on null in /var/www/html/outletcorner/trunk/wp-content/themes/outletcorner/app/controllers/single-product.php:106
Stack trace:
#0 /var/www/html/outletcorner/trunk/wp-content/themes/outletcorner/vendor/soberwp/controller/src/Controller.php(105): App\SingleProduct->addtocartform()
#1 /var/www/html/outletcorner/trunk/wp-content/themes/outletcorner/vendor/soberwp/controller/src/Controller.php(18): Sober\Controller\Controller->__runMethods()
#2 /var/www/html/outletcorner/trunk/wp-content/themes/outletcorner/vendor/soberwp/controller/controller.php(15): Sober\Controller\Controller->__setup()
#3 /var/www/html/outletcorner/trunk/wp-includes/class-wp-hook.php(288): Sober\Controller\{closure}(Array)
#4 /var/www/html/outletcorner/trunk/wp-includes/plugin.php(203): WP_Hook->apply_filters(Array, Array)
#5 /var/www/html/outletcorner/trunk/wp-content/themes/outletcorner/app/filters.php(51): apply_filters('sage/template/s...', Array, '/var/www/html/o...')
#6 [intern

2018-03-13T15:09:31+00:00 CRITICAL Uncaught Error: Call to a member function add_to_cart_url() on null in /var/www/html/outletcorner/trunk/wp-content/themes/outletcorner/app/controllers/single-product.php:106
Stack trace:
#0 /var/www/html/outletcorner/trunk/wp-content/themes/outletcorner/vendor/soberwp/controller/src/Controller.php(105): App\SingleProduct->addtocartform()
#1 /var/www/html/outletcorner/trunk/wp-content/themes/outletcorner/vendor/soberwp/controller/src/Controller.php(18): Sober\Controller\Controller->__runMethods()
#2 /var/www/html/outletcorner/trunk/wp-content/themes/outletcorner/vendor/soberwp/controller/controller.php(15): Sober\Controller\Controller->__setup()
#3 /var/www/html/outletcorner/trunk/wp-includes/class-wp-hook.php(288): Sober\Controller\{closure}(Array)
#4 /var/www/html/outletcorner/trunk/wp-includes/plugin.php(203): WP_Hook->apply_filters(Array, Array)
#5 /var/www/html/outletcorner/trunk/wp-content/themes/outletcorner/app/filters.php(51): apply_filters('sage/template/s...', Array, '/var/www/html/o...')
#6 [intern

2018-03-13T15:18:07+00:00 CRITICAL Uncaught Error: Call to undefined method WP_Post::get_stock_status() in /var/www/html/outletcorner/trunk/wp-content/themes/outletcorner/app/controllers/single-product.php:103
Stack trace:
#0 /var/www/html/outletcorner/trunk/wp-content/themes/outletcorner/vendor/soberwp/controller/src/Controller.php(105): App\SingleProduct->addtocartform()
#1 /var/www/html/outletcorner/trunk/wp-content/themes/outletcorner/vendor/soberwp/controller/src/Controller.php(18): Sober\Controller\Controller->__runMethods()
#2 /var/www/html/outletcorner/trunk/wp-content/themes/outletcorner/vendor/soberwp/controller/controller.php(15): Sober\Controller\Controller->__setup()
#3 /var/www/html/outletcorner/trunk/wp-includes/class-wp-hook.php(288): Sober\Controller\{closure}(Array)
#4 /var/www/html/outletcorner/trunk/wp-includes/plugin.php(203): WP_Hook->apply_filters(Array, Array)
#5 /var/www/html/outletcorner/trunk/wp-content/themes/outletcorner/app/filters.php(51): apply_filters('sage/template/s...', Array, '/var/www/html/o...')
#6 [inter

2018-03-13T15:18:11+00:00 CRITICAL Uncaught Error: Call to undefined method WP_Post::get_stock_status() in /var/www/html/outletcorner/trunk/wp-content/themes/outletcorner/app/controllers/single-product.php:103
Stack trace:
#0 /var/www/html/outletcorner/trunk/wp-content/themes/outletcorner/vendor/soberwp/controller/src/Controller.php(105): App\SingleProduct->addtocartform()
#1 /var/www/html/outletcorner/trunk/wp-content/themes/outletcorner/vendor/soberwp/controller/src/Controller.php(18): Sober\Controller\Controller->__runMethods()
#2 /var/www/html/outletcorner/trunk/wp-content/themes/outletcorner/vendor/soberwp/controller/controller.php(15): Sober\Controller\Controller->__setup()
#3 /var/www/html/outletcorner/trunk/wp-includes/class-wp-hook.php(288): Sober\Controller\{closure}(Array)
#4 /var/www/html/outletcorner/trunk/wp-includes/plugin.php(203): WP_Hook->apply_filters(Array, Array)
#5 /var/www/html/outletcorner/trunk/wp-content/themes/outletcorner/app/filters.php(51): apply_filters('sage/template/s...', Array, '/var/www/html/o...')
#6 [inter

2018-03-13T15:18:13+00:00 CRITICAL Uncaught Error: Call to undefined method WP_Post::get_stock_status() in /var/www/html/outletcorner/trunk/wp-content/themes/outletcorner/app/controllers/single-product.php:103
Stack trace:
#0 /var/www/html/outletcorner/trunk/wp-content/themes/outletcorner/vendor/soberwp/controller/src/Controller.php(105): App\SingleProduct->addtocartform()
#1 /var/www/html/outletcorner/trunk/wp-content/themes/outletcorner/vendor/soberwp/controller/src/Controller.php(18): Sober\Controller\Controller->__runMethods()
#2 /var/www/html/outletcorner/trunk/wp-content/themes/outletcorner/vendor/soberwp/controller/controller.php(15): Sober\Controller\Controller->__setup()
#3 /var/www/html/outletcorner/trunk/wp-includes/class-wp-hook.php(288): Sober\Controller\{closure}(Array)
#4 /var/www/html/outletcorner/trunk/wp-includes/plugin.php(203): WP_Hook->apply_filters(Array, Array)
#5 /var/www/html/outletcorner/trunk/wp-content/themes/outletcorner/app/filters.php(51): apply_filters('sage/template/s...', Array, '/var/www/html/o...')
#6 [inter

2018-03-13T15:18:49+00:00 CRITICAL Uncaught Error: Call to a member function get_stock_status() on string in /var/www/html/outletcorner/trunk/wp-content/themes/outletcorner/app/controllers/single-product.php:103
Stack trace:
#0 /var/www/html/outletcorner/trunk/wp-content/themes/outletcorner/vendor/soberwp/controller/src/Controller.php(105): App\SingleProduct->addtocartform()
#1 /var/www/html/outletcorner/trunk/wp-content/themes/outletcorner/vendor/soberwp/controller/src/Controller.php(18): Sober\Controller\Controller->__runMethods()
#2 /var/www/html/outletcorner/trunk/wp-content/themes/outletcorner/vendor/soberwp/controller/controller.php(15): Sober\Controller\Controller->__setup()
#3 /var/www/html/outletcorner/trunk/wp-includes/class-wp-hook.php(288): Sober\Controller\{closure}(Array)
#4 /var/www/html/outletcorner/trunk/wp-includes/plugin.php(203): WP_Hook->apply_filters(Array, Array)
#5 /var/www/html/outletcorner/trunk/wp-content/themes/outletcorner/app/filters.php(51): apply_filters('sage/template/s...', Array, '/var/www/html/o...')
#6 [int

2018-03-13T15:21:27+00:00 CRITICAL Uncaught Error: Call to a member function get_stock_status() on string in /var/www/html/outletcorner/trunk/wp-content/themes/outletcorner/app/controllers/single-product.php:103
Stack trace:
#0 /var/www/html/outletcorner/trunk/wp-content/themes/outletcorner/vendor/soberwp/controller/src/Controller.php(105): App\SingleProduct->addtocartform()
#1 /var/www/html/outletcorner/trunk/wp-content/themes/outletcorner/vendor/soberwp/controller/src/Controller.php(18): Sober\Controller\Controller->__runMethods()
#2 /var/www/html/outletcorner/trunk/wp-content/themes/outletcorner/vendor/soberwp/controller/controller.php(15): Sober\Controller\Controller->__setup()
#3 /var/www/html/outletcorner/trunk/wp-includes/class-wp-hook.php(288): Sober\Controller\{closure}(Array)
#4 /var/www/html/outletcorner/trunk/wp-includes/plugin.php(203): WP_Hook->apply_filters(Array, Array)
#5 /var/www/html/outletcorner/trunk/wp-content/themes/outletcorner/app/filters.php(51): apply_filters('sage/template/s...', Array, '/var/www/html/o...')
#6 [int

2018-03-13T15:21:29+00:00 CRITICAL Uncaught Error: Call to a member function get_stock_status() on string in /var/www/html/outletcorner/trunk/wp-content/themes/outletcorner/app/controllers/single-product.php:103
Stack trace:
#0 /var/www/html/outletcorner/trunk/wp-content/themes/outletcorner/vendor/soberwp/controller/src/Controller.php(105): App\SingleProduct->addtocartform()
#1 /var/www/html/outletcorner/trunk/wp-content/themes/outletcorner/vendor/soberwp/controller/src/Controller.php(18): Sober\Controller\Controller->__runMethods()
#2 /var/www/html/outletcorner/trunk/wp-content/themes/outletcorner/vendor/soberwp/controller/controller.php(15): Sober\Controller\Controller->__setup()
#3 /var/www/html/outletcorner/trunk/wp-includes/class-wp-hook.php(288): Sober\Controller\{closure}(Array)
#4 /var/www/html/outletcorner/trunk/wp-includes/plugin.php(203): WP_Hook->apply_filters(Array, Array)
#5 /var/www/html/outletcorner/trunk/wp-content/themes/outletcorner/app/filters.php(51): apply_filters('sage/template/s...', Array, '/var/www/html/o...')
#6 [int

2018-03-13T15:22:00+00:00 CRITICAL Uncaught InvalidArgumentException: Unrecognized extension in file: reviews in /var/www/html/outletcorner/trunk/wp-content/themes/outletcorner/vendor/illuminate/view/Factory.php:258
Stack trace:
#0 /var/www/html/outletcorner/trunk/wp-content/themes/outletcorner/vendor/illuminate/view/Factory.php(227): Illuminate\View\Factory->getEngineFromPath('reviews')
#1 /var/www/html/outletcorner/trunk/wp-content/themes/outletcorner/vendor/illuminate/view/Factory.php(112): Illuminate\View\Factory->viewInstance('reviews', 'reviews', Array)
#2 [internal function]: Illuminate\View\Factory->file('reviews', Array, Array)
#3 /var/www/html/outletcorner/trunk/wp-content/themes/outletcorner/vendor/roots/sage-lib/Template/Blade.php(138): call_user_func_array(Array, Array)
#4 /var/www/html/outletcorner/trunk/wp-content/themes/outletcorner/vendor/roots/sage-lib/Template/Blade.php(69): Roots\Sage\Template\Blade->__call('file', Array)
#5 /var/www/html/outletcorner/trunk/wp-content/themes/outletcorner/app/helpers.php(70): Roots\Sage\Temp

2018-03-13T15:22:03+00:00 CRITICAL Uncaught InvalidArgumentException: Unrecognized extension in file: reviews in /var/www/html/outletcorner/trunk/wp-content/themes/outletcorner/vendor/illuminate/view/Factory.php:258
Stack trace:
#0 /var/www/html/outletcorner/trunk/wp-content/themes/outletcorner/vendor/illuminate/view/Factory.php(227): Illuminate\View\Factory->getEngineFromPath('reviews')
#1 /var/www/html/outletcorner/trunk/wp-content/themes/outletcorner/vendor/illuminate/view/Factory.php(112): Illuminate\View\Factory->viewInstance('reviews', 'reviews', Array)
#2 [internal function]: Illuminate\View\Factory->file('reviews', Array, Array)
#3 /var/www/html/outletcorner/trunk/wp-content/themes/outletcorner/vendor/roots/sage-lib/Template/Blade.php(138): call_user_func_array(Array, Array)
#4 /var/www/html/outletcorner/trunk/wp-content/themes/outletcorner/vendor/roots/sage-lib/Template/Blade.php(69): Roots\Sage\Template\Blade->__call('file', Array)
#5 /var/www/html/outletcorner/trunk/wp-content/themes/outletcorner/app/helpers.php(70): Roots\Sage\Temp

2018-03-13T16:03:38+00:00 CRITICAL Uncaught Symfony\Component\Debug\Exception\FatalThrowableError: Parse error: syntax error, unexpected 'endwhile' (T_ENDWHILE) in /var/www/html/outletcorner/trunk/wp-content/uploads/cache/5fc58dcdb66272ec7464f6dfe6007d442d3bcafd.php:345
Stack trace:
#0 /var/www/html/outletcorner/trunk/wp-content/themes/outletcorner/vendor/illuminate/view/Engines/CompilerEngine.php(59): Illuminate\View\Engines\PhpEngine->evaluatePath('/var/www/html/o...', Array)
#1 /var/www/html/outletcorner/trunk/wp-content/themes/outletcorner/vendor/illuminate/view/View.php(137): Illuminate\View\Engines\CompilerEngine->get('/var/www/html/o...', Array)
#2 /var/www/html/outletcorner/trunk/wp-content/themes/outletcorner/vendor/illuminate/view/View.php(120): Illuminate\View\View->getContents()
#3 /var/www/html/outletcorner/trunk/wp-content/themes/outletcorner/vendor/illuminate/view/View.php(85): Illuminate\View\View->renderContents()
#4 /var/www/html/outletcorner/trunk/wp-content/themes/outletcorner/vendor/roots/sage-lib/Template/Blade.php(58): I

2018-03-13T16:03:41+00:00 CRITICAL Uncaught Symfony\Component\Debug\Exception\FatalThrowableError: Parse error: syntax error, unexpected 'endwhile' (T_ENDWHILE) in /var/www/html/outletcorner/trunk/wp-content/uploads/cache/5fc58dcdb66272ec7464f6dfe6007d442d3bcafd.php:345
Stack trace:
#0 /var/www/html/outletcorner/trunk/wp-content/themes/outletcorner/vendor/illuminate/view/Engines/CompilerEngine.php(59): Illuminate\View\Engines\PhpEngine->evaluatePath('/var/www/html/o...', Array)
#1 /var/www/html/outletcorner/trunk/wp-content/themes/outletcorner/vendor/illuminate/view/View.php(137): Illuminate\View\Engines\CompilerEngine->get('/var/www/html/o...', Array)
#2 /var/www/html/outletcorner/trunk/wp-content/themes/outletcorner/vendor/illuminate/view/View.php(120): Illuminate\View\View->getContents()
#3 /var/www/html/outletcorner/trunk/wp-content/themes/outletcorner/vendor/illuminate/view/View.php(85): Illuminate\View\View->renderContents()
#4 /var/www/html/outletcorner/trunk/wp-content/themes/outletcorner/vendor/roots/sage-lib/Template/Blade.php(58): I

2018-03-13T16:04:31+00:00 CRITICAL Uncaught Symfony\Component\Debug\Exception\FatalThrowableError: Parse error: syntax error, unexpected 'for' (T_FOR) in /var/www/html/outletcorner/trunk/wp-content/uploads/cache/5fc58dcdb66272ec7464f6dfe6007d442d3bcafd.php:112
Stack trace:
#0 /var/www/html/outletcorner/trunk/wp-content/themes/outletcorner/vendor/illuminate/view/Engines/CompilerEngine.php(59): Illuminate\View\Engines\PhpEngine->evaluatePath('/var/www/html/o...', Array)
#1 /var/www/html/outletcorner/trunk/wp-content/themes/outletcorner/vendor/illuminate/view/View.php(137): Illuminate\View\Engines\CompilerEngine->get('/var/www/html/o...', Array)
#2 /var/www/html/outletcorner/trunk/wp-content/themes/outletcorner/vendor/illuminate/view/View.php(120): Illuminate\View\View->getContents()
#3 /var/www/html/outletcorner/trunk/wp-content/themes/outletcorner/vendor/illuminate/view/View.php(85): Illuminate\View\View->renderContents()
#4 /var/www/html/outletcorner/trunk/wp-content/themes/outletcorner/vendor/roots/sage-lib/Template/Blade.php(58): Illuminate\

2018-03-13T16:04:33+00:00 CRITICAL Uncaught Symfony\Component\Debug\Exception\FatalThrowableError: Parse error: syntax error, unexpected 'for' (T_FOR) in /var/www/html/outletcorner/trunk/wp-content/uploads/cache/5fc58dcdb66272ec7464f6dfe6007d442d3bcafd.php:112
Stack trace:
#0 /var/www/html/outletcorner/trunk/wp-content/themes/outletcorner/vendor/illuminate/view/Engines/CompilerEngine.php(59): Illuminate\View\Engines\PhpEngine->evaluatePath('/var/www/html/o...', Array)
#1 /var/www/html/outletcorner/trunk/wp-content/themes/outletcorner/vendor/illuminate/view/View.php(137): Illuminate\View\Engines\CompilerEngine->get('/var/www/html/o...', Array)
#2 /var/www/html/outletcorner/trunk/wp-content/themes/outletcorner/vendor/illuminate/view/View.php(120): Illuminate\View\View->getContents()
#3 /var/www/html/outletcorner/trunk/wp-content/themes/outletcorner/vendor/illuminate/view/View.php(85): Illuminate\View\View->renderContents()
#4 /var/www/html/outletcorner/trunk/wp-content/themes/outletcorner/vendor/roots/sage-lib/Template/Blade.php(58): Illuminate\

2018-03-13T16:42:37+00:00 CRITICAL Uncaught Error: Using $this when not in object context in /var/www/html/outletcorner/trunk/wp-includes/class-wp-error.php:131
Stack trace:
#0 /var/www/html/outletcorner/trunk/wp-content/themes/outletcorner/resources/functions.php(295): WP_Error::get_error_message()
#1 /var/www/html/outletcorner/trunk/wp-includes/class-wp-hook.php(286): add_product_to_cart('')
#2 /var/www/html/outletcorner/trunk/wp-includes/class-wp-hook.php(310): WP_Hook->apply_filters('', Array)
#3 /var/www/html/outletcorner/trunk/wp-includes/plugin.php(453): WP_Hook->do_action(Array)
#4 /var/www/html/outletcorner/trunk/wp-admin/admin-ajax.php(97): do_action('wp_ajax_add_pro...')
#5 {main}
  thrown

2018-03-13T16:42:57+00:00 CRITICAL Uncaught Error: Using $this when not in object context in /var/www/html/outletcorner/trunk/wp-includes/class-wp-error.php:131
Stack trace:
#0 /var/www/html/outletcorner/trunk/wp-content/themes/outletcorner/resources/functions.php(295): WP_Error::get_error_message()
#1 /var/www/html/outletcorner/trunk/wp-includes/class-wp-hook.php(286): add_product_to_cart('')
#2 /var/www/html/outletcorner/trunk/wp-includes/class-wp-hook.php(310): WP_Hook->apply_filters('', Array)
#3 /var/www/html/outletcorner/trunk/wp-includes/plugin.php(453): WP_Hook->do_action(Array)
#4 /var/www/html/outletcorner/trunk/wp-admin/admin-ajax.php(97): do_action('wp_ajax_add_pro...')
#5 {main}
  thrown

2018-03-13T16:43:44+00:00 CRITICAL Uncaught Error: Using $this when not in object context in /var/www/html/outletcorner/trunk/wp-includes/class-wp-error.php:131
Stack trace:
#0 /var/www/html/outletcorner/trunk/wp-content/themes/outletcorner/resources/functions.php(295): WP_Error::get_error_message()
#1 /var/www/html/outletcorner/trunk/wp-includes/class-wp-hook.php(286): add_product_to_cart('')
#2 /var/www/html/outletcorner/trunk/wp-includes/class-wp-hook.php(310): WP_Hook->apply_filters('', Array)
#3 /var/www/html/outletcorner/trunk/wp-includes/plugin.php(453): WP_Hook->do_action(Array)
#4 /var/www/html/outletcorner/trunk/wp-admin/admin-ajax.php(97): do_action('wp_ajax_add_pro...')
#5 {main}
  thrown

2018-03-13T16:46:29+00:00 CRITICAL Uncaught Error: Using $this when not in object context in /var/www/html/outletcorner/trunk/wp-includes/class-wp-error.php:131
Stack trace:
#0 /var/www/html/outletcorner/trunk/wp-content/themes/outletcorner/resources/functions.php(303): WP_Error::get_error_message(NULL)
#1 /var/www/html/outletcorner/trunk/wp-includes/class-wp-hook.php(286): add_product_to_cart('')
#2 /var/www/html/outletcorner/trunk/wp-includes/class-wp-hook.php(310): WP_Hook->apply_filters('', Array)
#3 /var/www/html/outletcorner/trunk/wp-includes/plugin.php(453): WP_Hook->do_action(Array)
#4 /var/www/html/outletcorner/trunk/wp-admin/admin-ajax.php(97): do_action('wp_ajax_add_pro...')
#5 {main}
  thrown

2018-03-13T17:17:00+00:00 CRITICAL Uncaught Error: Call to undefined function wc_notices() in /var/www/html/outletcorner/trunk/wp-content/themes/outletcorner/resources/functions.php:303
Stack trace:
#0 /var/www/html/outletcorner/trunk/wp-includes/class-wp-hook.php(286): add_product_to_cart('')
#1 /var/www/html/outletcorner/trunk/wp-includes/class-wp-hook.php(310): WP_Hook->apply_filters('', Array)
#2 /var/www/html/outletcorner/trunk/wp-includes/plugin.php(453): WP_Hook->do_action(Array)
#3 /var/www/html/outletcorner/trunk/wp-admin/admin-ajax.php(97): do_action('wp_ajax_add_pro...')
#4 {main}
  thrown

2018-03-13T18:12:32+00:00 CRITICAL Uncaught Symfony\Component\Debug\Exception\FatalThrowableError: Parse error: syntax error, unexpected ')', expecting variable (T_VARIABLE) or '{' or '$' in /var/www/html/outletcorner/trunk/wp-content/uploads/cache/5fc58dcdb66272ec7464f6dfe6007d442d3bcafd.php:63
Stack trace:
#0 /var/www/html/outletcorner/trunk/wp-content/themes/outletcorner/vendor/illuminate/view/Engines/CompilerEngine.php(59): Illuminate\View\Engines\PhpEngine->evaluatePath('/var/www/html/o...', Array)
#1 /var/www/html/outletcorner/trunk/wp-content/themes/outletcorner/vendor/illuminate/view/View.php(137): Illuminate\View\Engines\CompilerEngine->get('/var/www/html/o...', Array)
#2 /var/www/html/outletcorner/trunk/wp-content/themes/outletcorner/vendor/illuminate/view/View.php(120): Illuminate\View\View->getContents()
#3 /var/www/html/outletcorner/trunk/wp-content/themes/outletcorner/vendor/illuminate/view/View.php(85): Illuminate\View\View->renderContents()
#4 /var/www/html/outletcorner/trunk/wp-content/themes/outletcorner/vendor/roots/sage-lib

2018-03-13T18:12:36+00:00 CRITICAL Uncaught Symfony\Component\Debug\Exception\FatalThrowableError: Parse error: syntax error, unexpected ')', expecting variable (T_VARIABLE) or '{' or '$' in /var/www/html/outletcorner/trunk/wp-content/uploads/cache/5fc58dcdb66272ec7464f6dfe6007d442d3bcafd.php:63
Stack trace:
#0 /var/www/html/outletcorner/trunk/wp-content/themes/outletcorner/vendor/illuminate/view/Engines/CompilerEngine.php(59): Illuminate\View\Engines\PhpEngine->evaluatePath('/var/www/html/o...', Array)
#1 /var/www/html/outletcorner/trunk/wp-content/themes/outletcorner/vendor/illuminate/view/View.php(137): Illuminate\View\Engines\CompilerEngine->get('/var/www/html/o...', Array)
#2 /var/www/html/outletcorner/trunk/wp-content/themes/outletcorner/vendor/illuminate/view/View.php(120): Illuminate\View\View->getContents()
#3 /var/www/html/outletcorner/trunk/wp-content/themes/outletcorner/vendor/illuminate/view/View.php(85): Illuminate\View\View->renderContents()
#4 /var/www/html/outletcorner/trunk/wp-content/themes/outletcorner/vendor/roots/sage-lib

2018-03-13T18:12:41+00:00 CRITICAL Uncaught Symfony\Component\Debug\Exception\FatalThrowableError: Parse error: syntax error, unexpected ')', expecting variable (T_VARIABLE) or '{' or '$' in /var/www/html/outletcorner/trunk/wp-content/uploads/cache/5fc58dcdb66272ec7464f6dfe6007d442d3bcafd.php:63
Stack trace:
#0 /var/www/html/outletcorner/trunk/wp-content/themes/outletcorner/vendor/illuminate/view/Engines/CompilerEngine.php(59): Illuminate\View\Engines\PhpEngine->evaluatePath('/var/www/html/o...', Array)
#1 /var/www/html/outletcorner/trunk/wp-content/themes/outletcorner/vendor/illuminate/view/View.php(137): Illuminate\View\Engines\CompilerEngine->get('/var/www/html/o...', Array)
#2 /var/www/html/outletcorner/trunk/wp-content/themes/outletcorner/vendor/illuminate/view/View.php(120): Illuminate\View\View->getContents()
#3 /var/www/html/outletcorner/trunk/wp-content/themes/outletcorner/vendor/illuminate/view/View.php(85): Illuminate\View\View->renderContents()
#4 /var/www/html/outletcorner/trunk/wp-content/themes/outletcorner/vendor/roots/sage-lib

2018-03-13T20:55:09+00:00 CRITICAL Uncaught Symfony\Component\Debug\Exception\FatalThrowableError: Parse error: syntax error, unexpected 'global' (T_GLOBAL) in /var/www/html/outletcorner/trunk/wp-content/uploads/cache/5fc58dcdb66272ec7464f6dfe6007d442d3bcafd.php:219
Stack trace:
#0 /var/www/html/outletcorner/trunk/wp-content/themes/outletcorner/vendor/illuminate/view/Engines/CompilerEngine.php(59): Illuminate\View\Engines\PhpEngine->evaluatePath('/var/www/html/o...', Array)
#1 /var/www/html/outletcorner/trunk/wp-content/themes/outletcorner/vendor/illuminate/view/View.php(137): Illuminate\View\Engines\CompilerEngine->get('/var/www/html/o...', Array)
#2 /var/www/html/outletcorner/trunk/wp-content/themes/outletcorner/vendor/illuminate/view/View.php(120): Illuminate\View\View->getContents()
#3 /var/www/html/outletcorner/trunk/wp-content/themes/outletcorner/vendor/illuminate/view/View.php(85): Illuminate\View\View->renderContents()
#4 /var/www/html/outletcorner/trunk/wp-content/themes/outletcorner/vendor/roots/sage-lib/Template/Blade.php(58): Illum

2018-03-13T20:55:12+00:00 CRITICAL Uncaught Symfony\Component\Debug\Exception\FatalThrowableError: Parse error: syntax error, unexpected 'global' (T_GLOBAL) in /var/www/html/outletcorner/trunk/wp-content/uploads/cache/5fc58dcdb66272ec7464f6dfe6007d442d3bcafd.php:219
Stack trace:
#0 /var/www/html/outletcorner/trunk/wp-content/themes/outletcorner/vendor/illuminate/view/Engines/CompilerEngine.php(59): Illuminate\View\Engines\PhpEngine->evaluatePath('/var/www/html/o...', Array)
#1 /var/www/html/outletcorner/trunk/wp-content/themes/outletcorner/vendor/illuminate/view/View.php(137): Illuminate\View\Engines\CompilerEngine->get('/var/www/html/o...', Array)
#2 /var/www/html/outletcorner/trunk/wp-content/themes/outletcorner/vendor/illuminate/view/View.php(120): Illuminate\View\View->getContents()
#3 /var/www/html/outletcorner/trunk/wp-content/themes/outletcorner/vendor/illuminate/view/View.php(85): Illuminate\View\View->renderContents()
#4 /var/www/html/outletcorner/trunk/wp-content/themes/outletcorner/vendor/roots/sage-lib/Template/Blade.php(58): Illum

2018-03-13T20:55:37+00:00 CRITICAL Uncaught Symfony\Component\Debug\Exception\FatalThrowableError: Parse error: syntax error, unexpected 'global' (T_GLOBAL) in /var/www/html/outletcorner/trunk/wp-content/uploads/cache/5fc58dcdb66272ec7464f6dfe6007d442d3bcafd.php:219
Stack trace:
#0 /var/www/html/outletcorner/trunk/wp-content/themes/outletcorner/vendor/illuminate/view/Engines/CompilerEngine.php(59): Illuminate\View\Engines\PhpEngine->evaluatePath('/var/www/html/o...', Array)
#1 /var/www/html/outletcorner/trunk/wp-content/themes/outletcorner/vendor/illuminate/view/View.php(137): Illuminate\View\Engines\CompilerEngine->get('/var/www/html/o...', Array)
#2 /var/www/html/outletcorner/trunk/wp-content/themes/outletcorner/vendor/illuminate/view/View.php(120): Illuminate\View\View->getContents()
#3 /var/www/html/outletcorner/trunk/wp-content/themes/outletcorner/vendor/illuminate/view/View.php(85): Illuminate\View\View->renderContents()
#4 /var/www/html/outletcorner/trunk/wp-content/themes/outletcorner/vendor/roots/sage-lib/Template/Blade.php(58): Illum

2018-03-13T20:56:26+00:00 CRITICAL Uncaught Symfony\Component\Debug\Exception\FatalThrowableError: Parse error: syntax error, unexpected 'global' (T_GLOBAL) in /var/www/html/outletcorner/trunk/wp-content/uploads/cache/5fc58dcdb66272ec7464f6dfe6007d442d3bcafd.php:219
Stack trace:
#0 /var/www/html/outletcorner/trunk/wp-content/themes/outletcorner/vendor/illuminate/view/Engines/CompilerEngine.php(59): Illuminate\View\Engines\PhpEngine->evaluatePath('/var/www/html/o...', Array)
#1 /var/www/html/outletcorner/trunk/wp-content/themes/outletcorner/vendor/illuminate/view/View.php(137): Illuminate\View\Engines\CompilerEngine->get('/var/www/html/o...', Array)
#2 /var/www/html/outletcorner/trunk/wp-content/themes/outletcorner/vendor/illuminate/view/View.php(120): Illuminate\View\View->getContents()
#3 /var/www/html/outletcorner/trunk/wp-content/themes/outletcorner/vendor/illuminate/view/View.php(85): Illuminate\View\View->renderContents()
#4 /var/www/html/outletcorner/trunk/wp-content/themes/outletcorner/vendor/roots/sage-lib/Template/Blade.php(58): Illum

2018-03-13T20:57:19+00:00 CRITICAL Uncaught Symfony\Component\Debug\Exception\FatalThrowableError: Parse error: syntax error, unexpected ';', expecting ',' or ')' in /var/www/html/outletcorner/trunk/wp-content/uploads/cache/5fc58dcdb66272ec7464f6dfe6007d442d3bcafd.php:217
Stack trace:
#0 /var/www/html/outletcorner/trunk/wp-content/themes/outletcorner/vendor/illuminate/view/Engines/CompilerEngine.php(59): Illuminate\View\Engines\PhpEngine->evaluatePath('/var/www/html/o...', Array)
#1 /var/www/html/outletcorner/trunk/wp-content/themes/outletcorner/vendor/illuminate/view/View.php(137): Illuminate\View\Engines\CompilerEngine->get('/var/www/html/o...', Array)
#2 /var/www/html/outletcorner/trunk/wp-content/themes/outletcorner/vendor/illuminate/view/View.php(120): Illuminate\View\View->getContents()
#3 /var/www/html/outletcorner/trunk/wp-content/themes/outletcorner/vendor/illuminate/view/View.php(85): Illuminate\View\View->renderContents()
#4 /var/www/html/outletcorner/trunk/wp-content/themes/outletcorner/vendor/roots/sage-lib/Template/Blade.php(58):

2018-03-13T20:57:21+00:00 CRITICAL Uncaught Symfony\Component\Debug\Exception\FatalThrowableError: Parse error: syntax error, unexpected ';', expecting ',' or ')' in /var/www/html/outletcorner/trunk/wp-content/uploads/cache/5fc58dcdb66272ec7464f6dfe6007d442d3bcafd.php:217
Stack trace:
#0 /var/www/html/outletcorner/trunk/wp-content/themes/outletcorner/vendor/illuminate/view/Engines/CompilerEngine.php(59): Illuminate\View\Engines\PhpEngine->evaluatePath('/var/www/html/o...', Array)
#1 /var/www/html/outletcorner/trunk/wp-content/themes/outletcorner/vendor/illuminate/view/View.php(137): Illuminate\View\Engines\CompilerEngine->get('/var/www/html/o...', Array)
#2 /var/www/html/outletcorner/trunk/wp-content/themes/outletcorner/vendor/illuminate/view/View.php(120): Illuminate\View\View->getContents()
#3 /var/www/html/outletcorner/trunk/wp-content/themes/outletcorner/vendor/illuminate/view/View.php(85): Illuminate\View\View->renderContents()
#4 /var/www/html/outletcorner/trunk/wp-content/themes/outletcorner/vendor/roots/sage-lib/Template/Blade.php(58):

2018-03-13T20:59:27+00:00 CRITICAL Uncaught Symfony\Component\Debug\Exception\FatalThrowableError: Parse error: syntax error, unexpected 'global' (T_GLOBAL) in /var/www/html/outletcorner/trunk/wp-content/uploads/cache/5fc58dcdb66272ec7464f6dfe6007d442d3bcafd.php:219
Stack trace:
#0 /var/www/html/outletcorner/trunk/wp-content/themes/outletcorner/vendor/illuminate/view/Engines/CompilerEngine.php(59): Illuminate\View\Engines\PhpEngine->evaluatePath('/var/www/html/o...', Array)
#1 /var/www/html/outletcorner/trunk/wp-content/themes/outletcorner/vendor/illuminate/view/View.php(137): Illuminate\View\Engines\CompilerEngine->get('/var/www/html/o...', Array)
#2 /var/www/html/outletcorner/trunk/wp-content/themes/outletcorner/vendor/illuminate/view/View.php(120): Illuminate\View\View->getContents()
#3 /var/www/html/outletcorner/trunk/wp-content/themes/outletcorner/vendor/illuminate/view/View.php(85): Illuminate\View\View->renderContents()
#4 /var/www/html/outletcorner/trunk/wp-content/themes/outletcorner/vendor/roots/sage-lib/Template/Blade.php(58): Illum

2018-03-13T20:59:31+00:00 CRITICAL Uncaught Symfony\Component\Debug\Exception\FatalThrowableError: Parse error: syntax error, unexpected 'global' (T_GLOBAL) in /var/www/html/outletcorner/trunk/wp-content/uploads/cache/5fc58dcdb66272ec7464f6dfe6007d442d3bcafd.php:219
Stack trace:
#0 /var/www/html/outletcorner/trunk/wp-content/themes/outletcorner/vendor/illuminate/view/Engines/CompilerEngine.php(59): Illuminate\View\Engines\PhpEngine->evaluatePath('/var/www/html/o...', Array)
#1 /var/www/html/outletcorner/trunk/wp-content/themes/outletcorner/vendor/illuminate/view/View.php(137): Illuminate\View\Engines\CompilerEngine->get('/var/www/html/o...', Array)
#2 /var/www/html/outletcorner/trunk/wp-content/themes/outletcorner/vendor/illuminate/view/View.php(120): Illuminate\View\View->getContents()
#3 /var/www/html/outletcorner/trunk/wp-content/themes/outletcorner/vendor/illuminate/view/View.php(85): Illuminate\View\View->renderContents()
#4 /var/www/html/outletcorner/trunk/wp-content/themes/outletcorner/vendor/roots/sage-lib/Template/Blade.php(58): Illum

2018-03-13T21:00:29+00:00 CRITICAL Uncaught Symfony\Component\Debug\Exception\FatalThrowableError: Parse error: syntax error, unexpected 'global' (T_GLOBAL) in /var/www/html/outletcorner/trunk/wp-content/uploads/cache/5fc58dcdb66272ec7464f6dfe6007d442d3bcafd.php:219
Stack trace:
#0 /var/www/html/outletcorner/trunk/wp-content/themes/outletcorner/vendor/illuminate/view/Engines/CompilerEngine.php(59): Illuminate\View\Engines\PhpEngine->evaluatePath('/var/www/html/o...', Array)
#1 /var/www/html/outletcorner/trunk/wp-content/themes/outletcorner/vendor/illuminate/view/View.php(137): Illuminate\View\Engines\CompilerEngine->get('/var/www/html/o...', Array)
#2 /var/www/html/outletcorner/trunk/wp-content/themes/outletcorner/vendor/illuminate/view/View.php(120): Illuminate\View\View->getContents()
#3 /var/www/html/outletcorner/trunk/wp-content/themes/outletcorner/vendor/illuminate/view/View.php(85): Illuminate\View\View->renderContents()
#4 /var/www/html/outletcorner/trunk/wp-content/themes/outletcorner/vendor/roots/sage-lib/Template/Blade.php(58): Illum

2018-03-13T21:00:31+00:00 CRITICAL Uncaught Symfony\Component\Debug\Exception\FatalThrowableError: Parse error: syntax error, unexpected 'global' (T_GLOBAL) in /var/www/html/outletcorner/trunk/wp-content/uploads/cache/5fc58dcdb66272ec7464f6dfe6007d442d3bcafd.php:219
Stack trace:
#0 /var/www/html/outletcorner/trunk/wp-content/themes/outletcorner/vendor/illuminate/view/Engines/CompilerEngine.php(59): Illuminate\View\Engines\PhpEngine->evaluatePath('/var/www/html/o...', Array)
#1 /var/www/html/outletcorner/trunk/wp-content/themes/outletcorner/vendor/illuminate/view/View.php(137): Illuminate\View\Engines\CompilerEngine->get('/var/www/html/o...', Array)
#2 /var/www/html/outletcorner/trunk/wp-content/themes/outletcorner/vendor/illuminate/view/View.php(120): Illuminate\View\View->getContents()
#3 /var/www/html/outletcorner/trunk/wp-content/themes/outletcorner/vendor/illuminate/view/View.php(85): Illuminate\View\View->renderContents()
#4 /var/www/html/outletcorner/trunk/wp-content/themes/outletcorner/vendor/roots/sage-lib/Template/Blade.php(58): Illum

2018-03-13T21:01:02+00:00 CRITICAL Uncaught Symfony\Component\Debug\Exception\FatalThrowableError: Parse error: syntax error, unexpected '<', expecting ',' or ';' in /var/www/html/outletcorner/trunk/wp-content/uploads/cache/5fc58dcdb66272ec7464f6dfe6007d442d3bcafd.php:220
Stack trace:
#0 /var/www/html/outletcorner/trunk/wp-content/themes/outletcorner/vendor/illuminate/view/Engines/CompilerEngine.php(59): Illuminate\View\Engines\PhpEngine->evaluatePath('/var/www/html/o...', Array)
#1 /var/www/html/outletcorner/trunk/wp-content/themes/outletcorner/vendor/illuminate/view/View.php(137): Illuminate\View\Engines\CompilerEngine->get('/var/www/html/o...', Array)
#2 /var/www/html/outletcorner/trunk/wp-content/themes/outletcorner/vendor/illuminate/view/View.php(120): Illuminate\View\View->getContents()
#3 /var/www/html/outletcorner/trunk/wp-content/themes/outletcorner/vendor/illuminate/view/View.php(85): Illuminate\View\View->renderContents()
#4 /var/www/html/outletcorner/trunk/wp-content/themes/outletcorner/vendor/roots/sage-lib/Template/Blade.php(58):

2018-03-13T21:01:04+00:00 CRITICAL Uncaught Symfony\Component\Debug\Exception\FatalThrowableError: Parse error: syntax error, unexpected '<', expecting ',' or ';' in /var/www/html/outletcorner/trunk/wp-content/uploads/cache/5fc58dcdb66272ec7464f6dfe6007d442d3bcafd.php:220
Stack trace:
#0 /var/www/html/outletcorner/trunk/wp-content/themes/outletcorner/vendor/illuminate/view/Engines/CompilerEngine.php(59): Illuminate\View\Engines\PhpEngine->evaluatePath('/var/www/html/o...', Array)
#1 /var/www/html/outletcorner/trunk/wp-content/themes/outletcorner/vendor/illuminate/view/View.php(137): Illuminate\View\Engines\CompilerEngine->get('/var/www/html/o...', Array)
#2 /var/www/html/outletcorner/trunk/wp-content/themes/outletcorner/vendor/illuminate/view/View.php(120): Illuminate\View\View->getContents()
#3 /var/www/html/outletcorner/trunk/wp-content/themes/outletcorner/vendor/illuminate/view/View.php(85): Illuminate\View\View->renderContents()
#4 /var/www/html/outletcorner/trunk/wp-content/themes/outletcorner/vendor/roots/sage-lib/Template/Blade.php(58):

2018-03-13T21:01:34+00:00 CRITICAL Uncaught Symfony\Component\Debug\Exception\FatalThrowableError: Parse error: syntax error, unexpected 'global' (T_GLOBAL) in /var/www/html/outletcorner/trunk/wp-content/uploads/cache/5fc58dcdb66272ec7464f6dfe6007d442d3bcafd.php:219
Stack trace:
#0 /var/www/html/outletcorner/trunk/wp-content/themes/outletcorner/vendor/illuminate/view/Engines/CompilerEngine.php(59): Illuminate\View\Engines\PhpEngine->evaluatePath('/var/www/html/o...', Array)
#1 /var/www/html/outletcorner/trunk/wp-content/themes/outletcorner/vendor/illuminate/view/View.php(137): Illuminate\View\Engines\CompilerEngine->get('/var/www/html/o...', Array)
#2 /var/www/html/outletcorner/trunk/wp-content/themes/outletcorner/vendor/illuminate/view/View.php(120): Illuminate\View\View->getContents()
#3 /var/www/html/outletcorner/trunk/wp-content/themes/outletcorner/vendor/illuminate/view/View.php(85): Illuminate\View\View->renderContents()
#4 /var/www/html/outletcorner/trunk/wp-content/themes/outletcorner/vendor/roots/sage-lib/Template/Blade.php(58): Illum

2018-03-13T21:01:37+00:00 CRITICAL Uncaught Symfony\Component\Debug\Exception\FatalThrowableError: Parse error: syntax error, unexpected 'global' (T_GLOBAL) in /var/www/html/outletcorner/trunk/wp-content/uploads/cache/5fc58dcdb66272ec7464f6dfe6007d442d3bcafd.php:219
Stack trace:
#0 /var/www/html/outletcorner/trunk/wp-content/themes/outletcorner/vendor/illuminate/view/Engines/CompilerEngine.php(59): Illuminate\View\Engines\PhpEngine->evaluatePath('/var/www/html/o...', Array)
#1 /var/www/html/outletcorner/trunk/wp-content/themes/outletcorner/vendor/illuminate/view/View.php(137): Illuminate\View\Engines\CompilerEngine->get('/var/www/html/o...', Array)
#2 /var/www/html/outletcorner/trunk/wp-content/themes/outletcorner/vendor/illuminate/view/View.php(120): Illuminate\View\View->getContents()
#3 /var/www/html/outletcorner/trunk/wp-content/themes/outletcorner/vendor/illuminate/view/View.php(85): Illuminate\View\View->renderContents()
#4 /var/www/html/outletcorner/trunk/wp-content/themes/outletcorner/vendor/roots/sage-lib/Template/Blade.php(58): Illum

2018-03-13T21:02:18+00:00 CRITICAL Uncaught Symfony\Component\Debug\Exception\FatalThrowableError: Parse error: syntax error, unexpected 'global' (T_GLOBAL) in /var/www/html/outletcorner/trunk/wp-content/uploads/cache/5fc58dcdb66272ec7464f6dfe6007d442d3bcafd.php:219
Stack trace:
#0 /var/www/html/outletcorner/trunk/wp-content/themes/outletcorner/vendor/illuminate/view/Engines/CompilerEngine.php(59): Illuminate\View\Engines\PhpEngine->evaluatePath('/var/www/html/o...', Array)
#1 /var/www/html/outletcorner/trunk/wp-content/themes/outletcorner/vendor/illuminate/view/View.php(137): Illuminate\View\Engines\CompilerEngine->get('/var/www/html/o...', Array)
#2 /var/www/html/outletcorner/trunk/wp-content/themes/outletcorner/vendor/illuminate/view/View.php(120): Illuminate\View\View->getContents()
#3 /var/www/html/outletcorner/trunk/wp-content/themes/outletcorner/vendor/illuminate/view/View.php(85): Illuminate\View\View->renderContents()
#4 /var/www/html/outletcorner/trunk/wp-content/themes/outletcorner/vendor/roots/sage-lib/Template/Blade.php(58): Illum

2018-03-13T21:02:20+00:00 CRITICAL Uncaught Symfony\Component\Debug\Exception\FatalThrowableError: Parse error: syntax error, unexpected 'global' (T_GLOBAL) in /var/www/html/outletcorner/trunk/wp-content/uploads/cache/5fc58dcdb66272ec7464f6dfe6007d442d3bcafd.php:219
Stack trace:
#0 /var/www/html/outletcorner/trunk/wp-content/themes/outletcorner/vendor/illuminate/view/Engines/CompilerEngine.php(59): Illuminate\View\Engines\PhpEngine->evaluatePath('/var/www/html/o...', Array)
#1 /var/www/html/outletcorner/trunk/wp-content/themes/outletcorner/vendor/illuminate/view/View.php(137): Illuminate\View\Engines\CompilerEngine->get('/var/www/html/o...', Array)
#2 /var/www/html/outletcorner/trunk/wp-content/themes/outletcorner/vendor/illuminate/view/View.php(120): Illuminate\View\View->getContents()
#3 /var/www/html/outletcorner/trunk/wp-content/themes/outletcorner/vendor/illuminate/view/View.php(85): Illuminate\View\View->renderContents()
#4 /var/www/html/outletcorner/trunk/wp-content/themes/outletcorner/vendor/roots/sage-lib/Template/Blade.php(58): Illum

2018-03-13T21:03:28+00:00 CRITICAL Uncaught Symfony\Component\Debug\Exception\FatalThrowableError: Parse error: syntax error, unexpected '<' in /var/www/html/outletcorner/trunk/wp-content/uploads/cache/5fc58dcdb66272ec7464f6dfe6007d442d3bcafd.php:221
Stack trace:
#0 /var/www/html/outletcorner/trunk/wp-content/themes/outletcorner/vendor/illuminate/view/Engines/CompilerEngine.php(59): Illuminate\View\Engines\PhpEngine->evaluatePath('/var/www/html/o...', Array)
#1 /var/www/html/outletcorner/trunk/wp-content/themes/outletcorner/vendor/illuminate/view/View.php(137): Illuminate\View\Engines\CompilerEngine->get('/var/www/html/o...', Array)
#2 /var/www/html/outletcorner/trunk/wp-content/themes/outletcorner/vendor/illuminate/view/View.php(120): Illuminate\View\View->getContents()
#3 /var/www/html/outletcorner/trunk/wp-content/themes/outletcorner/vendor/illuminate/view/View.php(85): Illuminate\View\View->renderContents()
#4 /var/www/html/outletcorner/trunk/wp-content/themes/outletcorner/vendor/roots/sage-lib/Template/Blade.php(58): Illuminate\View\View-

2018-03-13T21:03:30+00:00 CRITICAL Uncaught Symfony\Component\Debug\Exception\FatalThrowableError: Parse error: syntax error, unexpected '<' in /var/www/html/outletcorner/trunk/wp-content/uploads/cache/5fc58dcdb66272ec7464f6dfe6007d442d3bcafd.php:221
Stack trace:
#0 /var/www/html/outletcorner/trunk/wp-content/themes/outletcorner/vendor/illuminate/view/Engines/CompilerEngine.php(59): Illuminate\View\Engines\PhpEngine->evaluatePath('/var/www/html/o...', Array)
#1 /var/www/html/outletcorner/trunk/wp-content/themes/outletcorner/vendor/illuminate/view/View.php(137): Illuminate\View\Engines\CompilerEngine->get('/var/www/html/o...', Array)
#2 /var/www/html/outletcorner/trunk/wp-content/themes/outletcorner/vendor/illuminate/view/View.php(120): Illuminate\View\View->getContents()
#3 /var/www/html/outletcorner/trunk/wp-content/themes/outletcorner/vendor/illuminate/view/View.php(85): Illuminate\View\View->renderContents()
#4 /var/www/html/outletcorner/trunk/wp-content/themes/outletcorner/vendor/roots/sage-lib/Template/Blade.php(58): Illuminate\View\View-

2018-03-13T21:03:31+00:00 CRITICAL Uncaught Symfony\Component\Debug\Exception\FatalThrowableError: Parse error: syntax error, unexpected '<' in /var/www/html/outletcorner/trunk/wp-content/uploads/cache/5fc58dcdb66272ec7464f6dfe6007d442d3bcafd.php:221
Stack trace:
#0 /var/www/html/outletcorner/trunk/wp-content/themes/outletcorner/vendor/illuminate/view/Engines/CompilerEngine.php(59): Illuminate\View\Engines\PhpEngine->evaluatePath('/var/www/html/o...', Array)
#1 /var/www/html/outletcorner/trunk/wp-content/themes/outletcorner/vendor/illuminate/view/View.php(137): Illuminate\View\Engines\CompilerEngine->get('/var/www/html/o...', Array)
#2 /var/www/html/outletcorner/trunk/wp-content/themes/outletcorner/vendor/illuminate/view/View.php(120): Illuminate\View\View->getContents()
#3 /var/www/html/outletcorner/trunk/wp-content/themes/outletcorner/vendor/illuminate/view/View.php(85): Illuminate\View\View->renderContents()
#4 /var/www/html/outletcorner/trunk/wp-content/themes/outletcorner/vendor/roots/sage-lib/Template/Blade.php(58): Illuminate\View\View-

2018-03-13T21:04:18+00:00 CRITICAL Uncaught Symfony\Component\Debug\Exception\FatalThrowableError: Parse error: syntax error, unexpected 'global' (T_GLOBAL) in /var/www/html/outletcorner/trunk/wp-content/uploads/cache/5fc58dcdb66272ec7464f6dfe6007d442d3bcafd.php:219
Stack trace:
#0 /var/www/html/outletcorner/trunk/wp-content/themes/outletcorner/vendor/illuminate/view/Engines/CompilerEngine.php(59): Illuminate\View\Engines\PhpEngine->evaluatePath('/var/www/html/o...', Array)
#1 /var/www/html/outletcorner/trunk/wp-content/themes/outletcorner/vendor/illuminate/view/View.php(137): Illuminate\View\Engines\CompilerEngine->get('/var/www/html/o...', Array)
#2 /var/www/html/outletcorner/trunk/wp-content/themes/outletcorner/vendor/illuminate/view/View.php(120): Illuminate\View\View->getContents()
#3 /var/www/html/outletcorner/trunk/wp-content/themes/outletcorner/vendor/illuminate/view/View.php(85): Illuminate\View\View->renderContents()
#4 /var/www/html/outletcorner/trunk/wp-content/themes/outletcorner/vendor/roots/sage-lib/Template/Blade.php(58): Illum

2018-03-13T21:04:19+00:00 CRITICAL Uncaught Symfony\Component\Debug\Exception\FatalThrowableError: Parse error: syntax error, unexpected 'global' (T_GLOBAL) in /var/www/html/outletcorner/trunk/wp-content/uploads/cache/5fc58dcdb66272ec7464f6dfe6007d442d3bcafd.php:219
Stack trace:
#0 /var/www/html/outletcorner/trunk/wp-content/themes/outletcorner/vendor/illuminate/view/Engines/CompilerEngine.php(59): Illuminate\View\Engines\PhpEngine->evaluatePath('/var/www/html/o...', Array)
#1 /var/www/html/outletcorner/trunk/wp-content/themes/outletcorner/vendor/illuminate/view/View.php(137): Illuminate\View\Engines\CompilerEngine->get('/var/www/html/o...', Array)
#2 /var/www/html/outletcorner/trunk/wp-content/themes/outletcorner/vendor/illuminate/view/View.php(120): Illuminate\View\View->getContents()
#3 /var/www/html/outletcorner/trunk/wp-content/themes/outletcorner/vendor/illuminate/view/View.php(85): Illuminate\View\View->renderContents()
#4 /var/www/html/outletcorner/trunk/wp-content/themes/outletcorner/vendor/roots/sage-lib/Template/Blade.php(58): Illum

2018-03-13T21:04:20+00:00 CRITICAL Uncaught Symfony\Component\Debug\Exception\FatalThrowableError: Parse error: syntax error, unexpected 'global' (T_GLOBAL) in /var/www/html/outletcorner/trunk/wp-content/uploads/cache/5fc58dcdb66272ec7464f6dfe6007d442d3bcafd.php:219
Stack trace:
#0 /var/www/html/outletcorner/trunk/wp-content/themes/outletcorner/vendor/illuminate/view/Engines/CompilerEngine.php(59): Illuminate\View\Engines\PhpEngine->evaluatePath('/var/www/html/o...', Array)
#1 /var/www/html/outletcorner/trunk/wp-content/themes/outletcorner/vendor/illuminate/view/View.php(137): Illuminate\View\Engines\CompilerEngine->get('/var/www/html/o...', Array)
#2 /var/www/html/outletcorner/trunk/wp-content/themes/outletcorner/vendor/illuminate/view/View.php(120): Illuminate\View\View->getContents()
#3 /var/www/html/outletcorner/trunk/wp-content/themes/outletcorner/vendor/illuminate/view/View.php(85): Illuminate\View\View->renderContents()
#4 /var/www/html/outletcorner/trunk/wp-content/themes/outletcorner/vendor/roots/sage-lib/Template/Blade.php(58): Illum

2018-03-13T21:04:20+00:00 CRITICAL Uncaught Symfony\Component\Debug\Exception\FatalThrowableError: Parse error: syntax error, unexpected 'global' (T_GLOBAL) in /var/www/html/outletcorner/trunk/wp-content/uploads/cache/5fc58dcdb66272ec7464f6dfe6007d442d3bcafd.php:219
Stack trace:
#0 /var/www/html/outletcorner/trunk/wp-content/themes/outletcorner/vendor/illuminate/view/Engines/CompilerEngine.php(59): Illuminate\View\Engines\PhpEngine->evaluatePath('/var/www/html/o...', Array)
#1 /var/www/html/outletcorner/trunk/wp-content/themes/outletcorner/vendor/illuminate/view/View.php(137): Illuminate\View\Engines\CompilerEngine->get('/var/www/html/o...', Array)
#2 /var/www/html/outletcorner/trunk/wp-content/themes/outletcorner/vendor/illuminate/view/View.php(120): Illuminate\View\View->getContents()
#3 /var/www/html/outletcorner/trunk/wp-content/themes/outletcorner/vendor/illuminate/view/View.php(85): Illuminate\View\View->renderContents()
#4 /var/www/html/outletcorner/trunk/wp-content/themes/outletcorner/vendor/roots/sage-lib/Template/Blade.php(58): Illum

2018-03-13T21:04:20+00:00 CRITICAL Uncaught Symfony\Component\Debug\Exception\FatalThrowableError: Parse error: syntax error, unexpected 'global' (T_GLOBAL) in /var/www/html/outletcorner/trunk/wp-content/uploads/cache/5fc58dcdb66272ec7464f6dfe6007d442d3bcafd.php:219
Stack trace:
#0 /var/www/html/outletcorner/trunk/wp-content/themes/outletcorner/vendor/illuminate/view/Engines/CompilerEngine.php(59): Illuminate\View\Engines\PhpEngine->evaluatePath('/var/www/html/o...', Array)
#1 /var/www/html/outletcorner/trunk/wp-content/themes/outletcorner/vendor/illuminate/view/View.php(137): Illuminate\View\Engines\CompilerEngine->get('/var/www/html/o...', Array)
#2 /var/www/html/outletcorner/trunk/wp-content/themes/outletcorner/vendor/illuminate/view/View.php(120): Illuminate\View\View->getContents()
#3 /var/www/html/outletcorner/trunk/wp-content/themes/outletcorner/vendor/illuminate/view/View.php(85): Illuminate\View\View->renderContents()
#4 /var/www/html/outletcorner/trunk/wp-content/themes/outletcorner/vendor/roots/sage-lib/Template/Blade.php(58): Illum

2018-03-13T21:04:20+00:00 CRITICAL Uncaught Symfony\Component\Debug\Exception\FatalThrowableError: Parse error: syntax error, unexpected 'global' (T_GLOBAL) in /var/www/html/outletcorner/trunk/wp-content/uploads/cache/5fc58dcdb66272ec7464f6dfe6007d442d3bcafd.php:219
Stack trace:
#0 /var/www/html/outletcorner/trunk/wp-content/themes/outletcorner/vendor/illuminate/view/Engines/CompilerEngine.php(59): Illuminate\View\Engines\PhpEngine->evaluatePath('/var/www/html/o...', Array)
#1 /var/www/html/outletcorner/trunk/wp-content/themes/outletcorner/vendor/illuminate/view/View.php(137): Illuminate\View\Engines\CompilerEngine->get('/var/www/html/o...', Array)
#2 /var/www/html/outletcorner/trunk/wp-content/themes/outletcorner/vendor/illuminate/view/View.php(120): Illuminate\View\View->getContents()
#3 /var/www/html/outletcorner/trunk/wp-content/themes/outletcorner/vendor/illuminate/view/View.php(85): Illuminate\View\View->renderContents()
#4 /var/www/html/outletcorner/trunk/wp-content/themes/outletcorner/vendor/roots/sage-lib/Template/Blade.php(58): Illum

2018-03-13T21:04:20+00:00 CRITICAL Uncaught Symfony\Component\Debug\Exception\FatalThrowableError: Parse error: syntax error, unexpected 'global' (T_GLOBAL) in /var/www/html/outletcorner/trunk/wp-content/uploads/cache/5fc58dcdb66272ec7464f6dfe6007d442d3bcafd.php:219
Stack trace:
#0 /var/www/html/outletcorner/trunk/wp-content/themes/outletcorner/vendor/illuminate/view/Engines/CompilerEngine.php(59): Illuminate\View\Engines\PhpEngine->evaluatePath('/var/www/html/o...', Array)
#1 /var/www/html/outletcorner/trunk/wp-content/themes/outletcorner/vendor/illuminate/view/View.php(137): Illuminate\View\Engines\CompilerEngine->get('/var/www/html/o...', Array)
#2 /var/www/html/outletcorner/trunk/wp-content/themes/outletcorner/vendor/illuminate/view/View.php(120): Illuminate\View\View->getContents()
#3 /var/www/html/outletcorner/trunk/wp-content/themes/outletcorner/vendor/illuminate/view/View.php(85): Illuminate\View\View->renderContents()
#4 /var/www/html/outletcorner/trunk/wp-content/themes/outletcorner/vendor/roots/sage-lib/Template/Blade.php(58): Illum

2018-03-13T21:04:21+00:00 CRITICAL Uncaught Symfony\Component\Debug\Exception\FatalThrowableError: Parse error: syntax error, unexpected 'global' (T_GLOBAL) in /var/www/html/outletcorner/trunk/wp-content/uploads/cache/5fc58dcdb66272ec7464f6dfe6007d442d3bcafd.php:219
Stack trace:
#0 /var/www/html/outletcorner/trunk/wp-content/themes/outletcorner/vendor/illuminate/view/Engines/CompilerEngine.php(59): Illuminate\View\Engines\PhpEngine->evaluatePath('/var/www/html/o...', Array)
#1 /var/www/html/outletcorner/trunk/wp-content/themes/outletcorner/vendor/illuminate/view/View.php(137): Illuminate\View\Engines\CompilerEngine->get('/var/www/html/o...', Array)
#2 /var/www/html/outletcorner/trunk/wp-content/themes/outletcorner/vendor/illuminate/view/View.php(120): Illuminate\View\View->getContents()
#3 /var/www/html/outletcorner/trunk/wp-content/themes/outletcorner/vendor/illuminate/view/View.php(85): Illuminate\View\View->renderContents()
#4 /var/www/html/outletcorner/trunk/wp-content/themes/outletcorner/vendor/roots/sage-lib/Template/Blade.php(58): Illum

2018-03-13T21:04:21+00:00 CRITICAL Uncaught Symfony\Component\Debug\Exception\FatalThrowableError: Parse error: syntax error, unexpected 'global' (T_GLOBAL) in /var/www/html/outletcorner/trunk/wp-content/uploads/cache/5fc58dcdb66272ec7464f6dfe6007d442d3bcafd.php:219
Stack trace:
#0 /var/www/html/outletcorner/trunk/wp-content/themes/outletcorner/vendor/illuminate/view/Engines/CompilerEngine.php(59): Illuminate\View\Engines\PhpEngine->evaluatePath('/var/www/html/o...', Array)
#1 /var/www/html/outletcorner/trunk/wp-content/themes/outletcorner/vendor/illuminate/view/View.php(137): Illuminate\View\Engines\CompilerEngine->get('/var/www/html/o...', Array)
#2 /var/www/html/outletcorner/trunk/wp-content/themes/outletcorner/vendor/illuminate/view/View.php(120): Illuminate\View\View->getContents()
#3 /var/www/html/outletcorner/trunk/wp-content/themes/outletcorner/vendor/illuminate/view/View.php(85): Illuminate\View\View->renderContents()
#4 /var/www/html/outletcorner/trunk/wp-content/themes/outletcorner/vendor/roots/sage-lib/Template/Blade.php(58): Illum

2018-03-13T21:04:21+00:00 CRITICAL Uncaught Symfony\Component\Debug\Exception\FatalThrowableError: Parse error: syntax error, unexpected 'global' (T_GLOBAL) in /var/www/html/outletcorner/trunk/wp-content/uploads/cache/5fc58dcdb66272ec7464f6dfe6007d442d3bcafd.php:219
Stack trace:
#0 /var/www/html/outletcorner/trunk/wp-content/themes/outletcorner/vendor/illuminate/view/Engines/CompilerEngine.php(59): Illuminate\View\Engines\PhpEngine->evaluatePath('/var/www/html/o...', Array)
#1 /var/www/html/outletcorner/trunk/wp-content/themes/outletcorner/vendor/illuminate/view/View.php(137): Illuminate\View\Engines\CompilerEngine->get('/var/www/html/o...', Array)
#2 /var/www/html/outletcorner/trunk/wp-content/themes/outletcorner/vendor/illuminate/view/View.php(120): Illuminate\View\View->getContents()
#3 /var/www/html/outletcorner/trunk/wp-content/themes/outletcorner/vendor/illuminate/view/View.php(85): Illuminate\View\View->renderContents()
#4 /var/www/html/outletcorner/trunk/wp-content/themes/outletcorner/vendor/roots/sage-lib/Template/Blade.php(58): Illum

2018-03-13T21:04:26+00:00 CRITICAL Uncaught Symfony\Component\Debug\Exception\FatalThrowableError: Parse error: syntax error, unexpected 'global' (T_GLOBAL) in /var/www/html/outletcorner/trunk/wp-content/uploads/cache/5fc58dcdb66272ec7464f6dfe6007d442d3bcafd.php:219
Stack trace:
#0 /var/www/html/outletcorner/trunk/wp-content/themes/outletcorner/vendor/illuminate/view/Engines/CompilerEngine.php(59): Illuminate\View\Engines\PhpEngine->evaluatePath('/var/www/html/o...', Array)
#1 /var/www/html/outletcorner/trunk/wp-content/themes/outletcorner/vendor/illuminate/view/View.php(137): Illuminate\View\Engines\CompilerEngine->get('/var/www/html/o...', Array)
#2 /var/www/html/outletcorner/trunk/wp-content/themes/outletcorner/vendor/illuminate/view/View.php(120): Illuminate\View\View->getContents()
#3 /var/www/html/outletcorner/trunk/wp-content/themes/outletcorner/vendor/illuminate/view/View.php(85): Illuminate\View\View->renderContents()
#4 /var/www/html/outletcorner/trunk/wp-content/themes/outletcorner/vendor/roots/sage-lib/Template/Blade.php(58): Illum

2018-03-13T21:13:05+00:00 CRITICAL Uncaught Symfony\Component\Debug\Exception\FatalThrowableError: Parse error: syntax error, unexpected 'echo' (T_ECHO) in /var/www/html/outletcorner/trunk/wp-content/uploads/cache/5fc58dcdb66272ec7464f6dfe6007d442d3bcafd.php:231
Stack trace:
#0 /var/www/html/outletcorner/trunk/wp-content/themes/outletcorner/vendor/illuminate/view/Engines/CompilerEngine.php(59): Illuminate\View\Engines\PhpEngine->evaluatePath('/var/www/html/o...', Array)
#1 /var/www/html/outletcorner/trunk/wp-content/themes/outletcorner/vendor/illuminate/view/View.php(137): Illuminate\View\Engines\CompilerEngine->get('/var/www/html/o...', Array)
#2 /var/www/html/outletcorner/trunk/wp-content/themes/outletcorner/vendor/illuminate/view/View.php(120): Illuminate\View\View->getContents()
#3 /var/www/html/outletcorner/trunk/wp-content/themes/outletcorner/vendor/illuminate/view/View.php(85): Illuminate\View\View->renderContents()
#4 /var/www/html/outletcorner/trunk/wp-content/themes/outletcorner/vendor/roots/sage-lib/Template/Blade.php(58): Illuminat

2018-03-13T21:13:08+00:00 CRITICAL Uncaught Symfony\Component\Debug\Exception\FatalThrowableError: Parse error: syntax error, unexpected 'echo' (T_ECHO) in /var/www/html/outletcorner/trunk/wp-content/uploads/cache/5fc58dcdb66272ec7464f6dfe6007d442d3bcafd.php:231
Stack trace:
#0 /var/www/html/outletcorner/trunk/wp-content/themes/outletcorner/vendor/illuminate/view/Engines/CompilerEngine.php(59): Illuminate\View\Engines\PhpEngine->evaluatePath('/var/www/html/o...', Array)
#1 /var/www/html/outletcorner/trunk/wp-content/themes/outletcorner/vendor/illuminate/view/View.php(137): Illuminate\View\Engines\CompilerEngine->get('/var/www/html/o...', Array)
#2 /var/www/html/outletcorner/trunk/wp-content/themes/outletcorner/vendor/illuminate/view/View.php(120): Illuminate\View\View->getContents()
#3 /var/www/html/outletcorner/trunk/wp-content/themes/outletcorner/vendor/illuminate/view/View.php(85): Illuminate\View\View->renderContents()
#4 /var/www/html/outletcorner/trunk/wp-content/themes/outletcorner/vendor/roots/sage-lib/Template/Blade.php(58): Illuminat

2018-03-13T21:15:46+00:00 CRITICAL Uncaught Symfony\Component\Debug\Exception\FatalThrowableError: Parse error: syntax error, unexpected ';', expecting ',' or ')' in /var/www/html/outletcorner/trunk/wp-content/uploads/cache/5fc58dcdb66272ec7464f6dfe6007d442d3bcafd.php:235
Stack trace:
#0 /var/www/html/outletcorner/trunk/wp-content/themes/outletcorner/vendor/illuminate/view/Engines/CompilerEngine.php(59): Illuminate\View\Engines\PhpEngine->evaluatePath('/var/www/html/o...', Array)
#1 /var/www/html/outletcorner/trunk/wp-content/themes/outletcorner/vendor/illuminate/view/View.php(137): Illuminate\View\Engines\CompilerEngine->get('/var/www/html/o...', Array)
#2 /var/www/html/outletcorner/trunk/wp-content/themes/outletcorner/vendor/illuminate/view/View.php(120): Illuminate\View\View->getContents()
#3 /var/www/html/outletcorner/trunk/wp-content/themes/outletcorner/vendor/illuminate/view/View.php(85): Illuminate\View\View->renderContents()
#4 /var/www/html/outletcorner/trunk/wp-content/themes/outletcorner/vendor/roots/sage-lib/Template/Blade.php(58):

2018-03-13T21:15:48+00:00 CRITICAL Uncaught Symfony\Component\Debug\Exception\FatalThrowableError: Parse error: syntax error, unexpected ';', expecting ',' or ')' in /var/www/html/outletcorner/trunk/wp-content/uploads/cache/5fc58dcdb66272ec7464f6dfe6007d442d3bcafd.php:235
Stack trace:
#0 /var/www/html/outletcorner/trunk/wp-content/themes/outletcorner/vendor/illuminate/view/Engines/CompilerEngine.php(59): Illuminate\View\Engines\PhpEngine->evaluatePath('/var/www/html/o...', Array)
#1 /var/www/html/outletcorner/trunk/wp-content/themes/outletcorner/vendor/illuminate/view/View.php(137): Illuminate\View\Engines\CompilerEngine->get('/var/www/html/o...', Array)
#2 /var/www/html/outletcorner/trunk/wp-content/themes/outletcorner/vendor/illuminate/view/View.php(120): Illuminate\View\View->getContents()
#3 /var/www/html/outletcorner/trunk/wp-content/themes/outletcorner/vendor/illuminate/view/View.php(85): Illuminate\View\View->renderContents()
#4 /var/www/html/outletcorner/trunk/wp-content/themes/outletcorner/vendor/roots/sage-lib/Template/Blade.php(58):

2018-03-14T23:17:35+00:00 CRITICAL Uncaught Symfony\Component\Debug\Exception\FatalThrowableError: Call to undefined function do_shorcode() in /var/www/html/outletcorner/trunk/wp-content/uploads/cache/cf5f09e31bc31a89bfdcfb18d89d125e04789688.php:10
Stack trace:
#0 /var/www/html/outletcorner/trunk/wp-content/themes/outletcorner/vendor/illuminate/view/Engines/PhpEngine.php(42): include()
#1 /var/www/html/outletcorner/trunk/wp-content/themes/outletcorner/vendor/illuminate/view/Engines/CompilerEngine.php(59): Illuminate\View\Engines\PhpEngine->evaluatePath('/var/www/html/o...', Array)
#2 /var/www/html/outletcorner/trunk/wp-content/themes/outletcorner/vendor/illuminate/view/View.php(137): Illuminate\View\Engines\CompilerEngine->get('/var/www/html/o...', Array)
#3 /var/www/html/outletcorner/trunk/wp-content/themes/outletcorner/vendor/illuminate/view/View.php(120): Illuminate\View\View->getContents()
#4 /var/www/html/outletcorner/trunk/wp-content/themes/outletcorner/vendor/illuminate/view/View.php(85): Illuminate\View\View->renderContents()
#5 /var/w

2018-03-14T23:17:38+00:00 CRITICAL Uncaught Symfony\Component\Debug\Exception\FatalThrowableError: Call to undefined function do_shorcode() in /var/www/html/outletcorner/trunk/wp-content/uploads/cache/cf5f09e31bc31a89bfdcfb18d89d125e04789688.php:10
Stack trace:
#0 /var/www/html/outletcorner/trunk/wp-content/themes/outletcorner/vendor/illuminate/view/Engines/PhpEngine.php(42): include()
#1 /var/www/html/outletcorner/trunk/wp-content/themes/outletcorner/vendor/illuminate/view/Engines/CompilerEngine.php(59): Illuminate\View\Engines\PhpEngine->evaluatePath('/var/www/html/o...', Array)
#2 /var/www/html/outletcorner/trunk/wp-content/themes/outletcorner/vendor/illuminate/view/View.php(137): Illuminate\View\Engines\CompilerEngine->get('/var/www/html/o...', Array)
#3 /var/www/html/outletcorner/trunk/wp-content/themes/outletcorner/vendor/illuminate/view/View.php(120): Illuminate\View\View->getContents()
#4 /var/www/html/outletcorner/trunk/wp-content/themes/outletcorner/vendor/illuminate/view/View.php(85): Illuminate\View\View->renderContents()
#5 /var/w

2018-03-15T19:42:31+00:00 CRITICAL Uncaught Error: Call to a member function get_rating_count() on boolean in /var/www/html/outletcorner/trunk/wp-content/themes/outletcorner/app/controllers/front-page.php:103
Stack trace:
#0 /var/www/html/outletcorner/trunk/wp-content/themes/outletcorner/vendor/soberwp/controller/src/Controller.php(105): App\FrontPage->productstarrating()
#1 /var/www/html/outletcorner/trunk/wp-content/themes/outletcorner/vendor/soberwp/controller/src/Controller.php(18): Sober\Controller\Controller->__runMethods()
#2 /var/www/html/outletcorner/trunk/wp-content/themes/outletcorner/vendor/soberwp/controller/controller.php(15): Sober\Controller\Controller->__setup()
#3 /var/www/html/outletcorner/trunk/wp-includes/class-wp-hook.php(288): Sober\Controller\{closure}(Array)
#4 /var/www/html/outletcorner/trunk/wp-includes/plugin.php(203): WP_Hook->apply_filters(Array, Array)
#5 /var/www/html/outletcorner/trunk/wp-content/themes/outletcorner/app/filters.php(51): apply_filters('sage/template/f...', Array, '/var/www/html/o...')
#6 [intern

2018-03-15T20:31:36+00:00 CRITICAL Uncaught Error: Call to a member function get_rating_count() on boolean in /var/www/html/outletcorner/trunk/wp-content/themes/outletcorner/app/controllers/single-product.php:152
Stack trace:
#0 /var/www/html/outletcorner/trunk/wp-content/themes/outletcorner/vendor/soberwp/controller/src/Controller.php(105): App\SingleProduct->productstarrating()
#1 /var/www/html/outletcorner/trunk/wp-content/themes/outletcorner/vendor/soberwp/controller/src/Controller.php(18): Sober\Controller\Controller->__runMethods()
#2 /var/www/html/outletcorner/trunk/wp-content/themes/outletcorner/vendor/soberwp/controller/controller.php(15): Sober\Controller\Controller->__setup()
#3 /var/www/html/outletcorner/trunk/wp-includes/class-wp-hook.php(288): Sober\Controller\{closure}(Array)
#4 /var/www/html/outletcorner/trunk/wp-includes/plugin.php(203): WP_Hook->apply_filters(Array, Array)
#5 /var/www/html/outletcorner/trunk/wp-content/themes/outletcorner/app/filters.php(51): apply_filters('sage/template/s...', Array, '/var/www/html/o...')
#6

2018-03-15T21:16:35+00:00 CRITICAL Uncaught Error: Call to a member function get_rating_count() on boolean in /var/www/html/outletcorner/trunk/wp-content/themes/outletcorner/app/controllers/single-product.php:152
Stack trace:
#0 /var/www/html/outletcorner/trunk/wp-content/themes/outletcorner/vendor/soberwp/controller/src/Controller.php(105): App\SingleProduct->productstarrating()
#1 /var/www/html/outletcorner/trunk/wp-content/themes/outletcorner/vendor/soberwp/controller/src/Controller.php(18): Sober\Controller\Controller->__runMethods()
#2 /var/www/html/outletcorner/trunk/wp-content/themes/outletcorner/vendor/soberwp/controller/controller.php(15): Sober\Controller\Controller->__setup()
#3 /var/www/html/outletcorner/trunk/wp-includes/class-wp-hook.php(288): Sober\Controller\{closure}(Array)
#4 /var/www/html/outletcorner/trunk/wp-includes/plugin.php(203): WP_Hook->apply_filters(Array, Array)
#5 /var/www/html/outletcorner/trunk/wp-content/themes/outletcorner/app/filters.php(51): apply_filters('sage/template/s...', Array, '/var/www/html/o...')
#6

2018-03-15T21:16:40+00:00 CRITICAL Uncaught Error: Call to a member function get_rating_count() on boolean in /var/www/html/outletcorner/trunk/wp-content/themes/outletcorner/app/controllers/single-product.php:152
Stack trace:
#0 /var/www/html/outletcorner/trunk/wp-content/themes/outletcorner/vendor/soberwp/controller/src/Controller.php(105): App\SingleProduct->productstarrating()
#1 /var/www/html/outletcorner/trunk/wp-content/themes/outletcorner/vendor/soberwp/controller/src/Controller.php(18): Sober\Controller\Controller->__runMethods()
#2 /var/www/html/outletcorner/trunk/wp-content/themes/outletcorner/vendor/soberwp/controller/controller.php(15): Sober\Controller\Controller->__setup()
#3 /var/www/html/outletcorner/trunk/wp-includes/class-wp-hook.php(288): Sober\Controller\{closure}(Array)
#4 /var/www/html/outletcorner/trunk/wp-includes/plugin.php(203): WP_Hook->apply_filters(Array, Array)
#5 /var/www/html/outletcorner/trunk/wp-content/themes/outletcorner/app/filters.php(51): apply_filters('sage/template/s...', Array, '/var/www/html/o...')
#6

2018-03-15T21:17:20+00:00 CRITICAL Uncaught Error: Call to a member function get_rating_count() on boolean in /var/www/html/outletcorner/trunk/wp-content/themes/outletcorner/app/controllers/single-product.php:152
Stack trace:
#0 /var/www/html/outletcorner/trunk/wp-content/themes/outletcorner/vendor/soberwp/controller/src/Controller.php(105): App\SingleProduct->productstarrating()
#1 /var/www/html/outletcorner/trunk/wp-content/themes/outletcorner/vendor/soberwp/controller/src/Controller.php(18): Sober\Controller\Controller->__runMethods()
#2 /var/www/html/outletcorner/trunk/wp-content/themes/outletcorner/vendor/soberwp/controller/controller.php(15): Sober\Controller\Controller->__setup()
#3 /var/www/html/outletcorner/trunk/wp-includes/class-wp-hook.php(288): Sober\Controller\{closure}(Array)
#4 /var/www/html/outletcorner/trunk/wp-includes/plugin.php(203): WP_Hook->apply_filters(Array, Array)
#5 /var/www/html/outletcorner/trunk/wp-content/themes/outletcorner/app/filters.php(51): apply_filters('sage/template/s...', Array, '/var/www/html/o...')
#6

2018-03-15T21:17:23+00:00 CRITICAL Uncaught Error: Call to a member function get_rating_count() on boolean in /var/www/html/outletcorner/trunk/wp-content/themes/outletcorner/app/controllers/single-product.php:152
Stack trace:
#0 /var/www/html/outletcorner/trunk/wp-content/themes/outletcorner/vendor/soberwp/controller/src/Controller.php(105): App\SingleProduct->productstarrating()
#1 /var/www/html/outletcorner/trunk/wp-content/themes/outletcorner/vendor/soberwp/controller/src/Controller.php(18): Sober\Controller\Controller->__runMethods()
#2 /var/www/html/outletcorner/trunk/wp-content/themes/outletcorner/vendor/soberwp/controller/controller.php(15): Sober\Controller\Controller->__setup()
#3 /var/www/html/outletcorner/trunk/wp-includes/class-wp-hook.php(288): Sober\Controller\{closure}(Array)
#4 /var/www/html/outletcorner/trunk/wp-includes/plugin.php(203): WP_Hook->apply_filters(Array, Array)
#5 /var/www/html/outletcorner/trunk/wp-content/themes/outletcorner/app/filters.php(51): apply_filters('sage/template/s...', Array, '/var/www/html/o...')
#6

2018-03-15T21:17:25+00:00 CRITICAL Uncaught Error: Call to a member function get_rating_count() on boolean in /var/www/html/outletcorner/trunk/wp-content/themes/outletcorner/app/controllers/single-product.php:152
Stack trace:
#0 /var/www/html/outletcorner/trunk/wp-content/themes/outletcorner/vendor/soberwp/controller/src/Controller.php(105): App\SingleProduct->productstarrating()
#1 /var/www/html/outletcorner/trunk/wp-content/themes/outletcorner/vendor/soberwp/controller/src/Controller.php(18): Sober\Controller\Controller->__runMethods()
#2 /var/www/html/outletcorner/trunk/wp-content/themes/outletcorner/vendor/soberwp/controller/controller.php(15): Sober\Controller\Controller->__setup()
#3 /var/www/html/outletcorner/trunk/wp-includes/class-wp-hook.php(288): Sober\Controller\{closure}(Array)
#4 /var/www/html/outletcorner/trunk/wp-includes/plugin.php(203): WP_Hook->apply_filters(Array, Array)
#5 /var/www/html/outletcorner/trunk/wp-content/themes/outletcorner/app/filters.php(51): apply_filters('sage/template/s...', Array, '/var/www/html/o...')
#6

2018-03-15T21:18:12+00:00 CRITICAL Uncaught Error: Call to a member function get_rating_count() on boolean in /var/www/html/outletcorner/trunk/wp-content/themes/outletcorner/app/controllers/single-product.php:152
Stack trace:
#0 /var/www/html/outletcorner/trunk/wp-content/themes/outletcorner/vendor/soberwp/controller/src/Controller.php(105): App\SingleProduct->productstarrating()
#1 /var/www/html/outletcorner/trunk/wp-content/themes/outletcorner/vendor/soberwp/controller/src/Controller.php(18): Sober\Controller\Controller->__runMethods()
#2 /var/www/html/outletcorner/trunk/wp-content/themes/outletcorner/vendor/soberwp/controller/controller.php(15): Sober\Controller\Controller->__setup()
#3 /var/www/html/outletcorner/trunk/wp-includes/class-wp-hook.php(288): Sober\Controller\{closure}(Array)
#4 /var/www/html/outletcorner/trunk/wp-includes/plugin.php(203): WP_Hook->apply_filters(Array, Array)
#5 /var/www/html/outletcorner/trunk/wp-content/themes/outletcorner/app/filters.php(51): apply_filters('sage/template/s...', Array, '/var/www/html/o...')
#6

2018-03-15T21:18:15+00:00 CRITICAL Uncaught Error: Call to a member function get_rating_count() on boolean in /var/www/html/outletcorner/trunk/wp-content/themes/outletcorner/app/controllers/single-product.php:152
Stack trace:
#0 /var/www/html/outletcorner/trunk/wp-content/themes/outletcorner/vendor/soberwp/controller/src/Controller.php(105): App\SingleProduct->productstarrating()
#1 /var/www/html/outletcorner/trunk/wp-content/themes/outletcorner/vendor/soberwp/controller/src/Controller.php(18): Sober\Controller\Controller->__runMethods()
#2 /var/www/html/outletcorner/trunk/wp-content/themes/outletcorner/vendor/soberwp/controller/controller.php(15): Sober\Controller\Controller->__setup()
#3 /var/www/html/outletcorner/trunk/wp-includes/class-wp-hook.php(288): Sober\Controller\{closure}(Array)
#4 /var/www/html/outletcorner/trunk/wp-includes/plugin.php(203): WP_Hook->apply_filters(Array, Array)
#5 /var/www/html/outletcorner/trunk/wp-content/themes/outletcorner/app/filters.php(51): apply_filters('sage/template/s...', Array, '/var/www/html/o...')
#6

2018-03-15T21:18:20+00:00 CRITICAL Uncaught Error: Call to a member function get_rating_count() on boolean in /var/www/html/outletcorner/trunk/wp-content/themes/outletcorner/app/controllers/single-product.php:152
Stack trace:
#0 /var/www/html/outletcorner/trunk/wp-content/themes/outletcorner/vendor/soberwp/controller/src/Controller.php(105): App\SingleProduct->productstarrating()
#1 /var/www/html/outletcorner/trunk/wp-content/themes/outletcorner/vendor/soberwp/controller/src/Controller.php(18): Sober\Controller\Controller->__runMethods()
#2 /var/www/html/outletcorner/trunk/wp-content/themes/outletcorner/vendor/soberwp/controller/controller.php(15): Sober\Controller\Controller->__setup()
#3 /var/www/html/outletcorner/trunk/wp-includes/class-wp-hook.php(288): Sober\Controller\{closure}(Array)
#4 /var/www/html/outletcorner/trunk/wp-includes/plugin.php(203): WP_Hook->apply_filters(Array, Array)
#5 /var/www/html/outletcorner/trunk/wp-content/themes/outletcorner/app/filters.php(51): apply_filters('sage/template/s...', Array, '/var/www/html/o...')
#6

2018-03-15T21:20:49+00:00 CRITICAL Uncaught Error: Call to a member function get_rating_count() on boolean in /var/www/html/outletcorner/trunk/wp-content/themes/outletcorner/app/controllers/single-product.php:152
Stack trace:
#0 /var/www/html/outletcorner/trunk/wp-content/themes/outletcorner/vendor/soberwp/controller/src/Controller.php(105): App\SingleProduct->productstarrating()
#1 /var/www/html/outletcorner/trunk/wp-content/themes/outletcorner/vendor/soberwp/controller/src/Controller.php(18): Sober\Controller\Controller->__runMethods()
#2 /var/www/html/outletcorner/trunk/wp-content/themes/outletcorner/vendor/soberwp/controller/controller.php(15): Sober\Controller\Controller->__setup()
#3 /var/www/html/outletcorner/trunk/wp-includes/class-wp-hook.php(288): Sober\Controller\{closure}(Array)
#4 /var/www/html/outletcorner/trunk/wp-includes/plugin.php(203): WP_Hook->apply_filters(Array, Array)
#5 /var/www/html/outletcorner/trunk/wp-content/themes/outletcorner/app/filters.php(51): apply_filters('sage/template/s...', Array, '/var/www/html/o...')
#6

